This is pdfTeX, Version 3.1415926-2.5-1.40.14 (TeX Live 2013/Debian) (format=pdflatex 2014.12.12)  10 AUG 2016 10:07
entering extended mode
 restricted \write18 enabled.
 %&-line parsing enabled.
**refman
(./refman.tex
LaTeX2e <2011/06/27>
Babel <3.9h> and hyphenation patterns for 11 languages loaded.
(/usr/share/texlive/texmf-dist/tex/latex/base/book.cls
Document Class: book 2007/10/19 v1.4h Standard LaTeX document class
(/usr/share/texlive/texmf-dist/tex/latex/base/bk10.clo
File: bk10.clo 2007/10/19 v1.4h Standard LaTeX file (size option)
)
\c@part=\count79
\c@chapter=\count80
\c@section=\count81
\c@subsection=\count82
\c@subsubsection=\count83
\c@paragraph=\count84
\c@subparagraph=\count85
\c@figure=\count86
\c@table=\count87
\abovecaptionskip=\skip41
\belowcaptionskip=\skip42
\bibindent=\dimen102
)
(/usr/share/texlive/texmf-dist/tex/latex/base/fixltx2e.sty
Package: fixltx2e 2006/09/13 v1.1m fixes to LaTeX
LaTeX Info: Redefining \em on input line 420.
)
(/usr/share/texlive/texmf-dist/tex/latex/tools/calc.sty
Package: calc 2007/08/22 v4.3 Infix arithmetic (KKT,FJ)
\calc@Acount=\count88
\calc@Bcount=\count89
\calc@Adimen=\dimen103
\calc@Bdimen=\dimen104
\calc@Askip=\skip43
\calc@Bskip=\skip44
LaTeX Info: Redefining \setlength on input line 76.
LaTeX Info: Redefining \addtolength on input line 77.
\calc@Ccount=\count90
\calc@Cskip=\skip45
) (./doxygen.sty
Package: doxygen 

(/usr/share/texlive/texmf-dist/tex/latex/base/alltt.sty
Package: alltt 1997/06/16 v2.0g defines alltt environment
)
(/usr/share/texlive/texmf-dist/tex/latex/tools/array.sty
Package: array 2008/09/09 v2.4c Tabular extension package (FMi)
\col@sep=\dimen105
\extrarowheight=\dimen106
\NC@list=\toks14
\extratabsurround=\skip46
\backup@length=\skip47
)
(/usr/share/texlive/texmf-dist/tex/latex/float/float.sty
Package: float 2001/11/08 v1.3d Float enhancements (AL)
\c@float@type=\count91
\float@exts=\toks15
\float@box=\box26
\@float@everytoks=\toks16
\@floatcapt=\box27
)
(/usr/share/texlive/texmf-dist/tex/latex/base/ifthen.sty
Package: ifthen 2001/05/26 v1.1c Standard LaTeX ifthen package (DPC)
)
(/usr/share/texlive/texmf-dist/tex/latex/tools/verbatim.sty
Package: verbatim 2003/08/22 v1.5q LaTeX2e package for verbatim enhancements
\every@verbatim=\toks17
\verbatim@line=\toks18
\verbatim@in@stream=\read1
)
(/usr/share/texmf/tex/latex/xcolor/xcolor.sty
Package: xcolor 2007/01/21 v2.11 LaTeX color extensions (UK)

(/usr/share/texlive/texmf-dist/tex/latex/latexconfig/color.cfg
File: color.cfg 2007/01/18 v1.5 color configuration of teTeX/TeXLive
)
Package xcolor Info: Driver file: pdftex.def on input line 225.

(/usr/share/texlive/texmf-dist/tex/latex/pdftex-def/pdftex.def
File: pdftex.def 2011/05/27 v0.06d Graphics/color for pdfTeX

(/usr/share/texlive/texmf-dist/tex/generic/oberdiek/infwarerr.sty
Package: infwarerr 2010/04/08 v1.3 Providing info/warning/error messages (HO)
)
(/usr/share/texlive/texmf-dist/tex/generic/oberdiek/ltxcmds.sty
Package: ltxcmds 2011/11/09 v1.22 LaTeX kernel commands for general use (HO)
)
\Gread@gobject=\count92
)
(/usr/share/texlive/texmf-dist/tex/latex/colortbl/colortbl.sty
Package: colortbl 2012/02/13 v1.0a Color table columns (DPC)
\everycr=\toks19
\minrowclearance=\skip48
)
\rownum=\count93
Package xcolor Info: Model `cmy' substituted by `cmy0' on input line 1337.
Package xcolor Info: Model `hsb' substituted by `rgb' on input line 1341.
Package xcolor Info: Model `RGB' extended on input line 1353.
Package xcolor Info: Model `HTML' substituted by `rgb' on input line 1355.
Package xcolor Info: Model `Hsb' substituted by `hsb' on input line 1356.
Package xcolor Info: Model `tHsb' substituted by `hsb' on input line 1357.
Package xcolor Info: Model `HSB' substituted by `hsb' on input line 1358.
Package xcolor Info: Model `Gray' substituted by `gray' on input line 1359.
Package xcolor Info: Model `wave' substituted by `hsb' on input line 1360.
)
(/usr/share/texlive/texmf-dist/tex/latex/xtab/xtab.sty
Package: xtab 2011/07/31 v2.3f Extended supertabular package
\c@tracingst=\count94
\PWSTcapht=\dimen107
\ST@wd=\dimen108
\ST@rightskip=\skip49
\ST@leftskip=\skip50
\ST@parfillskip=\skip51
\c@PWSTtable=\count95
\PWSTlastpage=\count96
\PWSTpenultimate=\count97
\PWSTcurpage=\count98
\PWSTtempc=\count99
\PWSTlines=\count100
\PWST@lastht=\dimen109
\PWST@generalht=\dimen110
\PWST@ht=\dimen111
\ST@pageleft=\dimen112
\ST@headht=\dimen113
\ST@tailht=\dimen114
\ST@pagesofar=\dimen115
\ST@pboxht=\dimen116
\ST@lineht=\dimen117
\ST@stretchht=\dimen118
\ST@prevht=\dimen119
\ST@toadd=\dimen120
\ST@dimen=\dimen121
\ST@pbox=\box28
)
\xrefbox=\box29
\xreflength=\skip52
\tmplength=\skip53
)
(/usr/share/texlive/texmf-dist/tex/latex/adjustbox/adjustbox.sty
Package: adjustbox 2012/05/21 v1.0 Adjusting TeX boxes (trim, clip, ...)

(/usr/share/texlive/texmf-dist/tex/latex/xkeyval/xkeyval.sty
Package: xkeyval 2012/10/14 v2.6b package option processing (HA)

(/usr/share/texlive/texmf-dist/tex/generic/xkeyval/xkeyval.tex
\XKV@toks=\toks20
\XKV@tempa@toks=\toks21
\XKV@depth=\count101
File: xkeyval.tex 2012/10/14 v2.6b key=value parser (HA)

(/usr/share/texlive/texmf-dist/tex/generic/xkeyval/keyval.tex)))
(/usr/share/texlive/texmf-dist/tex/latex/adjustbox/adjcalc.sty
Package: adjcalc 2012/05/16 v1.1 Provides advanced setlength with multiple back
-ends (calc, etex, pgfmath)
)
(/usr/share/texlive/texmf-dist/tex/latex/adjustbox/trimclip.sty
Package: trimclip 2012/05/16 v1.0 Trim and clip general TeX material

(/usr/share/texlive/texmf-dist/tex/latex/graphics/graphicx.sty
Package: graphicx 1999/02/16 v1.0f Enhanced LaTeX Graphics (DPC,SPQR)

(/usr/share/texlive/texmf-dist/tex/latex/graphics/graphics.sty
Package: graphics 2009/02/05 v1.0o Standard LaTeX Graphics (DPC,SPQR)

(/usr/share/texlive/texmf-dist/tex/latex/graphics/trig.sty
Package: trig 1999/03/16 v1.09 sin cos tan (DPC)
)
(/usr/share/texlive/texmf-dist/tex/latex/latexconfig/graphics.cfg
File: graphics.cfg 2010/04/23 v1.9 graphics configuration of TeX Live
)
Package graphics Info: Driver file: pdftex.def on input line 91.
)
\Gin@req@height=\dimen122
\Gin@req@width=\dimen123
)
(/usr/share/texlive/texmf-dist/tex/latex/collectbox/collectbox.sty
Package: collectbox 2012/05/17 v0.4b Collect macro arguments as boxes
\collectedbox=\box30
)
\tc@llx=\dimen124
\tc@lly=\dimen125
\tc@urx=\dimen126
\tc@ury=\dimen127
Package trimclip Info: Using driver 'tc-pdftex.def'.

(/usr/share/texlive/texmf-dist/tex/latex/adjustbox/tc-pdftex.def
File: tc-pdftex.def 2012/05/13 v1.0 Clipping driver for pdftex
))
\adjbox@Width=\dimen128
\adjbox@Height=\dimen129
\adjbox@Depth=\dimen130
\adjbox@Totalheight=\dimen131

(/usr/share/texlive/texmf-dist/tex/latex/ifoddpage/ifoddpage.sty
Package: ifoddpage 2011/09/13 v1.0 Conditionals for odd/even page detection
\c@checkoddpage=\count102
)
(/usr/share/texlive/texmf-dist/tex/latex/varwidth/varwidth.sty
Package: varwidth 2009/03/30 ver 0.92;  Variable-width minipages
\@vwid@box=\box31
\sift@deathcycles=\count103
\@vwid@loff=\dimen132
\@vwid@roff=\dimen133
))
(/usr/share/texlive/texmf-dist/tex/latex/base/inputenc.sty
Package: inputenc 2008/03/30 v1.1d Input encoding file
\inpenc@prehook=\toks22
\inpenc@posthook=\toks23

(/usr/share/texlive/texmf-dist/tex/latex/base/utf8.def
File: utf8.def 2008/04/05 v1.1m UTF-8 support for inputenc
Now handling font encoding OML ...
... no UTF-8 mapping file for font encoding OML
Now handling font encoding T1 ...
... processing UTF-8 mapping file for font encoding T1

(/usr/share/texlive/texmf-dist/tex/latex/base/t1enc.dfu
File: t1enc.dfu 2008/04/05 v1.1m UTF-8 support for inputenc
   defining Unicode char U+00A1 (decimal 161)
   defining Unicode char U+00A3 (decimal 163)
   defining Unicode char U+00AB (decimal 171)
   defining Unicode char U+00BB (decimal 187)
   defining Unicode char U+00BF (decimal 191)
   defining Unicode char U+00C0 (decimal 192)
   defining Unicode char U+00C1 (decimal 193)
   defining Unicode char U+00C2 (decimal 194)
   defining Unicode char U+00C3 (decimal 195)
   defining Unicode char U+00C4 (decimal 196)
   defining Unicode char U+00C5 (decimal 197)
   defining Unicode char U+00C6 (decimal 198)
   defining Unicode char U+00C7 (decimal 199)
   defining Unicode char U+00C8 (decimal 200)
   defining Unicode char U+00C9 (decimal 201)
   defining Unicode char U+00CA (decimal 202)
   defining Unicode char U+00CB (decimal 203)
   defining Unicode char U+00CC (decimal 204)
   defining Unicode char U+00CD (decimal 205)
   defining Unicode char U+00CE (decimal 206)
   defining Unicode char U+00CF (decimal 207)
   defining Unicode char U+00D0 (decimal 208)
   defining Unicode char U+00D1 (decimal 209)
   defining Unicode char U+00D2 (decimal 210)
   defining Unicode char U+00D3 (decimal 211)
   defining Unicode char U+00D4 (decimal 212)
   defining Unicode char U+00D5 (decimal 213)
   defining Unicode char U+00D6 (decimal 214)
   defining Unicode char U+00D8 (decimal 216)
   defining Unicode char U+00D9 (decimal 217)
   defining Unicode char U+00DA (decimal 218)
   defining Unicode char U+00DB (decimal 219)
   defining Unicode char U+00DC (decimal 220)
   defining Unicode char U+00DD (decimal 221)
   defining Unicode char U+00DE (decimal 222)
   defining Unicode char U+00DF (decimal 223)
   defining Unicode char U+00E0 (decimal 224)
   defining Unicode char U+00E1 (decimal 225)
   defining Unicode char U+00E2 (decimal 226)
   defining Unicode char U+00E3 (decimal 227)
   defining Unicode char U+00E4 (decimal 228)
   defining Unicode char U+00E5 (decimal 229)
   defining Unicode char U+00E6 (decimal 230)
   defining Unicode char U+00E7 (decimal 231)
   defining Unicode char U+00E8 (decimal 232)
   defining Unicode char U+00E9 (decimal 233)
   defining Unicode char U+00EA (decimal 234)
   defining Unicode char U+00EB (decimal 235)
   defining Unicode char U+00EC (decimal 236)
   defining Unicode char U+00ED (decimal 237)
   defining Unicode char U+00EE (decimal 238)
   defining Unicode char U+00EF (decimal 239)
   defining Unicode char U+00F0 (decimal 240)
   defining Unicode char U+00F1 (decimal 241)
   defining Unicode char U+00F2 (decimal 242)
   defining Unicode char U+00F3 (decimal 243)
   defining Unicode char U+00F4 (decimal 244)
   defining Unicode char U+00F5 (decimal 245)
   defining Unicode char U+00F6 (decimal 246)
   defining Unicode char U+00F8 (decimal 248)
   defining Unicode char U+00F9 (decimal 249)
   defining Unicode char U+00FA (decimal 250)
   defining Unicode char U+00FB (decimal 251)
   defining Unicode char U+00FC (decimal 252)
   defining Unicode char U+00FD (decimal 253)
   defining Unicode char U+00FE (decimal 254)
   defining Unicode char U+00FF (decimal 255)
   defining Unicode char U+0102 (decimal 258)
   defining Unicode char U+0103 (decimal 259)
   defining Unicode char U+0104 (decimal 260)
   defining Unicode char U+0105 (decimal 261)
   defining Unicode char U+0106 (decimal 262)
   defining Unicode char U+0107 (decimal 263)
   defining Unicode char U+010C (decimal 268)
   defining Unicode char U+010D (decimal 269)
   defining Unicode char U+010E (decimal 270)
   defining Unicode char U+010F (decimal 271)
   defining Unicode char U+0110 (decimal 272)
   defining Unicode char U+0111 (decimal 273)
   defining Unicode char U+0118 (decimal 280)
   defining Unicode char U+0119 (decimal 281)
   defining Unicode char U+011A (decimal 282)
   defining Unicode char U+011B (decimal 283)
   defining Unicode char U+011E (decimal 286)
   defining Unicode char U+011F (decimal 287)
   defining Unicode char U+0130 (decimal 304)
   defining Unicode char U+0131 (decimal 305)
   defining Unicode char U+0132 (decimal 306)
   defining Unicode char U+0133 (decimal 307)
   defining Unicode char U+0139 (decimal 313)
   defining Unicode char U+013A (decimal 314)
   defining Unicode char U+013D (decimal 317)
   defining Unicode char U+013E (decimal 318)
   defining Unicode char U+0141 (decimal 321)
   defining Unicode char U+0142 (decimal 322)
   defining Unicode char U+0143 (decimal 323)
   defining Unicode char U+0144 (decimal 324)
   defining Unicode char U+0147 (decimal 327)
   defining Unicode char U+0148 (decimal 328)
   defining Unicode char U+014A (decimal 330)
   defining Unicode char U+014B (decimal 331)
   defining Unicode char U+0150 (decimal 336)
   defining Unicode char U+0151 (decimal 337)
   defining Unicode char U+0152 (decimal 338)
   defining Unicode char U+0153 (decimal 339)
   defining Unicode char U+0154 (decimal 340)
   defining Unicode char U+0155 (decimal 341)
   defining Unicode char U+0158 (decimal 344)
   defining Unicode char U+0159 (decimal 345)
   defining Unicode char U+015A (decimal 346)
   defining Unicode char U+015B (decimal 347)
   defining Unicode char U+015E (decimal 350)
   defining Unicode char U+015F (decimal 351)
   defining Unicode char U+0160 (decimal 352)
   defining Unicode char U+0161 (decimal 353)
   defining Unicode char U+0162 (decimal 354)
   defining Unicode char U+0163 (decimal 355)
   defining Unicode char U+0164 (decimal 356)
   defining Unicode char U+0165 (decimal 357)
   defining Unicode char U+016E (decimal 366)
   defining Unicode char U+016F (decimal 367)
   defining Unicode char U+0170 (decimal 368)
   defining Unicode char U+0171 (decimal 369)
   defining Unicode char U+0178 (decimal 376)
   defining Unicode char U+0179 (decimal 377)
   defining Unicode char U+017A (decimal 378)
   defining Unicode char U+017B (decimal 379)
   defining Unicode char U+017C (decimal 380)
   defining Unicode char U+017D (decimal 381)
   defining Unicode char U+017E (decimal 382)
   defining Unicode char U+200C (decimal 8204)
   defining Unicode char U+2013 (decimal 8211)
   defining Unicode char U+2014 (decimal 8212)
   defining Unicode char U+2018 (decimal 8216)
   defining Unicode char U+2019 (decimal 8217)
   defining Unicode char U+201A (decimal 8218)
   defining Unicode char U+201C (decimal 8220)
   defining Unicode char U+201D (decimal 8221)
   defining Unicode char U+201E (decimal 8222)
   defining Unicode char U+2030 (decimal 8240)
   defining Unicode char U+2031 (decimal 8241)
   defining Unicode char U+2039 (decimal 8249)
   defining Unicode char U+203A (decimal 8250)
   defining Unicode char U+2423 (decimal 9251)
)
Now handling font encoding OT1 ...
... processing UTF-8 mapping file for font encoding OT1

(/usr/share/texlive/texmf-dist/tex/latex/base/ot1enc.dfu
File: ot1enc.dfu 2008/04/05 v1.1m UTF-8 support for inputenc
   defining Unicode char U+00A1 (decimal 161)
   defining Unicode char U+00A3 (decimal 163)
   defining Unicode char U+00B8 (decimal 184)
   defining Unicode char U+00BF (decimal 191)
   defining Unicode char U+00C5 (decimal 197)
   defining Unicode char U+00C6 (decimal 198)
   defining Unicode char U+00D8 (decimal 216)
   defining Unicode char U+00DF (decimal 223)
   defining Unicode char U+00E6 (decimal 230)
   defining Unicode char U+00EC (decimal 236)
   defining Unicode char U+00ED (decimal 237)
   defining Unicode char U+00EE (decimal 238)
   defining Unicode char U+00EF (decimal 239)
   defining Unicode char U+00F8 (decimal 248)
   defining Unicode char U+0131 (decimal 305)
   defining Unicode char U+0141 (decimal 321)
   defining Unicode char U+0142 (decimal 322)
   defining Unicode char U+0152 (decimal 338)
   defining Unicode char U+0153 (decimal 339)
   defining Unicode char U+2013 (decimal 8211)
   defining Unicode char U+2014 (decimal 8212)
   defining Unicode char U+2018 (decimal 8216)
   defining Unicode char U+2019 (decimal 8217)
   defining Unicode char U+201C (decimal 8220)
   defining Unicode char U+201D (decimal 8221)
)
Now handling font encoding OMS ...
... processing UTF-8 mapping file for font encoding OMS

(/usr/share/texlive/texmf-dist/tex/latex/base/omsenc.dfu
File: omsenc.dfu 2008/04/05 v1.1m UTF-8 support for inputenc
   defining Unicode char U+00A7 (decimal 167)
   defining Unicode char U+00B6 (decimal 182)
   defining Unicode char U+00B7 (decimal 183)
   defining Unicode char U+2020 (decimal 8224)
   defining Unicode char U+2021 (decimal 8225)
   defining Unicode char U+2022 (decimal 8226)
)
Now handling font encoding OMX ...
... no UTF-8 mapping file for font encoding OMX
Now handling font encoding U ...
... no UTF-8 mapping file for font encoding U
   defining Unicode char U+00A9 (decimal 169)
   defining Unicode char U+00AA (decimal 170)
   defining Unicode char U+00AE (decimal 174)
   defining Unicode char U+00BA (decimal 186)
   defining Unicode char U+02C6 (decimal 710)
   defining Unicode char U+02DC (decimal 732)
   defining Unicode char U+200C (decimal 8204)
   defining Unicode char U+2026 (decimal 8230)
   defining Unicode char U+2122 (decimal 8482)
   defining Unicode char U+2423 (decimal 9251)
))
(/usr/share/texlive/texmf-dist/tex/latex/base/makeidx.sty
Package: makeidx 2000/03/29 v1.0m Standard LaTeX package
)
(/usr/share/texlive/texmf-dist/tex/latex/tools/multicol.sty
Package: multicol 2011/06/27 v1.7a multicolumn formatting (FMi)
\c@tracingmulticols=\count104
\mult@box=\box32
\multicol@leftmargin=\dimen134
\c@unbalance=\count105
\c@collectmore=\count106
\doublecol@number=\count107
\multicoltolerance=\count108
\multicolpretolerance=\count109
\full@width=\dimen135
\page@free=\dimen136
\premulticols=\dimen137
\postmulticols=\dimen138
\multicolsep=\skip54
\multicolbaselineskip=\skip55
\partial@page=\box33
\last@line=\box34
\mult@rightbox=\box35
\mult@grightbox=\box36
\mult@gfirstbox=\box37
\mult@firstbox=\box38
\@tempa=\box39
\@tempa=\box40
\@tempa=\box41
\@tempa=\box42
\@tempa=\box43
\@tempa=\box44
\@tempa=\box45
\@tempa=\box46
\@tempa=\box47
\@tempa=\box48
\@tempa=\box49
\@tempa=\box50
\@tempa=\box51
\@tempa=\box52
\@tempa=\box53
\@tempa=\box54
\@tempa=\box55
\c@columnbadness=\count110
\c@finalcolumnbadness=\count111
\last@try=\dimen139
\multicolovershoot=\dimen140
\multicolundershoot=\dimen141
\mult@nat@firstbox=\box56
\colbreak@box=\box57
\multicol@sort@counter=\count112
)
(/usr/share/texlive/texmf-dist/tex/latex/multirow/multirow.sty
\bigstrutjot=\dimen142
)
(/usr/share/texlive/texmf-dist/tex/latex/base/textcomp.sty
Package: textcomp 2005/09/27 v1.99g Standard LaTeX package
Package textcomp Info: Sub-encoding information:
(textcomp)               5 = only ISO-Adobe without \textcurrency
(textcomp)               4 = 5 + \texteuro
(textcomp)               3 = 4 + \textohm
(textcomp)               2 = 3 + \textestimated + \textcurrency
(textcomp)               1 = TS1 - \textcircled - \t
(textcomp)               0 = TS1 (full)
(textcomp)             Font families with sub-encoding setting implement
(textcomp)             only a restricted character set as indicated.
(textcomp)             Family '?' is the default used for unknown fonts.
(textcomp)             See the documentation for details.
Package textcomp Info: Setting ? sub-encoding to TS1/1 on input line 71.

(/usr/share/texlive/texmf-dist/tex/latex/base/ts1enc.def
File: ts1enc.def 2001/06/05 v3.0e (jk/car/fm) Standard LaTeX file
Now handling font encoding TS1 ...
... processing UTF-8 mapping file for font encoding TS1

(/usr/share/texlive/texmf-dist/tex/latex/base/ts1enc.dfu
File: ts1enc.dfu 2008/04/05 v1.1m UTF-8 support for inputenc
   defining Unicode char U+00A2 (decimal 162)
   defining Unicode char U+00A3 (decimal 163)
   defining Unicode char U+00A4 (decimal 164)
   defining Unicode char U+00A5 (decimal 165)
   defining Unicode char U+00A6 (decimal 166)
   defining Unicode char U+00A7 (decimal 167)
   defining Unicode char U+00A8 (decimal 168)
   defining Unicode char U+00A9 (decimal 169)
   defining Unicode char U+00AA (decimal 170)
   defining Unicode char U+00AC (decimal 172)
   defining Unicode char U+00AE (decimal 174)
   defining Unicode char U+00AF (decimal 175)
   defining Unicode char U+00B0 (decimal 176)
   defining Unicode char U+00B1 (decimal 177)
   defining Unicode char U+00B2 (decimal 178)
   defining Unicode char U+00B3 (decimal 179)
   defining Unicode char U+00B4 (decimal 180)
   defining Unicode char U+00B5 (decimal 181)
   defining Unicode char U+00B6 (decimal 182)
   defining Unicode char U+00B7 (decimal 183)
   defining Unicode char U+00B9 (decimal 185)
   defining Unicode char U+00BA (decimal 186)
   defining Unicode char U+00BC (decimal 188)
   defining Unicode char U+00BD (decimal 189)
   defining Unicode char U+00BE (decimal 190)
   defining Unicode char U+00D7 (decimal 215)
   defining Unicode char U+00F7 (decimal 247)
   defining Unicode char U+0192 (decimal 402)
   defining Unicode char U+02C7 (decimal 711)
   defining Unicode char U+02D8 (decimal 728)
   defining Unicode char U+02DD (decimal 733)
   defining Unicode char U+0E3F (decimal 3647)
   defining Unicode char U+2016 (decimal 8214)
   defining Unicode char U+2020 (decimal 8224)
   defining Unicode char U+2021 (decimal 8225)
   defining Unicode char U+2022 (decimal 8226)
   defining Unicode char U+2030 (decimal 8240)
   defining Unicode char U+2031 (decimal 8241)
   defining Unicode char U+203B (decimal 8251)
   defining Unicode char U+203D (decimal 8253)
   defining Unicode char U+2044 (decimal 8260)
   defining Unicode char U+204E (decimal 8270)
   defining Unicode char U+2052 (decimal 8274)
   defining Unicode char U+20A1 (decimal 8353)
   defining Unicode char U+20A4 (decimal 8356)
   defining Unicode char U+20A6 (decimal 8358)
   defining Unicode char U+20A9 (decimal 8361)
   defining Unicode char U+20AB (decimal 8363)
   defining Unicode char U+20AC (decimal 8364)
   defining Unicode char U+20B1 (decimal 8369)
   defining Unicode char U+2103 (decimal 8451)
   defining Unicode char U+2116 (decimal 8470)
   defining Unicode char U+2117 (decimal 8471)
   defining Unicode char U+211E (decimal 8478)
   defining Unicode char U+2120 (decimal 8480)
   defining Unicode char U+2122 (decimal 8482)
   defining Unicode char U+2126 (decimal 8486)
   defining Unicode char U+2127 (decimal 8487)
   defining Unicode char U+212E (decimal 8494)
   defining Unicode char U+2190 (decimal 8592)
   defining Unicode char U+2191 (decimal 8593)
   defining Unicode char U+2192 (decimal 8594)
   defining Unicode char U+2193 (decimal 8595)
   defining Unicode char U+2329 (decimal 9001)
   defining Unicode char U+232A (decimal 9002)
   defining Unicode char U+2422 (decimal 9250)
   defining Unicode char U+25E6 (decimal 9702)
   defining Unicode char U+25EF (decimal 9711)
   defining Unicode char U+266A (decimal 9834)
))
LaTeX Info: Redefining \oldstylenums on input line 266.
Package textcomp Info: Setting cmr sub-encoding to TS1/0 on input line 281.
Package textcomp Info: Setting cmss sub-encoding to TS1/0 on input line 282.
Package textcomp Info: Setting cmtt sub-encoding to TS1/0 on input line 283.
Package textcomp Info: Setting cmvtt sub-encoding to TS1/0 on input line 284.
Package textcomp Info: Setting cmbr sub-encoding to TS1/0 on input line 285.
Package textcomp Info: Setting cmtl sub-encoding to TS1/0 on input line 286.
Package textcomp Info: Setting ccr sub-encoding to TS1/0 on input line 287.
Package textcomp Info: Setting ptm sub-encoding to TS1/4 on input line 288.
Package textcomp Info: Setting pcr sub-encoding to TS1/4 on input line 289.
Package textcomp Info: Setting phv sub-encoding to TS1/4 on input line 290.
Package textcomp Info: Setting ppl sub-encoding to TS1/3 on input line 291.
Package textcomp Info: Setting pag sub-encoding to TS1/4 on input line 292.
Package textcomp Info: Setting pbk sub-encoding to TS1/4 on input line 293.
Package textcomp Info: Setting pnc sub-encoding to TS1/4 on input line 294.
Package textcomp Info: Setting pzc sub-encoding to TS1/4 on input line 295.
Package textcomp Info: Setting bch sub-encoding to TS1/4 on input line 296.
Package textcomp Info: Setting put sub-encoding to TS1/5 on input line 297.
Package textcomp Info: Setting uag sub-encoding to TS1/5 on input line 298.
Package textcomp Info: Setting ugq sub-encoding to TS1/5 on input line 299.
Package textcomp Info: Setting ul8 sub-encoding to TS1/4 on input line 300.
Package textcomp Info: Setting ul9 sub-encoding to TS1/4 on input line 301.
Package textcomp Info: Setting augie sub-encoding to TS1/5 on input line 302.
Package textcomp Info: Setting dayrom sub-encoding to TS1/3 on input line 303.
Package textcomp Info: Setting dayroms sub-encoding to TS1/3 on input line 304.

Package textcomp Info: Setting pxr sub-encoding to TS1/0 on input line 305.
Package textcomp Info: Setting pxss sub-encoding to TS1/0 on input line 306.
Package textcomp Info: Setting pxtt sub-encoding to TS1/0 on input line 307.
Package textcomp Info: Setting txr sub-encoding to TS1/0 on input line 308.
Package textcomp Info: Setting txss sub-encoding to TS1/0 on input line 309.
Package textcomp Info: Setting txtt sub-encoding to TS1/0 on input line 310.
Package textcomp Info: Setting lmr sub-encoding to TS1/0 on input line 311.
Package textcomp Info: Setting lmdh sub-encoding to TS1/0 on input line 312.
Package textcomp Info: Setting lmss sub-encoding to TS1/0 on input line 313.
Package textcomp Info: Setting lmssq sub-encoding to TS1/0 on input line 314.
Package textcomp Info: Setting lmvtt sub-encoding to TS1/0 on input line 315.
Package textcomp Info: Setting qhv sub-encoding to TS1/0 on input line 316.
Package textcomp Info: Setting qag sub-encoding to TS1/0 on input line 317.
Package textcomp Info: Setting qbk sub-encoding to TS1/0 on input line 318.
Package textcomp Info: Setting qcr sub-encoding to TS1/0 on input line 319.
Package textcomp Info: Setting qcs sub-encoding to TS1/0 on input line 320.
Package textcomp Info: Setting qpl sub-encoding to TS1/0 on input line 321.
Package textcomp Info: Setting qtm sub-encoding to TS1/0 on input line 322.
Package textcomp Info: Setting qzc sub-encoding to TS1/0 on input line 323.
Package textcomp Info: Setting qhvc sub-encoding to TS1/0 on input line 324.
Package textcomp Info: Setting futs sub-encoding to TS1/4 on input line 325.
Package textcomp Info: Setting futx sub-encoding to TS1/4 on input line 326.
Package textcomp Info: Setting futj sub-encoding to TS1/4 on input line 327.
Package textcomp Info: Setting hlh sub-encoding to TS1/3 on input line 328.
Package textcomp Info: Setting hls sub-encoding to TS1/3 on input line 329.
Package textcomp Info: Setting hlst sub-encoding to TS1/3 on input line 330.
Package textcomp Info: Setting hlct sub-encoding to TS1/5 on input line 331.
Package textcomp Info: Setting hlx sub-encoding to TS1/5 on input line 332.
Package textcomp Info: Setting hlce sub-encoding to TS1/5 on input line 333.
Package textcomp Info: Setting hlcn sub-encoding to TS1/5 on input line 334.
Package textcomp Info: Setting hlcw sub-encoding to TS1/5 on input line 335.
Package textcomp Info: Setting hlcf sub-encoding to TS1/5 on input line 336.
Package textcomp Info: Setting pplx sub-encoding to TS1/3 on input line 337.
Package textcomp Info: Setting pplj sub-encoding to TS1/3 on input line 338.
Package textcomp Info: Setting ptmx sub-encoding to TS1/4 on input line 339.
Package textcomp Info: Setting ptmj sub-encoding to TS1/4 on input line 340.
)
(/usr/share/texlive/texmf-dist/tex/latex/wasysym/wasysym.sty
Package: wasysym 2003/10/30 v2.0 Wasy-2 symbol support package
\symwasy=\mathgroup4
LaTeX Font Info:    Overwriting symbol font `wasy' in version `bold'
(Font)                  U/wasy/m/n --> U/wasy/b/n on input line 90.
)
(/usr/share/texlive/texmf-dist/tex/latex/base/fontenc.sty
Package: fontenc 2005/09/27 v1.99g Standard LaTeX package

(/usr/share/texlive/texmf-dist/tex/latex/base/t1enc.def
File: t1enc.def 2005/09/27 v1.99g Standard LaTeX file
LaTeX Font Info:    Redeclaring font encoding T1 on input line 43.
))
(/usr/share/texlive/texmf-dist/tex/latex/psnfss/helvet.sty
Package: helvet 2005/04/12 PSNFSS-v9.2a (WaS) 
)
(/usr/share/texlive/texmf-dist/tex/latex/psnfss/courier.sty
Package: courier 2005/04/12 PSNFSS-v9.2a (WaS) 
)
(/usr/share/texlive/texmf-dist/tex/latex/amsfonts/amssymb.sty
Package: amssymb 2013/01/14 v3.01 AMS font symbols

(/usr/share/texlive/texmf-dist/tex/latex/amsfonts/amsfonts.sty
Package: amsfonts 2013/01/14 v3.01 Basic AMSFonts support
\@emptytoks=\toks24
\symAMSa=\mathgroup5
\symAMSb=\mathgroup6
LaTeX Font Info:    Overwriting math alphabet `\mathfrak' in version `bold'
(Font)                  U/euf/m/n --> U/euf/b/n on input line 106.
))
(/usr/share/texlive/texmf-dist/tex/latex/sectsty/sectsty.sty
Package: sectsty 2002/02/25 v2.0.2 Commands to change all sectional heading sty
les
)
(/usr/share/texlive/texmf-dist/tex/latex/geometry/geometry.sty
Package: geometry 2010/09/12 v5.6 Page Geometry

(/usr/share/texlive/texmf-dist/tex/generic/oberdiek/ifpdf.sty
Package: ifpdf 2011/01/30 v2.3 Provides the ifpdf switch (HO)
Package ifpdf Info: pdfTeX in PDF mode is detected.
)
(/usr/share/texlive/texmf-dist/tex/generic/oberdiek/ifvtex.sty
Package: ifvtex 2010/03/01 v1.5 Detect VTeX and its facilities (HO)
Package ifvtex Info: VTeX not detected.
)
(/usr/share/texlive/texmf-dist/tex/generic/ifxetex/ifxetex.sty
Package: ifxetex 2010/09/12 v0.6 Provides ifxetex conditional
)
\Gm@cnth=\count113
\Gm@cntv=\count114
\c@Gm@tempcnt=\count115
\Gm@bindingoffset=\dimen143
\Gm@wd@mp=\dimen144
\Gm@odd@mp=\dimen145
\Gm@even@mp=\dimen146
\Gm@layoutwidth=\dimen147
\Gm@layoutheight=\dimen148
\Gm@layouthoffset=\dimen149
\Gm@layoutvoffset=\dimen150
\Gm@dimlist=\toks25
)
(/usr/share/texlive/texmf-dist/tex/latex/fancyhdr/fancyhdr.sty
\fancy@headwidth=\skip56
\f@ncyO@elh=\skip57
\f@ncyO@erh=\skip58
\f@ncyO@olh=\skip59
\f@ncyO@orh=\skip60
\f@ncyO@elf=\skip61
\f@ncyO@erf=\skip62
\f@ncyO@olf=\skip63
\f@ncyO@orf=\skip64
)
(/usr/share/texlive/texmf-dist/tex/latex/natbib/natbib.sty
Package: natbib 2010/09/13 8.31b (PWD, AO)
\bibhang=\skip65
\bibsep=\skip66
LaTeX Info: Redefining \cite on input line 694.
\c@NAT@ctr=\count116
)
(/usr/share/texlive/texmf-dist/tex/latex/tocloft/tocloft.sty
Package: tocloft 2013/05/02 v2.3f parameterised ToC, etc., typesetting
Package tocloft Info: The document has chapter divisions on input line 44.
\cftparskip=\skip67
\cftbeforetoctitleskip=\skip68
\cftaftertoctitleskip=\skip69
\cftbeforepartskip=\skip70
\cftpartnumwidth=\skip71
\cftpartindent=\skip72
\cftbeforechapskip=\skip73
\cftchapindent=\skip74
\cftchapnumwidth=\skip75
\cftbeforesecskip=\skip76
\cftsecindent=\skip77
\cftsecnumwidth=\skip78
\cftbeforesubsecskip=\skip79
\cftsubsecindent=\skip80
\cftsubsecnumwidth=\skip81
\cftbeforesubsubsecskip=\skip82
\cftsubsubsecindent=\skip83
\cftsubsubsecnumwidth=\skip84
\cftbeforeparaskip=\skip85
\cftparaindent=\skip86
\cftparanumwidth=\skip87
\cftbeforesubparaskip=\skip88
\cftsubparaindent=\skip89
\cftsubparanumwidth=\skip90
\cftbeforeloftitleskip=\skip91
\cftafterloftitleskip=\skip92
\cftbeforefigskip=\skip93
\cftfigindent=\skip94
\cftfignumwidth=\skip95
\c@lofdepth=\count117
\c@lotdepth=\count118
\cftbeforelottitleskip=\skip96
\cftafterlottitleskip=\skip97
\cftbeforetabskip=\skip98
\cfttabindent=\skip99
\cfttabnumwidth=\skip100
)
\@indexfile=\write3
\openout3 = `refman.idx'.


Writing index file refman.idx
(/usr/share/texlive/texmf-dist/tex/latex/hyperref/hyperref.sty
Package: hyperref 2012/11/06 v6.83m Hypertext links for LaTeX

(/usr/share/texlive/texmf-dist/tex/generic/oberdiek/hobsub-hyperref.sty
Package: hobsub-hyperref 2012/05/28 v1.13 Bundle oberdiek, subset hyperref (HO)


(/usr/share/texlive/texmf-dist/tex/generic/oberdiek/hobsub-generic.sty
Package: hobsub-generic 2012/05/28 v1.13 Bundle oberdiek, subset generic (HO)
Package: hobsub 2012/05/28 v1.13 Construct package bundles (HO)
Package hobsub Info: Skipping package `infwarerr' (already loaded).
Package hobsub Info: Skipping package `ltxcmds' (already loaded).
Package: ifluatex 2010/03/01 v1.3 Provides the ifluatex switch (HO)
Package ifluatex Info: LuaTeX not detected.
Package hobsub Info: Skipping package `ifvtex' (already loaded).
Package: intcalc 2007/09/27 v1.1 Expandable calculations with integers (HO)
Package hobsub Info: Skipping package `ifpdf' (already loaded).
Package: etexcmds 2011/02/16 v1.5 Avoid name clashes with e-TeX commands (HO)
Package etexcmds Info: Could not find \expanded.
(etexcmds)             That can mean that you are not using pdfTeX 1.50 or
(etexcmds)             that some package has redefined \expanded.
(etexcmds)             In the latter case, load this package earlier.
Package: kvsetkeys 2012/04/25 v1.16 Key value parser (HO)
Package: kvdefinekeys 2011/04/07 v1.3 Define keys (HO)
Package: pdftexcmds 2011/11/29 v0.20 Utility functions of pdfTeX for LuaTeX (HO
)
Package pdftexcmds Info: LuaTeX not detected.
Package pdftexcmds Info: \pdf@primitive is available.
Package pdftexcmds Info: \pdf@ifprimitive is available.
Package pdftexcmds Info: \pdfdraftmode found.
Package: pdfescape 2011/11/25 v1.13 Implements pdfTeX's escape features (HO)
Package: bigintcalc 2012/04/08 v1.3 Expandable calculations on big integers (HO
)
Package: bitset 2011/01/30 v1.1 Handle bit-vector datatype (HO)
Package: uniquecounter 2011/01/30 v1.2 Provide unlimited unique counter (HO)
)
Package hobsub Info: Skipping package `hobsub' (already loaded).
Package: letltxmacro 2010/09/02 v1.4 Let assignment for LaTeX macros (HO)
Package: hopatch 2012/05/28 v1.2 Wrapper for package hooks (HO)
Package: xcolor-patch 2011/01/30 xcolor patch
Package: atveryend 2011/06/30 v1.8 Hooks at the very end of document (HO)
Package atveryend Info: \enddocument detected (standard20110627).
Package: atbegshi 2011/10/05 v1.16 At begin shipout hook (HO)
Package: refcount 2011/10/16 v3.4 Data extraction from label references (HO)
Package: hycolor 2011/01/30 v1.7 Color options for hyperref/bookmark (HO)
)
(/usr/share/texlive/texmf-dist/tex/latex/oberdiek/auxhook.sty
Package: auxhook 2011/03/04 v1.3 Hooks for auxiliary files (HO)
)
(/usr/share/texlive/texmf-dist/tex/latex/oberdiek/kvoptions.sty
Package: kvoptions 2011/06/30 v3.11 Key value format for package options (HO)
)
\@linkdim=\dimen151
\Hy@linkcounter=\count119
\Hy@pagecounter=\count120

(/usr/share/texlive/texmf-dist/tex/latex/hyperref/pd1enc.def
File: pd1enc.def 2012/11/06 v6.83m Hyperref: PDFDocEncoding definition (HO)
Now handling font encoding PD1 ...
... no UTF-8 mapping file for font encoding PD1
)
\Hy@SavedSpaceFactor=\count121

(/usr/share/texlive/texmf-dist/tex/latex/latexconfig/hyperref.cfg
File: hyperref.cfg 2002/06/06 v1.2 hyperref configuration of TeXLive
)
Package hyperref Info: Hyper figures OFF on input line 4443.
Package hyperref Info: Link nesting OFF on input line 4448.
Package hyperref Info: Hyper index ON on input line 4451.
Package hyperref Info: Plain pages OFF on input line 4458.
Package hyperref Info: Backreferencing ON on input line 4461.
Package hyperref Info: Implicit mode ON; LaTeX internals redefined.
Package hyperref Info: Bookmarks ON on input line 4688.

(/usr/share/texlive/texmf-dist/tex/latex/hyperref/backref.sty
Package: backref 2012/07/25 v1.38 Bibliographical back referencing

(/usr/share/texlive/texmf-dist/tex/latex/oberdiek/rerunfilecheck.sty
Package: rerunfilecheck 2011/04/15 v1.7 Rerun checks for auxiliary files (HO)
Package uniquecounter Info: New unique counter `rerunfilecheck' on input line 2
82.
))
\c@Hy@tempcnt=\count122

(/usr/share/texlive/texmf-dist/tex/latex/url/url.sty
\Urlmuskip=\muskip10
Package: url 2013/09/16  ver 3.4  Verb mode for urls, etc.
)
LaTeX Info: Redefining \url on input line 5041.
\XeTeXLinkMargin=\dimen152
\Fld@menulength=\count123
\Field@Width=\dimen153
\Fld@charsize=\dimen154
Package hyperref Info: Hyper figures OFF on input line 6295.
Package hyperref Info: Link nesting OFF on input line 6300.
Package hyperref Info: Hyper index ON on input line 6303.
Package hyperref Info: backreferencing ON on input line 6308.
Package hyperref Info: Link coloring OFF on input line 6315.
Package hyperref Info: Link coloring with OCG OFF on input line 6320.
Package hyperref Info: PDF/A mode OFF on input line 6325.
LaTeX Info: Redefining \ref on input line 6365.
LaTeX Info: Redefining \pageref on input line 6369.
\Hy@abspage=\count124
\c@Item=\count125
\c@Hfootnote=\count126
)

Package hyperref Message: Driver: hpdftex.

(/usr/share/texlive/texmf-dist/tex/latex/hyperref/hpdftex.def
File: hpdftex.def 2012/11/06 v6.83m Hyperref driver for pdfTeX
\Fld@listcount=\count127
\c@bookmark@seq@number=\count128
\Hy@SectionHShift=\skip101
)
Package hyperref Info: Option `colorlinks' set `true' on input line 105.
Package hyperref Info: Option `unicode' set `true' on input line 105.

(/usr/share/texlive/texmf-dist/tex/latex/hyperref/puenc.def
File: puenc.def 2012/11/06 v6.83m Hyperref: PDF Unicode definition (HO)
Now handling font encoding PU ...
... no UTF-8 mapping file for font encoding PU
) (./refman.aux
(./group__competition__scheme__existence.aux)
(./group__competition__scheme__competition.aux)
(./group__ctem__params__initpftpars.aux)
(./group__disturbance__scheme__disturb.aux)
(./group__disturbance__scheme__burntobare.aux)
(./group__io__driver__read__from__ctm.aux)
(./group__io__driver__write__ctm__rs.aux)
(./group__io__driver__create__outfiles.aux)
(./group__io__driver__class__monthly__aw.aux)
(./group__io__driver__class__annual__aw.aux)
(./group__io__driver__ctem__daily__aw.aux)
(./group__io__driver__ctem__monthly__aw.aux)
(./group__io__driver__ctem__annual__aw.aux)
(./group__io__driver__close__outfiles.aux)
(./group__landuse__change__initialize__luc.aux)
(./group__landuse__change__readin__luc.aux) (./group__landuse__change__luc.aux)
(./group__landuse__change__adjust__luc__fracs.aux)
(./group__landuse__change__adjust__fracs__comp.aux))
\openout1 = `refman.aux'.

LaTeX Font Info:    Checking defaults for OML/cmm/m/it on input line 115.
LaTeX Font Info:    ... okay on input line 115.
LaTeX Font Info:    Checking defaults for T1/cmr/m/n on input line 115.
LaTeX Font Info:    ... okay on input line 115.
LaTeX Font Info:    Checking defaults for OT1/cmr/m/n on input line 115.
LaTeX Font Info:    ... okay on input line 115.
LaTeX Font Info:    Checking defaults for OMS/cmsy/m/n on input line 115.
LaTeX Font Info:    ... okay on input line 115.
LaTeX Font Info:    Checking defaults for OMX/cmex/m/n on input line 115.
LaTeX Font Info:    ... okay on input line 115.
LaTeX Font Info:    Checking defaults for U/cmr/m/n on input line 115.
LaTeX Font Info:    ... okay on input line 115.
LaTeX Font Info:    Checking defaults for TS1/cmr/m/n on input line 115.
LaTeX Font Info:    Try loading font information for TS1+cmr on input line 115.


(/usr/share/texlive/texmf-dist/tex/latex/base/ts1cmr.fd
File: ts1cmr.fd 1999/05/25 v2.5h Standard LaTeX font definitions
)
LaTeX Font Info:    ... okay on input line 115.
LaTeX Font Info:    Checking defaults for PD1/pdf/m/n on input line 115.
LaTeX Font Info:    ... okay on input line 115.
LaTeX Font Info:    Checking defaults for PU/pdf/m/n on input line 115.
LaTeX Font Info:    ... okay on input line 115.
LaTeX Font Info:    Try loading font information for T1+phv on input line 115.

(/usr/share/texlive/texmf-dist/tex/latex/psnfss/t1phv.fd
File: t1phv.fd 2001/06/04 scalable font definitions for T1/phv.
)
LaTeX Font Info:    Font shape `T1/phv/m/n' will be
(Font)              scaled to size 8.99994pt on input line 115.

(/usr/share/texlive/texmf-dist/tex/context/base/supp-pdf.mkii
[Loading MPS to PDF converter (version 2006.09.02).]
\scratchcounter=\count129
\scratchdimen=\dimen155
\scratchbox=\box58
\nofMPsegments=\count130
\nofMParguments=\count131
\everyMPshowfont=\toks26
\MPscratchCnt=\count132
\MPscratchDim=\dimen156
\MPnumerator=\count133
\makeMPintoPDFobject=\count134
\everyMPtoPDFconversion=\toks27
) (/usr/share/texlive/texmf-dist/tex/latex/oberdiek/epstopdf-base.sty
Package: epstopdf-base 2010/02/09 v2.5 Base part for package epstopdf

(/usr/share/texlive/texmf-dist/tex/latex/oberdiek/grfext.sty
Package: grfext 2010/08/19 v1.1 Manage graphics extensions (HO)
)
Package grfext Info: Graphics extension search list:
(grfext)             [.png,.pdf,.jpg,.mps,.jpeg,.jbig2,.jb2,.PNG,.PDF,.JPG,.JPE
G,.JBIG2,.JB2,.eps]
(grfext)             \AppendGraphicsExtensions on input line 452.

(/usr/share/texlive/texmf-dist/tex/latex/latexconfig/epstopdf-sys.cfg
File: epstopdf-sys.cfg 2010/07/13 v1.3 Configuration of (r)epstopdf for TeX Liv
e
))
*geometry* driver: auto-detecting
*geometry* detected driver: pdftex
*geometry* verbose mode - [ preamble ] result:
* driver: pdftex
* paper: a4paper
* layout: <same size as paper>
* layoutoffset:(h,v)=(0.0pt,0.0pt)
* modes: twoside 
* h-part:(L,W,R)=(71.13188pt, 455.24411pt, 71.13188pt)
* v-part:(T,H,B)=(71.13188pt, 702.78308pt, 71.13188pt)
* \paperwidth=597.50787pt
* \paperheight=845.04684pt
* \textwidth=455.24411pt
* \textheight=702.78308pt
* \oddsidemargin=-1.1381pt
* \evensidemargin=-1.1381pt
* \topmargin=-31.2056pt
* \headheight=12.0pt
* \headsep=18.06749pt
* \topskip=10.0pt
* \footskip=25.29494pt
* \marginparwidth=125.0pt
* \marginparsep=7.0pt
* \columnsep=10.0pt
* \skip\footins=9.0pt plus 4.0pt minus 2.0pt
* \hoffset=0.0pt
* \voffset=0.0pt
* \mag=1000
* \@twocolumnfalse
* \@twosidetrue
* \@mparswitchtrue
* \@reversemarginfalse
* (1in=72.27pt=25.4mm, 1cm=28.453pt)

\AtBeginShipoutBox=\box59
Package backref Info: ** backref set up for natbib ** on input line 115.
Package hyperref Info: Link coloring ON on input line 115.
(/usr/share/texlive/texmf-dist/tex/latex/hyperref/nameref.sty
Package: nameref 2012/10/27 v2.43 Cross-referencing by name of section

(/usr/share/texlive/texmf-dist/tex/generic/oberdiek/gettitlestring.sty
Package: gettitlestring 2010/12/03 v1.4 Cleanup title references (HO)
)
\c@section@level=\count135
)
LaTeX Info: Redefining \ref on input line 115.
LaTeX Info: Redefining \pageref on input line 115.
LaTeX Info: Redefining \nameref on input line 115.

(./refman.out) (./refman.out)
\@outlinefile=\write4
\openout4 = `refman.out'.

Package hyperref Info: Option `pageanchor' set `false' on input line 122.


Package hyperref Warning: Option `bookmarks' has already been used,
(hyperref)                setting the option has no effect on input line 122.

Package hyperref Info: Option `bookmarksnumbered' set `true' on input line 122.

Package hyperref Info: Option `unicode' set `true' on input line 122.
LaTeX Font Info:    Font shape `T1/phv/m/n' will be
(Font)              scaled to size 12.9599pt on input line 127.
LaTeX Font Info:    Font shape `T1/phv/m/n' will be
(Font)              scaled to size 6.29996pt on input line 127.
LaTeX Font Info:    Try loading font information for U+wasy on input line 127.
(/usr/share/texlive/texmf-dist/tex/latex/wasysym/uwasy.fd
File: uwasy.fd 2003/10/30 v2.0 Wasy-2 symbol font definitions
)
LaTeX Font Info:    Try loading font information for U+msa on input line 127.

(/usr/share/texlive/texmf-dist/tex/latex/amsfonts/umsa.fd
File: umsa.fd 2013/01/14 v3.01 AMS symbols A
)
LaTeX Font Info:    Try loading font information for U+msb on input line 127.

(/usr/share/texlive/texmf-dist/tex/latex/amsfonts/umsb.fd
File: umsb.fd 2013/01/14 v3.01 AMS symbols B
)
LaTeX Font Info:    Font shape `T1/phv/m/n' will be
(Font)              scaled to size 10.79993pt on input line 129.
LaTeX Font Info:    Font shape `T1/phv/m/n' will be
(Font)              scaled to size 8.09995pt on input line 131.
 [1


{/var/lib/texmf/fonts/map/pdftex/updmap/pdftex.map}] [2

]
LaTeX Font Info:    Font shape `T1/phv/m/n' will be
(Font)              scaled to size 22.39185pt on input line 135.
LaTeX Font Info:    Font shape `T1/phv/bx/n' in size <24.88> not available
(Font)              Font shape `T1/phv/b/n' tried instead on input line 135.
LaTeX Font Info:    Font shape `T1/phv/b/n' will be
(Font)              scaled to size 22.39185pt on input line 135.
LaTeX Font Info:    Font shape `T1/phv/bc/n' will be
(Font)              scaled to size 22.39185pt on input line 135.
 (./refman.toc
LaTeX Font Info:    Font shape `T1/phv/bx/n' in size <10> not available
(Font)              Font shape `T1/phv/b/n' tried instead on input line 1.
LaTeX Font Info:    Font shape `T1/phv/b/n' will be
(Font)              scaled to size 8.99994pt on input line 1.
LaTeX Font Info:    Font shape `T1/phv/bx/n' in size <7> not available
(Font)              Font shape `T1/phv/b/n' tried instead on input line 1.
LaTeX Font Info:    Font shape `T1/phv/b/n' will be
(Font)              scaled to size 6.29996pt on input line 1.
 [3

] [4] [5] [6] [7]
[8] [9] [10] [11] [12])
\tf@toc=\write5
\openout5 = `refman.toc'.

 [13] [14

]
Package hyperref Info: Option `pageanchor' set `true' on input line 138.

Chapter 1.
LaTeX Font Info:    Font shape `T1/phv/m/n' will be
(Font)              scaled to size 18.66588pt on input line 141.
LaTeX Font Info:    Font shape `T1/phv/bx/n' in size <20.74> not available
(Font)              Font shape `T1/phv/b/n' tried instead on input line 141.
LaTeX Font Info:    Font shape `T1/phv/b/n' will be
(Font)              scaled to size 18.66588pt on input line 141.
LaTeX Font Info:    Font shape `T1/phv/bc/n' will be
(Font)              scaled to size 18.66588pt on input line 141.
LaTeX Font Info:    Font shape `T1/phv/bc/n' will be
(Font)              scaled to size 6.29996pt on input line 141.
(./index.tex
LaTeX Font Info:    Font shape `T1/phv/bx/n' in size <14.4> not available
(Font)              Font shape `T1/phv/b/n' tried instead on input line 1.
LaTeX Font Info:    Font shape `T1/phv/b/n' will be
(Font)              scaled to size 12.9599pt on input line 1.
LaTeX Font Info:    Font shape `T1/phv/bc/n' will be
(Font)              scaled to size 12.9599pt on input line 1.
LaTeX Font Info:    Try loading font information for T1+pcr on input line 2.
 (/usr/share/texlive/texmf-dist/tex/latex/psnfss/t1pcr.fd
File: t1pcr.fd 2001/06/04 font definitions for T1/pcr.
)
LaTeX Font Info:    Try loading font information for TS1+phv on input line 3.

(/usr/share/texlive/texmf-dist/tex/latex/psnfss/ts1phv.fd
File: ts1phv.fd 2001/06/04 scalable font definitions for TS1/phv.
)
LaTeX Font Info:    Font shape `TS1/phv/m/n' will be
(Font)              scaled to size 8.99994pt on input line 3.
 [1

]
<schematicDiagramOfClass.png, id=2101, 816.04875pt x 1045.9075pt>
File: schematicDiagramOfClass.png Graphic file (type png)

<use schematicDiagramOfClass.png>
Package pdftex.def Info: schematicDiagramOfClass.png used on input line 18.
(pdftex.def)             Requested size: 274.1656pt x 351.39061pt.

Underfull \vbox (badness 10000) has occurred while \output is active []

 [2]
Underfull \vbox (badness 3635) has occurred while \output is active []

 [3 <./schematicDiagramOfClass.png>]
Overfull \hbox (777.3575pt too wide) detected at line 28
[]
 []

LaTeX Font Info:    Font shape `T1/phv/bx/n' in size <12> not available
(Font)              Font shape `T1/phv/b/n' tried instead on input line 29.
LaTeX Font Info:    Font shape `T1/phv/b/n' will be
(Font)              scaled to size 10.79993pt on input line 29.
LaTeX Font Info:    Font shape `T1/phv/bc/n' will be
(Font)              scaled to size 10.79993pt on input line 29.
[4] [5] [6] <percentSand.png, id=2134, 901.3675pt x 701.62125pt>
File: percentSand.png Graphic file (type png)

<use percentSand.png>
Package pdftex.def Info: percentSand.png used on input line 113.
(pdftex.def)             Requested size: 451.43909pt x 351.39857pt.
 [7 <./percentSand.png>] [8]) [9] [10

]
Chapter 2.
(./modules.tex) [11] [12

]
Chapter 3.
(./annotated.tex) [13] [14

]
Chapter 4.
(./files.tex
Underfull \vbox (badness 10000) has occurred while \output is active []

 [15]
Underfull \vbox (badness 10000) has occurred while \output is active []

 [16]
Underfull \vbox (badness 7168) has occurred while \output is active []

 [17])
[18]
Chapter 5.
(./group__competition__scheme__bioclim.tex
LaTeX Font Info:    Font shape `T1/phv/bc/n' will be
(Font)              scaled to size 8.99994pt on input line 58.
LaTeX Font Info:    Font shape `T1/phv/bc/it' in size <10> not available
(Font)              Font shape `T1/phv/bc/sl' tried instead on input line 58.
LaTeX Font Info:    Font shape `T1/phv/bc/sl' will be
(Font)              scaled to size 8.99994pt on input line 58.
LaTeX Font Info:    Font shape `T1/phv/bc/it' in size <7> not available
(Font)              Font shape `T1/phv/bc/sl' tried instead on input line 58.
LaTeX Font Info:    Font shape `T1/phv/bc/sl' will be
(Font)              scaled to size 6.29996pt on input line 58.

Underfull \vbox (badness 4217) has occurred while \output is active []

 [19

]
[20]
LaTeX Font Info:    Font shape `T1/phv/m/it' in size <10> not available
(Font)              Font shape `T1/phv/m/sl' tried instead on input line 61.
LaTeX Font Info:    Font shape `T1/phv/m/sl' will be
(Font)              scaled to size 8.99994pt on input line 61.
) [21]
\openout2 = `group__competition__scheme__existence.aux'.

 (./group__competition__scheme__existence.tex) [22

]
\openout2 = `group__competition__scheme__competition.aux'.


(./group__competition__scheme__competition.tex [23


]) [24]
\openout2 = `group__ctem__params__initpftpars.aux'.


(./group__ctem__params__initpftpars.tex) [25


]
\openout2 = `group__disturbance__scheme__disturb.aux'.


(./group__disturbance__scheme__disturb.tex
Overfull \hbox (121.80423pt too wide) in paragraph at lines 10--11
[]\T1/phv/m/n/10 subroutine, pub-lic [][]disturbance[]_[]scheme[]::disturb[][] 
(stem-mass, root-mass, gleaf-mas, bleaf-mas,thliq,wiltsm,fieldsm,uwind,vwind,li
ghtng,fcancmx,
 []


Overfull \hbox (58.25735pt too wide) in paragraph at lines 10--11
\T1/phv/m/n/10 litr-mass,prbfrhuc, rmatctem, extnprob, pop-don,il1,il2,sort, no
l2pfts,grclarea,thice,popdin, lucem-com,dofire,currlat,iday,fsnow, 
 []


Underfull \hbox (badness 874) in paragraph at lines 25--25
\T1/phv/m/n/10 where $\OML/cmm/m/it/10 F[]$ \T1/phv/m/n/10 and $\OML/cmm/m/it/1
0 F[]$ \T1/phv/m/n/10 rep-re-sent lower and up-per thresh-olds of cloud-to-grou
nd light-ning strikes ( $\OML/cmm/m/it/10 F[]\OT1/cmr/m/n/10 2\OML/cmm/m/it/10 
g$\T1/phv/m/n/10 ,
 []


Underfull \hbox (badness 1931) in paragraph at lines 25--25
\OML/cmm/m/it/10 flashes km[] month[]$\T1/phv/m/n/10 ), re-spec-tively. Sim-i-l
ar to Eq. (eqn[]:Pb}), be-low the lower thresh-old ( $\OML/cmm/m/it/10 F[]$\T1/
phv/m/n/10 ;
 []

[26


] [27]
Overfull \hbox (15.18118pt too wide) detected at line 49
\OML/cmm/m/it/10 h\OT1/cmr/m/n/10 (\OML/cmm/m/it/10 ^^^[]\OT1/cmr/m/n/10 ) = \O
ML/cmm/m/it/10 h\OT1/cmr/m/n/10 (\OML/cmm/m/it/10 ^^^[]\OT1/cmr/m/n/10 )(1 \OMS
/cmsy/m/n/10 ^^@ \OML/cmm/m/it/10 f[]\OT1/cmr/m/n/10 ) + \OML/cmm/m/it/10 h\OT1
/cmr/m/n/10 (\OML/cmm/m/it/10 ^^^[]\OT1/cmr/m/n/10 )\OML/cmm/m/it/10 f[][] h\OT
1/cmr/m/n/10 (\OML/cmm/m/it/10 ^^^[]\OT1/cmr/m/n/10 ) = [][] [] \OML/cmm/m/it/1
0 h\OT1/cmr/m/n/10 (\OML/cmm/m/it/10 ^^^[]\OT1/cmr/m/n/10 ) = [][] \OML/cmm/m/i
t/10 :
 []

[28]
Underfull \hbox (badness 1859) in paragraph at lines 61--62
\T1/phv/m/n/10 ( $\OML/cmm/m/it/10 kg C m[]$\T1/phv/m/n/10 ) for its leaf, stem
, root and lit-ter com-po-nents, mul-ti-plied by a vec-tor of com-bus-tion fac-

 []


Underfull \hbox (badness 1540) in paragraph at lines 61--62
\T1/phv/m/n/10 ter com-po-nents gets burned, mul-ti-plied by a vec-tor of emis-
sions fac-tors $\OT1/cmr/m/n/10 ^^G[] = (^^G[]\OML/cmm/m/it/10 ; \OT1/cmr/m/n/1
0 ^^G[]\OML/cmm/m/it/10 ; \OT1/cmr/m/n/10 ^^G[]\OML/cmm/m/it/10 ; \OT1/cmr/m/n/
10 ^^G[])[]$ \T1/phv/m/n/10 (
 []


Overfull \hbox (21.79489pt too wide) in paragraph at lines 65--65
[]\T1/phv/m/n/10 where the con-stant 1000 con-verts $[]$ from $\OML/cmm/m/it/10
 kg C m[]$ \T1/phv/m/n/10 to $\OML/cmm/m/it/10 g C m[]$ \T1/phv/m/n/10 and the 
con-stant 450 ( $\OML/cmm/m/it/10 g C \OT1/cmr/m/n/10 (\OML/cmm/m/it/10 kgdryor
ganicmatter\OT1/cmr/m/n/10 )[]$\T1/phv/m/n/10 )
 []


Underfull \hbox (badness 1735) in paragraph at lines 65--65
\T1/phv/m/n/10 con-verts biomass from car-bon units to dry or-ganic mat-ter [[]
]. The cor-re-spond-ing loss of car-bon (
 []

[29]
Underfull \hbox (badness 7888) in paragraph at lines 160--161
[]\T1/phv/m/n/10 land use change (luc) re-lated com-bus-tion emis-sion losses, 
$\OML/cmm/m/it/10 u \OMS/cmsy/m/n/10 ^^@
 []

[30] [31]
Underfull \vbox (badness 10000) has occurred while \output is active []

 [32])
[33]
\openout2 = `group__disturbance__scheme__burntobare.aux'.

 (./group__disturbance__scheme__burntobare.tex [34


]) [35]
\openout2 = `group__io__driver__read__from__ctm.aux'.


(./group__io__driver__read__from__ctm.tex [36


]) [37]
\openout2 = `group__io__driver__write__ctm__rs.aux'.


(./group__io__driver__write__ctm__rs.tex) [38


]
\openout2 = `group__io__driver__create__outfiles.aux'.


(./group__io__driver__create__outfiles.tex) [39


]
\openout2 = `group__io__driver__class__monthly__aw.aux'.


(./group__io__driver__class__monthly__aw.tex) [40


]
\openout2 = `group__io__driver__class__annual__aw.aux'.


(./group__io__driver__class__annual__aw.tex) [41


]
\openout2 = `group__io__driver__ctem__daily__aw.aux'.


(./group__io__driver__ctem__daily__aw.tex [42


]) [43]
\openout2 = `group__io__driver__ctem__monthly__aw.aux'.


(./group__io__driver__ctem__monthly__aw.tex) [44


]
\openout2 = `group__io__driver__ctem__annual__aw.aux'.


(./group__io__driver__ctem__annual__aw.tex) [45


]
\openout2 = `group__io__driver__close__outfiles.aux'.


(./group__io__driver__close__outfiles.tex) [46


]
\openout2 = `group__landuse__change__initialize__luc.aux'.


(./group__landuse__change__initialize__luc.tex
LaTeX Font Info:    Font shape `T1/phv/m/it' in size <7> not available
(Font)              Font shape `T1/phv/m/sl' tried instead on input line 45.
LaTeX Font Info:    Font shape `T1/phv/m/sl' will be
(Font)              scaled to size 6.29996pt on input line 45.
 [47


]) [48]
\openout2 = `group__landuse__change__readin__luc.aux'.


(./group__landuse__change__readin__luc.tex) [49


]
\openout2 = `group__landuse__change__luc.aux'.


(./group__landuse__change__luc.tex [50


] [51]) [52]
\openout2 = `group__landuse__change__adjust__luc__fracs.aux'.


(./group__landuse__change__adjust__luc__fracs.tex) [53


]
\openout2 = `group__landuse__change__adjust__fracs__comp.aux'.


(./group__landuse__change__adjust__fracs__comp.tex) [54


]
Chapter 6.
(./structctem__statevars_1_1class__moyr__output.tex
LaTeX Font Info:    Font shape `T1/phv/m/it' in size <9> not available
(Font)              Font shape `T1/phv/m/sl' tried instead on input line 55.
LaTeX Font Info:    Font shape `T1/phv/m/sl' will be
(Font)              scaled to size 8.09995pt on input line 55.
 [55


])
(./structctem__statevars_1_1ctem__annual.tex [56])
(./structctem__statevars_1_1ctem__gridavg.tex [57] [58])
(./structctem__statevars_1_1ctem__gridavg__annual.tex [59])
(./structctem__statevars_1_1ctem__gridavg__monthly.tex [60])
(./structctem__statevars_1_1ctem__monthly.tex [61])
(./structctem__statevars_1_1ctem__switches.tex [62]
LaTeX Font Info:    Font shape `TS1/phv/m/it' in size <9> not available
(Font)              Font shape `TS1/phv/m/sl' tried instead on input line 58.
LaTeX Font Info:    Font shape `TS1/phv/m/sl' will be
(Font)              scaled to size 8.09995pt on input line 58.
 [63])
(./structctem__statevars_1_1ctem__tile__level.tex [64])
(./structctem__statevars_1_1ctem__tileavg__annual.tex [65])
(./structctem__statevars_1_1ctem__tileavg__monthly.tex [66])
(./structctem__statevars_1_1veg__gat.tex [67] [68] [69] [70] [71] [72] [73])
(./structctem__statevars_1_1veg__rot.tex [74] [75] [76] [77] [78] [79] [80])
[81] [82

]
Chapter 7.
(./allocate_8f.tex [83] [84]) (./APREP_8f.tex [85] [86] [87]
Underfull \hbox (badness 922) in paragraph at lines 285--286
[]\T1/phv/m/n/10 Optional user-specified val-ues of height of veg-e-ta-tion cat
-e-gories to over-ride C[]L[]A[]S[]S-
 []

[88]
Underfull \vbox (badness 10000) has occurred while \output is active []

 [89]
Underfull \vbox (badness 10000) has occurred while \output is active []

 [90])
(./balcar_8f.tex
Underfull \vbox (badness 10000) has occurred while \output is active []

 [91]
Underfull \hbox (badness 853) in paragraph at lines 11--12
[]\T1/phv/m/n/10 subroutine [][]bal-car[][] (gleaf-mas, stem-mass, root-mass, b
leaf-mas, litr-mass, soil-cmas, ntch-lveg, ntchsveg,
 []

[92]
Underfull \vbox (badness 10000) has occurred while \output is active []

 [93])
(./bio2str_8f.tex [94] [95]) (./CANADD_8f.tex
Underfull \vbox (badness 1527) has occurred while \output is active []

 [96]
[97]

LaTeX Warning: Command \textendash invalid in math mode on input line 103.


LaTeX Warning: Command \textendash invalid in math mode on input line 103.


Underfull \vbox (badness 10000) has occurred while \output is active []

 [98])
(./CANALB_8f.tex [99]
Underfull \vbox (badness 10000) has occurred while \output is active []

 [100]
Overfull \hbox (38.69536pt too wide) in paragraph at lines 170--171
[]$\OML/cmm/m/it/10 ^^T \OT1/cmr/m/n/10 = 0\OML/cmm/m/it/10 :\OT1/cmr/m/n/10 3\
OML/cmm/m/it/10 =cos\OT1/cmr/m/n/10 (\OML/cmm/m/it/10 Z[]\OT1/cmr/m/n/10 )(\OML
/cmm/m/it/10 needleleaftrees\OT1/cmr/m/n/10 )$ $\OML/cmm/m/it/10 ^^T \OT1/cmr/m
/n/10 = 0\OML/cmm/m/it/10 :\OT1/cmr/m/n/10 4(\OML/cmm/m/it/10 broadleaftrees; f
ullcanopy\OT1/cmr/m/n/10 )$ $\OML/cmm/m/it/10 ^^T \OT1/cmr/m/n/10 = 0\OML/cmm/m
/it/10 :\OT1/cmr/m/n/10 4\OML/cmm/m/it/10 =cos\OT1/cmr/m/n/10 (\OML/cmm/m/it/10
 Z[]\OT1/cmr/m/n/10 )(\OML/cmm/m/it/10 broadleaftrees; leafless\OT1/cmr/m/n/10 
)$
 []


Overfull \hbox (23.13976pt too wide) in paragraph at lines 174--175
[]$\OML/cmm/m/it/10 ^^T \OT1/cmr/m/n/10 = 0\OML/cmm/m/it/10 :\OT1/cmr/m/n/10 4\
OML/cmm/m/it/10 =cosZ[]\OT1/cmr/m/n/10 (\OML/cmm/m/it/10 needleleaftrees\OT1/cm
r/m/n/10 )$ $\OML/cmm/m/it/10 ^^T \OT1/cmr/m/n/10 = 0\OML/cmm/m/it/10 :\OT1/cmr
/m/n/10 7(\OML/cmm/m/it/10 broadleaftrees; fullcanopy\OT1/cmr/m/n/10 )$ $\OML/c
mm/m/it/10 ^^T \OT1/cmr/m/n/10 = 0\OML/cmm/m/it/10 :\OT1/cmr/m/n/10 4\OML/cmm/m
/it/10 =cosZ[]\OT1/cmr/m/n/10 (\OML/cmm/m/it/10 broadleaftrees; leafless\OT1/cm
r/m/n/10 )$
 []


LaTeX Warning: Command \textendash invalid in math mode on input line 194.


Underfull \vbox (badness 10000) has occurred while \output is active []

 [101])
(./CANVAP_8f.tex
Underfull \vbox (badness 10000) has occurred while \output is active []

 [102]
[103]) (./CGROW_8f.tex [104]) (./CHKWAT_8f.tex
Underfull \vbox (badness 1895) has occurred while \output is active []

 [105]
[106]) (./CLASSA_8f.tex [107]
Underfull \vbox (badness 10000) has occurred while \output is active []

 [108]
[109] [110] [111] [112]) (./CLASSB_8f.tex [113]
Underfull \vbox (badness 10000) has occurred while \output is active []

 [114])
(./CLASSBD_8f.tex
Overfull \hbox (18.4171pt too wide) detected at line 13
[]
 []


Underfull \vbox (badness 10000) has occurred while \output is active []

 [115]
Underfull \vbox (badness 10000) has occurred while \output is active []

 [116])
(./CLASSD_8f.tex
Underfull \vbox (badness 2726) has occurred while \output is active []

 [117])
(./CLASSG_8f.tex [118]
Underfull \vbox (badness 10000) has occurred while \output is active []

 [119]
Overfull \vbox (96.14026pt too high) has occurred while \output is active []


[120]
Underfull \hbox (badness 922) in paragraph at lines 332--333
[]\T1/phv/m/n/10 Optional user-specified val-ues of height of veg-e-ta-tion cat
-e-gories to over-ride C[]L[]A[]S[]S-
 []

[121] [122]) (./CLASSI_8f.tex [123]

LaTeX Warning: Command \textendash invalid in math mode on input line 87.


LaTeX Warning: Command \textendash invalid in math mode on input line 87.


LaTeX Warning: Command \textendash invalid in math mode on input line 89.


LaTeX Warning: Command \textendash invalid in math mode on input line 89.

) (./CLASSS_8f.tex [124] [125]) (./CLASST_8f.tex [126]
Underfull \vbox (badness 10000) has occurred while \output is active []

 [127]
Overfull \vbox (36.27972pt too high) has occurred while \output is active []


[128] [129] [130] [131] [132]
Underfull \vbox (badness 10000) has occurred while \output is active []

 [133]

LaTeX Warning: Command \textendash invalid in math mode on input line 715.


LaTeX Warning: Command \textendash invalid in math mode on input line 715.


LaTeX Warning: Command \textendash invalid in math mode on input line 715.


LaTeX Warning: Command \textendash invalid in math mode on input line 717.


LaTeX Warning: Command \textendash invalid in math mode on input line 717.


LaTeX Warning: Command \textendash invalid in math mode on input line 717.


LaTeX Warning: Command \textendash invalid in math mode on input line 717.


Underfull \vbox (badness 10000) has occurred while \output is active []

 [134]

LaTeX Warning: Command \textendash invalid in math mode on input line 729.


LaTeX Warning: Command \textendash invalid in math mode on input line 733.


LaTeX Warning: Command \textendash invalid in math mode on input line 733.


LaTeX Warning: Command \textendash invalid in math mode on input line 733.


LaTeX Warning: Command \textendash invalid in math mode on input line 733.

) (./CLASSW_8f.tex [135]
Underfull \vbox (badness 10000) has occurred while \output is active []

 [136]
[137] [138] [139] [140] [141]) (./CLASSZ_8f.tex
Underfull \vbox (badness 1681) has occurred while \output is active []

 [142]
[143] [144]

LaTeX Warning: Command \textendash invalid in math mode on input line 225.


LaTeX Warning: Command \textendash invalid in math mode on input line 235.


LaTeX Warning: Command \textendash invalid in math mode on input line 235.


LaTeX Warning: Command \textendash invalid in math mode on input line 235.


LaTeX Warning: Command \textendash invalid in math mode on input line 237.


LaTeX Warning: Command \textendash invalid in math mode on input line 237.


LaTeX Warning: Command \textendash invalid in math mode on input line 237.


LaTeX Warning: Command \textendash invalid in math mode on input line 239.


LaTeX Warning: Command \textendash invalid in math mode on input line 239.


LaTeX Warning: Command \textendash invalid in math mode on input line 239.


LaTeX Warning: Command \textendash invalid in math mode on input line 243.


LaTeX Warning: Command \textendash invalid in math mode on input line 243.


LaTeX Warning: Command \textendash invalid in math mode on input line 243.


LaTeX Warning: Command \textendash invalid in math mode on input line 245.


LaTeX Warning: Command \textendash invalid in math mode on input line 245.


LaTeX Warning: Command \textendash invalid in math mode on input line 247.


LaTeX Warning: Command \textendash invalid in math mode on input line 247.

) (./competition__map_8f.tex
Underfull \vbox (badness 10000) has occurred while \output is active []

 [145]
Overfull \hbox (69.52847pt too wide) in paragraph at lines 11--12
\T1/phv/m/n/10 mas, bleaf-mas, stem-mass,rootmass, litr-mass, soil-cmas,pftexis
t,lambda, bmasveg, burn-vegf,add2allo,cc,mm,fcanmx,vgbiomas,
 []


Overfull \hbox (19.66553pt too wide) in paragraph at lines 11--12
\T1/phv/m/n/10 cur, defm-n-cur, sr-plscur,defctcur,twarmm,tcoldm,gdd5,aridity, 
sr-plsmon, de-fct-mon, anndefct,annsrpls,annpcp,dry[]
 []

[146] [147]) (./competition__mod_8f90.tex [148]
Overfull \hbox (49.10162pt too wide) detected at line 58
[] \OT1/cmr/m/n/10 = \OML/cmm/m/it/10 c[]f[]\OT1/cmr/m/n/10 (\OML/cmm/m/it/10 f
[] \OT1/cmr/m/n/10 + \OML/cmm/m/it/10 f[]\OT1/cmr/m/n/10 ) \OMS/cmsy/m/n/10 ^^@
 \OML/cmm/m/it/10 m[]f[][]  \OT1/cmr/m/n/10 = \OML/cmm/m/it/10 c[]f[]\OT1/cmr/m
/n/10 (1 \OMS/cmsy/m/n/10 ^^@ \OML/cmm/m/it/10 f[]\OT1/cmr/m/n/10 ) \OMS/cmsy/m
/n/10 ^^@ \OML/cmm/m/it/10 m[]f[]; [] [] \OT1/cmr/m/n/10 = \OML/cmm/m/it/10 c[]
f[]f[] \OMS/cmsy/m/n/10 ^^@ \OML/cmm/m/it/10 c[]f[]f[] \OMS/cmsy/m/n/10 ^^@ \OM
L/cmm/m/it/10 m[]f[][]  \OT1/cmr/m/n/10 = \OML/cmm/m/it/10 c[]f[]\OT1/cmr/m/n/1
0 (1 \OMS/cmsy/m/n/10 ^^@ \OML/cmm/m/it/10 f[] \OMS/cmsy/m/n/10 ^^@ \OML/cmm/m/
it/10 f[]\OT1/cmr/m/n/10 ) \OMS/cmsy/m/n/10 ^^@ \OML/cmm/m/it/10 c[]f[]f[] \OMS
/cmsy/m/n/10 ^^@ \OML/cmm/m/it/10 m[]f[][];
 []

[149]
Underfull \hbox (badness 1342) in paragraph at lines 92--93
[]\T1/phv/m/n/10 The frac-tion of N[]P[]P used for spa-tial ex-pan-sion, $\OT1/
cmr/m/n/10 ^^C[]$\T1/phv/m/n/10 , is cal-cu-lated us-ing the leaf area in-dex (
 $[][]$;
 []


Overfull \hbox (162.60902pt too wide) detected at line 96
\OML/cmm/m/it/10 ifLAI[] \OMS/cmsy/m/n/10 ^^T \OML/cmm/m/it/10 LAI[] \OT1/cmr/m
/n/10 : []  \OML/cmm/m/it/10 ^^U[] \OT1/cmr/m/n/10 = 0[] \OML/cmm/m/it/10 ifLAI
[] < LAI[] < LAI[] \OT1/cmr/m/n/10 : []  \OML/cmm/m/it/10 ^^U[] \OT1/cmr/m/n/10
 = []\OML/cmm/m/it/10 ^^U[][] ifLAI[] \OMS/cmsy/m/n/10 ^^U \OML/cmm/m/it/10 LAI
[] \OT1/cmr/m/n/10 : []  \OML/cmm/m/it/10 ^^U[] \OT1/cmr/m/n/10 = \OML/cmm/m/it
/10 ^^U[][]
 []


Overfull \hbox (21.67574pt too wide) detected at line 98
\OML/cmm/m/it/10 ifLAI[] > \OT1/cmr/m/n/10 0\OML/cmm/m/it/10 :\OT1/cmr/m/n/10 2
5\OML/cmm/m/it/10 LAI[] \OT1/cmr/m/n/10 : []  \OML/cmm/m/it/10 ^^U[] \OT1/cmr/m
/n/10 = [](0\OML/cmm/m/it/10 :\OT1/cmr/m/n/10 115(\OML/cmm/m/it/10 LAI[] \OMS/c
msy/m/n/10 ^^@ \OT1/cmr/m/n/10 0\OML/cmm/m/it/10 :\OT1/cmr/m/n/10 25\OML/cmm/m/
it/10 LAI[]\OT1/cmr/m/n/10 )) \OMS/cmsy/m/n/10 ^^@ \OT1/cmr/m/n/10 1[] \OML/cmm
/m/it/10 ifLAI[] \OMS/cmsy/m/n/10 ^^T \OT1/cmr/m/n/10 0\OML/cmm/m/it/10 :\OT1/c
mr/m/n/10 25\OML/cmm/m/it/10 LAI[] \OT1/cmr/m/n/10 : []  \OML/cmm/m/it/10 ^^U[]
 \OT1/cmr/m/n/10 = 0[]
 []

) (./competition__unmap_8f.tex [150]
Underfull \hbox (badness 10000) in paragraph at lines 11--12
\T1/phv/m/n/10 _[]cmp, gleafmas[]_[]cmp, bleafmas[]_[]cmp,stemmass[]_[]cmp, roo
tmass[]_[]cmp, litrmass[]_[]cmp,soilcmas[]_[]cmp,
 []


Underfull \hbox (badness 10000) in paragraph at lines 11--12
\T1/phv/m/n/10 pftexist[]_[]cmp,lambda[]_[]cmp,bmasveg[]_[]cmp, burnvegf[]_[]cm
p, add2allo[]_[]cmp,cc[]_[]cmp,mm[]_[]cmp,fcanmx[]_[]
 []


Underfull \hbox (badness 10000) in paragraph at lines 11--12
\T1/phv/m/n/10 _[]cmp, defmncur[]_[]cmp,srplscur[]_[]cmp, defctcur[]_[]cmp,twar
mm[]_[]cmp,tcoldm[]_[]cmp,gdd5[]_[]cmp, aridity[]_[]
 []


Underfull \hbox (badness 10000) in paragraph at lines 11--12
\T1/phv/m/n/10 cmp,srplsmon[]_[]cmp, defctmon[]_[]cmp, anndefct[]_[]cmp,annsrpl
s[]_[]cmp,annpcp[]_[]cmp,dry[]_[]season[]_[]length[]
 []


Underfull \hbox (badness 10000) in paragraph at lines 11--12
\T1/phv/m/n/10 _[]cmp,lucemcom[]_[]cmp, lucltrin[]_[]cmp, lucsocin[]_[]cmp,pfca
ncmx[]_[]cmp, nfcancmx[]_[]cmp, pstemmass[]_[]
 []

[151] [152]) (./ctem_8f90.tex
Overfull \hbox (51.7689pt too wide) in paragraph at lines 11--12
[]\T1/phv/m/n/10 subroutine [][]ctem[][] (fcancmx,fsnow,sand,clay,il1,il2,iday,
radj,tcano,tcans,tbarc,tbarcs,tbarg,tbargs,ta,delzw,ancsveg,ancgveg,
 []


Underfull \hbox (badness 7203) in paragraph at lines 11--12
\T1/phv/m/n/10 pf-cancmx, nf-cancmx,lnduseon,thicec, soildpth, spin-fast,todfra
c,compete,netrad,precip,grclarea,popdin,
 []

[153] [154] [155] [156]
Underfull \vbox (badness 10000) has occurred while \output is active []

 [157]
Underfull \vbox (badness 10000) has occurred while \output is active []

 [158])
(./ctem__params_8f90.tex
Overfull \hbox (26.86925pt too wide) in paragraph at lines 34--35
[]\T1/phv/m/n/10 integer, di-men-sion(13), pa-ram-e-ter \T1/phv/b/n/10 ctem[]_[
]params[]::monthend \T1/phv/m/n/10 = [] 0,31,59,90,120,151,181,212,243,273,304,
334,365
 []


Underfull \hbox (badness 10000) in paragraph at lines 46--47
\T1/phv/m/n/10 75.[]3422,-72.[]5527, -69.[]7628,-66.[]9727,-64.[]1825,-61.[]392
2,-58.[]6018,-55.[]8114,-53.[]021, -50.[]2305,-47.[]44,-
 []


Underfull \hbox (badness 10000) in paragraph at lines 46--47
\T1/phv/m/n/10 44.[]6495,-41.[]8589,-39.[]0684,-36.[]2778,-33.[]4872, -30.[]696
7,-27.[]9061,-25.[]1155,-22.[]3249,-19.[]5343,-16.[]7437,-
 []


Underfull \hbox (badness 10000) in paragraph at lines 46--47
\T1/phv/m/n/10 13.[]9531, -11.[]1625,-8.[]3718,-5.[]5812,-2.[]7906,0.[]0,2.[]79
06,5.[]5812,8.[]3718,11.[]16245, 13.[]9531,16.[]7437,19.[]
 []


Underfull \hbox (badness 10000) in paragraph at lines 46--47
\T1/phv/m/n/10 5343,22.[]3249,25.[]1155,27.[]9061,30.[]69665,33.[]4872, 36.[]27
78,39.[]06835,41.[]8589,44.[]64945,47.[]43995,50.[]
 []


Underfull \hbox (badness 2512) in paragraph at lines 46--47
\T1/phv/m/n/10 23045,53.[]02095, 55.[]8114,58.[]6018,61.[]3922,64.[]1825,66.[]9
727,69.[]7628,72.[]55265,75.[]3422, 78.[]13125,80.[]
 []

[159]
Overfull \hbox (28.25508pt too wide) in paragraph at lines 109--110
[]\T1/phv/m/n/10 logical, di-men-sion(icc), pa-ram-e-ter \T1/phv/b/n/10 ctem[]_
[]params[]::crop \T1/phv/m/n/10 = [] .false.,.false.,.false.,.false.,.false.,.t
rue.,.true.,.false.,.false.
 []


Overfull \hbox (32.94391pt too wide) in paragraph at lines 112--113
[]\T1/phv/m/n/10 logical, di-men-sion(icc), pa-ram-e-ter \T1/phv/b/n/10 ctem[]_
[]params[]::grass \T1/phv/m/n/10 = [] .false.,.false.,.false.,.false.,.false.,.
false.,.false.,.true.,.true.
 []

[160] [161] [162] [163] [164]) (./ctem__statevars_8f90.tex [165] [166])
(./ctemg1_8f.tex) (./ctemg2_8f.tex
Overfull \hbox (708.70244pt too wide) in paragraph at lines 11--12
[]\T1/phv/m/n/10 subroutine \T1/phv/b/n/10 ctemg2 \T1/phv/m/n/10 (fcancmx-gat,r
matcgat,zolncgat,paicgat,ailcgat,ailcggat,cmasvegcgat,slaicgat,ailcgsgat,fcancs
gat,fcancgat,rmatctemgat,co2concgat,co2i1cggat,co2i1csgat,co2i2cggat,co2i2csgat
,xdiffusgat,slaigat,cfluxcggat,cfluxcsgat,ancsveggat,ancgveggat,rmlcsveggat,rml
cgveggat,
 []


Overfull \hbox (31.75482pt too wide) in paragraph at lines 11--12
\T1/phv/m/n/10 m,uvaccgat[]_[]m,vvaccgat[]_[]m,mlightnggat,prbfrhucgat,extnprob
gat, stdal-ngat,pfcancmxgat,nfcancmxgat,stemmassgat,
 []


Underfull \hbox (badness 10000) in paragraph at lines 11--12
\T1/phv/m/n/10 grwthef-f-gat,lystmmasgat,lyrotmasgat, ty-maxlaigat, vg-biomas-g
at,gavgltmsgat,stmhrlosgat, bmasveg-
 []


Overfull \hbox (329.2605pt too wide) in paragraph at lines 11--12
\T1/phv/m/n/10 gat,colddaysgat,rothrlosgat,alvsctmgat,alirctmgat,gavglaigat,npp
gat,nepgat,hetroresgat, au-tores-gat,soilrespgat,rmgat,rggat,nbpgat,litresgat,s
ocresgat,gppgat,dstcemlsgat,litrfallgat,humiftrsgat,
 []


Overfull \hbox (235.2758pt too wide) in paragraph at lines 11--12
\T1/phv/m/n/10 veg-hght-gat,rootdpthgat,rmlgat,rmsgat,rmrgat,tltrleafgat,tltrst
emgat,tltrrootgat, leaflitr-gat, root-temp-gat,afrleafgat,afrstemgat,afrrootgat
,wtstatusgat,ltstatusgat,burnfracgat,
 []


Overfull \hbox (72.06451pt too wide) in paragraph at lines 11--12
\T1/phv/m/n/10 rm-lve-g-ac-c-gat, pftexistgat,rmsveggat,rmrveggat,rgveggat,vgbi
omas[]_[]veggat,gppveggat,nepveggat,ailcmingat,ailcmaxgat,emit[]
 []


Underfull \hbox (badness 2790) in paragraph at lines 11--12
\T1/phv/m/n/10 het-roresveg-gat, au-toresveg-gat, litresveg-gat,soilcresveggat,
 burn-veg-f-gat, pstem-mass-gat, pgleaf-mass-
 []


Underfull \hbox (badness 10000) in paragraph at lines 11--12
\T1/phv/m/n/10 gat,ch4wet1gat, ch4wet2gat, slope-frac-gat, wetfrac[]_[]mongat,w
etfdyngat, ch4dyn1gat, ch4dyn2gat,
 []


Overfull \hbox (55.03809pt too wide) in paragraph at lines 11--12
\T1/phv/m/n/10 ch4soillsgat,twarmmgat,tcoldmgat,gdd5gat,ariditygat, sr-plsmon-g
at,defctmongat, anndefctgat,annsrplsgat,annpcpgat,dry[]
 []

) (./ctems1_8f.tex [167]) (./ctems2_8f.tex
Overfull \hbox (732.46265pt too wide) in paragraph at lines 11--12
[]\T1/phv/m/n/10 subroutine \T1/phv/b/n/10 ctems2 \T1/phv/m/n/10 (fcancmxrow, r
matcrow, zol-ncrow, paicrow,ailcrow,ailcgrow,cmasvegcrow,slaicrow,ailcgsrow,fca
ncsrow,fcancrow,rmatctemrow,co2concrow,co2i1cgrow,co2i1csrow,co2i2cgrow,co2i2cs
row,xdiffus,slairow,cfluxcgrow,cfluxcsrow,ancsvegrow,ancgvegrow,rmlcsvegrow,rml
cgvegrow,
 []


Underfull \hbox (badness 10000) in paragraph at lines 11--12
\T1/phv/m/n/10 _[]m,uvaccrow[]_[]m,vvaccrow[]_[]m,prbfrhucgrd,extnprobgrd, pf-c
ancmxrow,nfcancmxrow,stemmassrow, root-
 []


Underfull \hbox (badness 10000) in paragraph at lines 11--12
\T1/phv/m/n/10 grwthef-frow,lystmmasrow,lyrotmasrow, ty-maxlairow, vg-biomas-ro
w,gavgltmsrow,stmhrlosrow, bmasve-
 []


Underfull \hbox (badness 10000) in paragraph at lines 11--12
\T1/phv/m/n/10 grow,colddaysrow,rothrlosrow,alvsctmrow,alirctmrow,gavglairow,np
prow,neprow,hetroresrow, au-tores-
 []


Underfull \hbox (badness 10000) in paragraph at lines 11--12
\T1/phv/m/n/10 row,soilresprow,rmrow,rgrow,nbprow,litresrow,socresrow,gpprow,ds
tcemlsrow,litrfallrow,humiftrsrow, veg-
 []


Underfull \hbox (badness 10000) in paragraph at lines 11--12
\T1/phv/m/n/10 hghtrow,rootdpthrow,rmlrow,litrfallvegrow, hu-miftrsve-grow,rmsr
ow,rmrrow,tltrleafrow,tltrstemrow,tltrrootrow,
 []


Underfull \hbox (badness 10000) in paragraph at lines 11--12
\T1/phv/m/n/10 leaflitr-row, root-tem-prow,afrleafrow,afrstemrow,afrrootrow,wts
tatusrow,ltstatusrow,burnfracrow, sm-funcve-
 []


Underfull \hbox (badness 10000) in paragraph at lines 11--12
\T1/phv/m/n/10 ailcmaxrow,fcanrow,pftexistrow,emit[]_[]co2row,emit[]_[]corow, e
mit[]_[]ch4row,emit[]_[]nmhcrow,emit[]_[]h2row,emit[]_[]
 []


Overfull \hbox (140.09752pt too wide) in paragraph at lines 11--12
\T1/phv/m/n/10 noxrow, emit[]_[]n2orow,emit[]_[]pm25row,emit[]_[]tpmrow,emit[]_
[]tcrow, emit[]_[]ocrow,emit[]_[]bcrow,btermrow,ltermrow,mtermrow,nbpvegrow,het
roresvegrow,
 []


Underfull \hbox (badness 3209) in paragraph at lines 11--12
\T1/phv/m/n/10 au-toresve-grow, litresve-grow,soilcresvegrow, burn-veg-frow, ps
tem-mass-row, pgleaf-mass-row,ch4wet1row,
 []

) (./CWCALC_8f.tex [168]) (./disturb_8f90.tex [169]
Overfull \hbox (121.80423pt too wide) in paragraph at lines 12--13
[]\T1/phv/m/n/10 subroutine, pub-lic [][]disturbance[]_[]scheme[]::disturb[][] 
(stem-mass, root-mass, gleaf-mas, bleaf-mas,thliq,wiltsm,fieldsm,uwind,vwind,li
ghtng,fcancmx,
 []


Overfull \hbox (58.25735pt too wide) in paragraph at lines 12--13
\T1/phv/m/n/10 litr-mass,prbfrhuc, rmatctem, extnprob, pop-don,il1,il2,sort, no
l2pfts,grclarea,thice,popdin, lucem-com,dofire,currlat,iday,fsnow, 
 []

) (./DRCOEF_8f.tex [170]) (./GATPREP_8f.tex [171]) (./GAUSSG_8f.tex)
(./GRALB_8f.tex [172] [173]) (./GRDRAN_8f.tex [174]

LaTeX Warning: Command \textendash invalid in math mode on input line 138.


Underfull \vbox (badness 10000) has occurred while \output is active []

 [175]
Underfull \vbox (badness 10000) has occurred while \output is active []

 [176])
(./GRINFL_8f.tex [177] [178]
Underfull \hbox (badness 10000) in paragraph at lines 165--166
[]\T1/phv/m/n/10 Residual soil liq-uid wa-ter con-tent re-main-ing af-ter freez
-ing or evap-o-ra-tion
 []


LaTeX Warning: Command \textendash invalid in math mode on input line 198.


LaTeX Warning: Command \textendash invalid in math mode on input line 200.


Underfull \vbox (badness 10000) has occurred while \output is active []

 [179])
(./hetresg_8f.tex [180] [181] [182]) (./hetresv_8f.tex [183]) (./ICEBAL_8f.tex
[184] [185]

LaTeX Warning: Command \textendash invalid in math mode on input line 157.


Underfull \vbox (badness 10000) has occurred while \output is active []

 [186]

LaTeX Warning: Command \textendash invalid in math mode on input line 171.


Underfull \vbox (badness 10000) has occurred while \output is active []

 [187])
(./io__driver_8f90.tex [188]) (./landuse__change__mod_8f90.tex)
(./mainres_8f.tex [189] [190]) (./mortality_8f.tex [191] [192]) (./mvidx_8f.tex
) (./ORDLEG_8f.tex [193]) (./phenolgy_8f.tex [194] [195] [196] [197])
(./PHTSYN3_8f.tex [198] [199] [200]
Underfull \hbox (badness 1019) in paragraph at lines 74--74
[]\T1/phv/m/n/10 Canopy ( $\OML/cmm/m/it/10 g[]$\T1/phv/m/n/10 ) and aero-dy-na
mic ( $\OML/cmm/m/it/10 g[]$\T1/phv/m/n/10 ) con-duc-tance used in above cal-cu
-la-tions are ex-pressed in units of
 []

LaTeX Font Info:    Font shape `T1/phv/m/n' will be
(Font)              scaled to size 7.19995pt on input line 78.
[201]
Underfull \vbox (badness 10000) has occurred while \output is active []

 [202]
[203]) (./read__from__job__options_8f90.tex
Underfull \hbox (badness 2020) in paragraph at lines 11--12
[]\T1/phv/m/n/10 subroutine [][]read[]_[]from[]_[]job[]_[]options[][] (arg-buff
, transient[]_[]run, trans[]_[]startyr, ctem-loop, ctem[]_[]on, ncyear,
 []

[204] [205] [206]
Underfull \vbox (badness 10000) has occurred while \output is active []

 [207])
(./runclass36ctem_8f.tex) (./SCREENRH_8f.tex) (./SLDIAG_8f.tex [208])
(./SNINFL_8f.tex [209]
Underfull \vbox (badness 3579) has occurred while \output is active []

 [210])
(./SNOADD_8f.tex [211]) (./SNOALBA_8f.tex [212]) (./SNOALBW_8f.tex [213])
(./SNOVAP_8f.tex [214]) (./soil__ch4uptake_8f90.tex [215] [216])
(./STORVAR_8f.tex) (./SUBCAN_8f.tex [217]) (./TFREEZ_8f.tex [218] [219])
(./TMCALC_8f.tex
Underfull \vbox (badness 7722) has occurred while \output is active []

 [220]
[221]
Underfull \vbox (badness 10000) has occurred while \output is active []

 [222]
Underfull \vbox (badness 10000) has occurred while \output is active []

 [223])
(./TMELT_8f.tex
Underfull \vbox (badness 5064) has occurred while \output is active []

 [224]
[225]) (./TNPOST_8f.tex [226]
Underfull \hbox (badness 1286) in paragraph at lines 104--105
[]\T1/phv/m/n/10 Multiplier used in equa-tion re-lat-ing ground sur-face heat f
lux to sur-face tem-per-a-ture
 []


LaTeX Warning: Command \textendash invalid in math mode on input line 127.


LaTeX Warning: Command \textendash invalid in math mode on input line 127.


LaTeX Warning: Command \textendash invalid in math mode on input line 127.

) (./TNPREP_8f.tex
Underfull \vbox (badness 10000) has occurred while \output is active []

 [227]
Underfull \hbox (badness 1286) in paragraph at lines 56--57
[]\T1/phv/m/n/10 Multiplier used in equa-tion re-lat-ing ground sur-face heat f
lux to sur-face tem-per-a-ture
 []

[228]) (./TPREP_8f.tex
Underfull \vbox (badness 10000) has occurred while \output is active []

 [229]
[230] [231] [232]

LaTeX Warning: Command \textendash invalid in math mode on input line 388.


LaTeX Warning: Command \textendash invalid in math mode on input line 404.


Underfull \vbox (badness 10000) has occurred while \output is active []

 [233]

LaTeX Warning: Command \textendash invalid in math mode on input line 414.

) (./TRIGL_8f.tex
Underfull \vbox (badness 10000) has occurred while \output is active []

 [234])
(./TSOLVC_8f.tex [235] [236] [237]
Underfull \vbox (badness 10000) has occurred while \output is active []

 [238]
Underfull \vbox (badness 10000) has occurred while \output is active []

 [239]
Underfull \vbox (badness 10000) has occurred while \output is active []

 [240]
Underfull \hbox (badness 1163) in paragraph at lines 447--448
\T1/phv/m/n/10 pres-sions, $\OML/cmm/m/it/10 T[]and$\T1/phv/m/n/10 q[]_[]a $\OM
L/cmm/m/it/10 arethepotentialtemperatureandspecifichumidityoftheairoverlyingthe
canopy;$
 []


Overfull \hbox (575.49768pt too wide) in paragraph at lines 447--448
\OML/cmm/m/it/10 istheaerodynamicresistancetoturbulenttransferbetweenthecanopya
irandtheoverlyingair; and$ $isthestomatalresistancetotranspiration:\OT1/cmr/m/n
/10 (\OML/cmm/m/it/10 ThetermCFLUXthatisgeneratedbythesubroutinesDRCOEFandFLXSU
RFZisequivalentto$\T1/phv/m/n/10 /r[]
 []


Overfull \hbox (38.6712pt too wide) in paragraph at lines 447--448
\OML/cmm/m/it/10 iszero:Ifthewatervapourfluxisawayfromthecanopyleavesandthefrac
tionalsnoworwatercoverageonthecanopy;$
 []


Overfull \hbox (154.46869pt too wide) in paragraph at lines 447--448
\OML/cmm/m/it/10 or$\T1/phv/m/n/10 F[]_[]l /(r[]_[]b + r[]_[]c ) $\OML/cmm/m/it
/10 adjustedforthepresenceofinterceptedsnoworwater;$ $\OT1/cmr/m/n/10 (\OML/cmm
/m/it/10 XEVAPinthecode\OT1/cmr/m/n/10 )\OML/cmm/m/it/10 iscalculatedasaweighte
daverage; asfollows:If$\T1/phv/m/n/10 F[]
 []


Overfull \hbox (41.55138pt too wide) in paragraph at lines 447--448
\T1/phv/m/n/10 _[]s $\OML/cmm/m/it/10 >$ \T1/phv/m/n/10 0 $\OML/cmm/m/it/10 ; t
hecanopymustbeatatemperatureof\OT1/cmr/m/n/10 0\OML/cmm/m/it/10 Corless; andsoi
tisdeducedthatnotranspirationcanbeoccurring:Thus;$
 []


Underfull \vbox (badness 10000) has occurred while \output is active []

 [241]
Underfull \vbox (badness 10000) has occurred while \output is active []

 [242]
Underfull \hbox (badness 832) in paragraph at lines 505--506
[]\T1/phv/m/n/10 After the it-er-a-tion has been com-pleted, if the Newton-[]Ra
phson method has been used, a check is car-
 []


Underfull \hbox (badness 10000) in paragraph at lines 505--506
\OML/cmm/m/it/10 q[]andthecomponentsofthesurfaceenergybalancearerecalculatedasa
bove; exceptthat$\T1/phv/m/n/10 {H,c} $\OML/cmm/m/it/10 and$\T1/phv/m/n/10 Q[]_
[]{E,c}
 []


Underfull \vbox (badness 10000) has occurred while \output is active []

 [243])
(./TSOLVE_8f.tex
Underfull \vbox (badness 1314) has occurred while \output is active []

 [244]
[245]
Underfull \vbox (badness 10000) has occurred while \output is active []

 [246]

LaTeX Warning: Command \textendash invalid in math mode on input line 222.


LaTeX Warning: Command \textendash invalid in math mode on input line 234.


LaTeX Warning: Command \textendash invalid in math mode on input line 234.


LaTeX Warning: Command \textendash invalid in math mode on input line 234.


LaTeX Warning: Command \textendash invalid in math mode on input line 234.


LaTeX Warning: Command \textendash invalid in math mode on input line 242.


LaTeX Warning: Command \textendash invalid in math mode on input line 242.


LaTeX Warning: Command \textendash invalid in math mode on input line 250.


LaTeX Warning: Command \textendash invalid in math mode on input line 254.


Underfull \vbox (badness 10000) has occurred while \output is active []

 [247]

LaTeX Warning: Command \textendash invalid in math mode on input line 262.


LaTeX Warning: Command \textendash invalid in math mode on input line 268.


LaTeX Warning: Command \textendash invalid in math mode on input line 270.

) (./TSPOST_8f.tex
Underfull \vbox (badness 10000) has occurred while \output is active []

 [248]
[249]) (./TSPREP_8f.tex [250]) (./turnover_8f.tex [251]) (./TWCALC_8f.tex
[252] [253]) (./WEND_8f.tex
Underfull \vbox (badness 10000) has occurred while \output is active []

 [254]
[255]
Underfull \vbox (badness 10000) has occurred while \output is active []

 [256])
(./wetland__methane_8f90.tex [257]) (./WFILL_8f.tex [258]

LaTeX Warning: Command \textendash invalid in math mode on input line 97.


LaTeX Warning: Command \textendash invalid in math mode on input line 99.


LaTeX Warning: Command \textendash invalid in math mode on input line 101.


LaTeX Warning: Command \textendash invalid in math mode on input line 107.


LaTeX Warning: Command \textendash invalid in math mode on input line 113.


LaTeX Warning: Command \textendash invalid in math mode on input line 113.


LaTeX Warning: Command \textendash invalid in math mode on input line 113.


Underfull \vbox (badness 10000) has occurred while \output is active []

 [259])
(./WFLOW_8f.tex [260]
Underfull \vbox (badness 10000) has occurred while \output is active []

 [261])
(./WPREP_8f.tex [262] [263] [264] [265] [266]) (./XIT_8f.tex [267]) [268]
(./refman.bbl (./refman.brf)
\tf@brf=\write6
\openout6 = `refman.brf'.

 [269

] [270]) [271] [272

] (./refman.ind [273


]
[274] [275] [276

])
Package atveryend Info: Empty hook `BeforeClearDocument' on input line 280.
Package atveryend Info: Empty hook `AfterLastShipout' on input line 280.
 (./refman.aux (./group__competition__scheme__existence.aux)
(./group__competition__scheme__competition.aux)
(./group__ctem__params__initpftpars.aux)
(./group__disturbance__scheme__disturb.aux)
(./group__disturbance__scheme__burntobare.aux)
(./group__io__driver__read__from__ctm.aux)
(./group__io__driver__write__ctm__rs.aux)
(./group__io__driver__create__outfiles.aux)
(./group__io__driver__class__monthly__aw.aux)
(./group__io__driver__class__annual__aw.aux)
(./group__io__driver__ctem__daily__aw.aux)
(./group__io__driver__ctem__monthly__aw.aux)
(./group__io__driver__ctem__annual__aw.aux)
(./group__io__driver__close__outfiles.aux)
(./group__landuse__change__initialize__luc.aux)
(./group__landuse__change__readin__luc.aux) (./group__landuse__change__luc.aux)
(./group__landuse__change__adjust__luc__fracs.aux)
(./group__landuse__change__adjust__fracs__comp.aux))
Package atveryend Info: Executing hook `AtVeryEndDocument' on input line 280.
Package atveryend Info: Executing hook `AtEndAfterFileList' on input line 280.
Package rerunfilecheck Info: File `refman.out' has not changed.
(rerunfilecheck)             Checksum: 573EA22728A640391183FD6ADDCABDF8;84899.
Package rerunfilecheck Info: File `refman.brf' has not changed.
(rerunfilecheck)             Checksum: A2E867CECE0FCC1244117DEECEBB69D1;4892.
Package atveryend Info: Empty hook `AtVeryVeryEnd' on input line 280.
 ) 
Here is how much of TeX's memory you used:
 17496 strings out of 494912
 372691 string characters out of 6177073
 440371 words of memory out of 5000000
 18079 multiletter control sequences out of 15000+600000
 70672 words of font info for 86 fonts, out of 8000000 for 9000
 36 hyphenation exceptions out of 8191
 48i,16n,43p,4663b,581s stack positions out of 5000i,500n,10000p,200000b,80000s
{/usr/share/texlive/texmf-dist/fonts/enc/dvips/base/8r.enc}</usr/share/texliv
e/texmf-dist/fonts/type1/public/amsfonts/cm/cmex10.pfb></usr/share/texlive/texm
f-dist/fonts/type1/public/amsfonts/cm/cmmi10.pfb></usr/share/texlive/texmf-dist
/fonts/type1/public/amsfonts/cm/cmmi5.pfb></usr/share/texlive/texmf-dist/fonts/
type1/public/amsfonts/cm/cmmi7.pfb></usr/share/texlive/texmf-dist/fonts/type1/p
ublic/amsfonts/cm/cmmi9.pfb></usr/share/texlive/texmf-dist/fonts/type1/public/a
msfonts/cm/cmr10.pfb></usr/share/texlive/texmf-dist/fonts/type1/public/amsfonts
/cm/cmr5.pfb></usr/share/texlive/texmf-dist/fonts/type1/public/amsfonts/cm/cmr6
.pfb></usr/share/texlive/texmf-dist/fonts/type1/public/amsfonts/cm/cmr7.pfb></u
sr/share/texlive/texmf-dist/fonts/type1/public/amsfonts/cm/cmr9.pfb></usr/share
/texlive/texmf-dist/fonts/type1/public/amsfonts/cm/cmsy10.pfb></usr/share/texli
ve/texmf-dist/fonts/type1/public/amsfonts/cm/cmsy6.pfb></usr/share/texlive/texm
f-dist/fonts/type1/public/amsfonts/cm/cmsy7.pfb></usr/share/texlive/texmf-dist/
fonts/type1/public/amsfonts/cm/cmsy9.pfb></usr/share/texlive/texmf-dist/fonts/t
ype1/urw/courier/ucrr8a.pfb></usr/share/texlive/texmf-dist/fonts/type1/urw/helv
etic/uhvb8a.pfb></usr/share/texlive/texmf-dist/fonts/type1/urw/helvetic/uhvb8ac
.pfb></usr/share/texlive/texmf-dist/fonts/type1/urw/helvetic/uhvbo8ac.pfb></usr
/share/texlive/texmf-dist/fonts/type1/urw/helvetic/uhvr8a.pfb></usr/share/texli
ve/texmf-dist/fonts/type1/urw/helvetic/uhvro8a.pfb>
Output written on refman.pdf (290 pages, 1716368 bytes).
PDF statistics:
 6281 PDF objects out of 7423 (max. 8388607)
 5905 compressed objects within 60 object streams
 2087 named destinations out of 2487 (max. 500000)
 3211 words of extra memory for PDF output out of 10000 (max. 10000000)

