\BOOKMARK [0][-]{chapter.1}{\376\377\0001\000\040\000C\000L\000A\000S\000S\000-\000C\000T\000E\000M\000\040\000D\000o\000c\000u\000m\000e\000n\000t\000a\000t\000i\000o\000n}{}% 1
\BOOKMARK [1][-]{section.1.1}{\376\377\0001\000.\0001\000\040\000R\000u\000n\000n\000i\000n\000g\000\040\000C\000L\000A\000S\000S\000-\000C\000T\000E\000M}{chapter.1}% 2
\BOOKMARK [1][-]{section.1.2}{\376\377\0001\000.\0002\000\040\000O\000v\000e\000r\000v\000i\000e\000w\000\040\000o\000f\000\040\000C\000T\000E\000M}{chapter.1}% 3
\BOOKMARK [1][-]{section.1.3}{\376\377\0001\000.\0003\000\040\000O\000v\000e\000r\000v\000i\000e\000w\000\040\000o\000f\000\040\000C\000L\000A\000S\000S}{chapter.1}% 4
\BOOKMARK [1][-]{section.1.4}{\376\377\0001\000.\0004\000\040\000D\000e\000v\000e\000l\000o\000p\000m\000e\000n\000t\000a\000l\000\040\000h\000i\000s\000t\000o\000r\000y\000\040\000o\000f\000\040\000C\000L\000A\000S\000S}{chapter.1}% 5
\BOOKMARK [1][-]{section.1.5}{\376\377\0001\000.\0005\000\040\000D\000a\000t\000a\000\040\000R\000e\000q\000u\000i\000r\000e\000m\000e\000n\000t\000s}{chapter.1}% 6
\BOOKMARK [2][-]{subsection.1.5.1}{\376\377\0001\000.\0005\000.\0001\000\040\000F\000o\000r\000c\000i\000n\000g\000\040\000D\000a\000t\000a}{section.1.5}% 7
\BOOKMARK [2][-]{subsection.1.5.2}{\376\377\0001\000.\0005\000.\0002\000\040\000V\000e\000g\000e\000t\000a\000t\000i\000o\000n\000\040\000D\000a\000t\000a}{section.1.5}% 8
\BOOKMARK [2][-]{subsection.1.5.3}{\376\377\0001\000.\0005\000.\0003\000\040\000S\000o\000i\000l\000\040\000D\000a\000t\000a}{section.1.5}% 9
\BOOKMARK [2][-]{subsection.1.5.4}{\376\377\0001\000.\0005\000.\0004\000\040\000I\000n\000i\000t\000i\000a\000l\000i\000z\000a\000t\000i\000o\000n\000\040\000o\000f\000\040\000P\000r\000o\000g\000n\000o\000s\000t\000i\000c\000\040\000V\000a\000r\000i\000a\000b\000l\000e\000s}{section.1.5}% 10
\BOOKMARK [0][-]{chapter.2}{\376\377\0002\000\040\000M\000o\000d\000u\000l\000e\000\040\000I\000n\000d\000e\000x}{}% 11
\BOOKMARK [1][-]{section.2.1}{\376\377\0002\000.\0001\000\040\000M\000o\000d\000u\000l\000e\000s}{chapter.2}% 12
\BOOKMARK [0][-]{chapter.3}{\376\377\0003\000\040\000D\000a\000t\000a\000\040\000T\000y\000p\000e\000\040\000I\000n\000d\000e\000x}{}% 13
\BOOKMARK [1][-]{section.3.1}{\376\377\0003\000.\0001\000\040\000D\000a\000t\000a\000\040\000T\000y\000p\000e\000s\000\040\000L\000i\000s\000t}{chapter.3}% 14
\BOOKMARK [0][-]{chapter.4}{\376\377\0004\000\040\000F\000i\000l\000e\000\040\000I\000n\000d\000e\000x}{}% 15
\BOOKMARK [1][-]{section.4.1}{\376\377\0004\000.\0001\000\040\000F\000i\000l\000e\000\040\000L\000i\000s\000t}{chapter.4}% 16
\BOOKMARK [0][-]{chapter.5}{\376\377\0005\000\040\000M\000o\000d\000u\000l\000e\000\040\000D\000o\000c\000u\000m\000e\000n\000t\000a\000t\000i\000o\000n}{}% 17
\BOOKMARK [1][-]{section.5.1}{\376\377\0005\000.\0001\000\040\000C\000o\000m\000p\000e\000t\000i\000t\000i\000o\000n\000\137\000s\000c\000h\000e\000m\000e\000\137\000b\000i\000o\000c\000l\000i\000m}{chapter.5}% 18
\BOOKMARK [2][-]{subsection.5.1.1}{\376\377\0005\000.\0001\000.\0001\000\040\000D\000e\000t\000a\000i\000l\000e\000d\000\040\000D\000e\000s\000c\000r\000i\000p\000t\000i\000o\000n}{section.5.1}% 19
\BOOKMARK [2][-]{subsection.5.1.2}{\376\377\0005\000.\0001\000.\0002\000\040\000F\000u\000n\000c\000t\000i\000o\000n\000/\000S\000u\000b\000r\000o\000u\000t\000i\000n\000e\000\040\000D\000o\000c\000u\000m\000e\000n\000t\000a\000t\000i\000o\000n}{section.5.1}% 20
\BOOKMARK [3][-]{subsubsection.5.1.2.1}{\376\377\0005\000.\0001\000.\0002\000.\0001\000\040\000b\000i\000o\000c\000l\000i\000m}{subsection.5.1.2}% 21
\BOOKMARK [1][-]{section.5.2}{\376\377\0005\000.\0002\000\040\000C\000o\000m\000p\000e\000t\000i\000t\000i\000o\000n\000\137\000s\000c\000h\000e\000m\000e\000\137\000e\000x\000i\000s\000t\000e\000n\000c\000e}{chapter.5}% 22
\BOOKMARK [2][-]{subsection.5.2.1}{\376\377\0005\000.\0002\000.\0001\000\040\000D\000e\000t\000a\000i\000l\000e\000d\000\040\000D\000e\000s\000c\000r\000i\000p\000t\000i\000o\000n}{section.5.2}% 23
\BOOKMARK [2][-]{subsection.5.2.2}{\376\377\0005\000.\0002\000.\0002\000\040\000F\000u\000n\000c\000t\000i\000o\000n\000/\000S\000u\000b\000r\000o\000u\000t\000i\000n\000e\000\040\000D\000o\000c\000u\000m\000e\000n\000t\000a\000t\000i\000o\000n}{section.5.2}% 24
\BOOKMARK [3][-]{subsubsection.5.2.2.1}{\376\377\0005\000.\0002\000.\0002\000.\0001\000\040\000e\000x\000i\000s\000t\000e\000n\000c\000e}{subsection.5.2.2}% 25
\BOOKMARK [1][-]{section.5.3}{\376\377\0005\000.\0003\000\040\000C\000o\000m\000p\000e\000t\000i\000t\000i\000o\000n\000\137\000s\000c\000h\000e\000m\000e\000\137\000c\000o\000m\000p\000e\000t\000i\000t\000i\000o\000n}{chapter.5}% 26
\BOOKMARK [2][-]{subsection.5.3.1}{\376\377\0005\000.\0003\000.\0001\000\040\000D\000e\000t\000a\000i\000l\000e\000d\000\040\000D\000e\000s\000c\000r\000i\000p\000t\000i\000o\000n}{section.5.3}% 27
\BOOKMARK [2][-]{subsection.5.3.2}{\376\377\0005\000.\0003\000.\0002\000\040\000F\000u\000n\000c\000t\000i\000o\000n\000/\000S\000u\000b\000r\000o\000u\000t\000i\000n\000e\000\040\000D\000o\000c\000u\000m\000e\000n\000t\000a\000t\000i\000o\000n}{section.5.3}% 28
\BOOKMARK [3][-]{subsubsection.5.3.2.1}{\376\377\0005\000.\0003\000.\0002\000.\0001\000\040\000c\000o\000m\000p\000e\000t\000i\000t\000i\000o\000n}{subsection.5.3.2}% 29
\BOOKMARK [1][-]{section.5.4}{\376\377\0005\000.\0004\000\040\000C\000t\000e\000m\000\137\000p\000a\000r\000a\000m\000s\000\137\000i\000n\000i\000t\000p\000f\000t\000p\000a\000r\000s}{chapter.5}% 30
\BOOKMARK [2][-]{subsection.5.4.1}{\376\377\0005\000.\0004\000.\0001\000\040\000D\000e\000t\000a\000i\000l\000e\000d\000\040\000D\000e\000s\000c\000r\000i\000p\000t\000i\000o\000n}{section.5.4}% 31
\BOOKMARK [2][-]{subsection.5.4.2}{\376\377\0005\000.\0004\000.\0002\000\040\000F\000u\000n\000c\000t\000i\000o\000n\000/\000S\000u\000b\000r\000o\000u\000t\000i\000n\000e\000\040\000D\000o\000c\000u\000m\000e\000n\000t\000a\000t\000i\000o\000n}{section.5.4}% 32
\BOOKMARK [3][-]{subsubsection.5.4.2.1}{\376\377\0005\000.\0004\000.\0002\000.\0001\000\040\000i\000n\000i\000t\000p\000f\000t\000p\000a\000r\000s}{subsection.5.4.2}% 33
\BOOKMARK [1][-]{section.5.5}{\376\377\0005\000.\0005\000\040\000D\000i\000s\000t\000u\000r\000b\000a\000n\000c\000e\000\137\000s\000c\000h\000e\000m\000e\000\137\000d\000i\000s\000t\000u\000r\000b}{chapter.5}% 34
\BOOKMARK [2][-]{subsection.5.5.1}{\376\377\0005\000.\0005\000.\0001\000\040\000D\000e\000t\000a\000i\000l\000e\000d\000\040\000D\000e\000s\000c\000r\000i\000p\000t\000i\000o\000n}{section.5.5}% 35
\BOOKMARK [2][-]{subsection.5.5.2}{\376\377\0005\000.\0005\000.\0002\000\040\000F\000u\000n\000c\000t\000i\000o\000n\000/\000S\000u\000b\000r\000o\000u\000t\000i\000n\000e\000\040\000D\000o\000c\000u\000m\000e\000n\000t\000a\000t\000i\000o\000n}{section.5.5}% 36
\BOOKMARK [3][-]{subsubsection.5.5.2.1}{\376\377\0005\000.\0005\000.\0002\000.\0001\000\040\000d\000i\000s\000t\000u\000r\000b}{subsection.5.5.2}% 37
\BOOKMARK [1][-]{section.5.6}{\376\377\0005\000.\0006\000\040\000D\000i\000s\000t\000u\000r\000b\000a\000n\000c\000e\000\137\000s\000c\000h\000e\000m\000e\000\137\000b\000u\000r\000n\000t\000o\000b\000a\000r\000e}{chapter.5}% 38
\BOOKMARK [2][-]{subsection.5.6.1}{\376\377\0005\000.\0006\000.\0001\000\040\000D\000e\000t\000a\000i\000l\000e\000d\000\040\000D\000e\000s\000c\000r\000i\000p\000t\000i\000o\000n}{section.5.6}% 39
\BOOKMARK [2][-]{subsection.5.6.2}{\376\377\0005\000.\0006\000.\0002\000\040\000F\000u\000n\000c\000t\000i\000o\000n\000/\000S\000u\000b\000r\000o\000u\000t\000i\000n\000e\000\040\000D\000o\000c\000u\000m\000e\000n\000t\000a\000t\000i\000o\000n}{section.5.6}% 40
\BOOKMARK [3][-]{subsubsection.5.6.2.1}{\376\377\0005\000.\0006\000.\0002\000.\0001\000\040\000b\000u\000r\000n\000t\000o\000b\000a\000r\000e}{subsection.5.6.2}% 41
\BOOKMARK [1][-]{section.5.7}{\376\377\0005\000.\0007\000\040\000I\000o\000\137\000d\000r\000i\000v\000e\000r\000\137\000r\000e\000a\000d\000\137\000f\000r\000o\000m\000\137\000c\000t\000m}{chapter.5}% 42
\BOOKMARK [2][-]{subsection.5.7.1}{\376\377\0005\000.\0007\000.\0001\000\040\000D\000e\000t\000a\000i\000l\000e\000d\000\040\000D\000e\000s\000c\000r\000i\000p\000t\000i\000o\000n}{section.5.7}% 43
\BOOKMARK [2][-]{subsection.5.7.2}{\376\377\0005\000.\0007\000.\0002\000\040\000F\000u\000n\000c\000t\000i\000o\000n\000/\000S\000u\000b\000r\000o\000u\000t\000i\000n\000e\000\040\000D\000o\000c\000u\000m\000e\000n\000t\000a\000t\000i\000o\000n}{section.5.7}% 44
\BOOKMARK [3][-]{subsubsection.5.7.2.1}{\376\377\0005\000.\0007\000.\0002\000.\0001\000\040\000r\000e\000a\000d\000\137\000f\000r\000o\000m\000\137\000c\000t\000m}{subsection.5.7.2}% 45
\BOOKMARK [1][-]{section.5.8}{\376\377\0005\000.\0008\000\040\000I\000o\000\137\000d\000r\000i\000v\000e\000r\000\137\000w\000r\000i\000t\000e\000\137\000c\000t\000m\000\137\000r\000s}{chapter.5}% 46
\BOOKMARK [2][-]{subsection.5.8.1}{\376\377\0005\000.\0008\000.\0001\000\040\000D\000e\000t\000a\000i\000l\000e\000d\000\040\000D\000e\000s\000c\000r\000i\000p\000t\000i\000o\000n}{section.5.8}% 47
\BOOKMARK [2][-]{subsection.5.8.2}{\376\377\0005\000.\0008\000.\0002\000\040\000F\000u\000n\000c\000t\000i\000o\000n\000/\000S\000u\000b\000r\000o\000u\000t\000i\000n\000e\000\040\000D\000o\000c\000u\000m\000e\000n\000t\000a\000t\000i\000o\000n}{section.5.8}% 48
\BOOKMARK [3][-]{subsubsection.5.8.2.1}{\376\377\0005\000.\0008\000.\0002\000.\0001\000\040\000w\000r\000i\000t\000e\000\137\000c\000t\000m\000\137\000r\000s}{subsection.5.8.2}% 49
\BOOKMARK [1][-]{section.5.9}{\376\377\0005\000.\0009\000\040\000I\000o\000\137\000d\000r\000i\000v\000e\000r\000\137\000c\000r\000e\000a\000t\000e\000\137\000o\000u\000t\000f\000i\000l\000e\000s}{chapter.5}% 50
\BOOKMARK [2][-]{subsection.5.9.1}{\376\377\0005\000.\0009\000.\0001\000\040\000D\000e\000t\000a\000i\000l\000e\000d\000\040\000D\000e\000s\000c\000r\000i\000p\000t\000i\000o\000n}{section.5.9}% 51
\BOOKMARK [2][-]{subsection.5.9.2}{\376\377\0005\000.\0009\000.\0002\000\040\000F\000u\000n\000c\000t\000i\000o\000n\000/\000S\000u\000b\000r\000o\000u\000t\000i\000n\000e\000\040\000D\000o\000c\000u\000m\000e\000n\000t\000a\000t\000i\000o\000n}{section.5.9}% 52
\BOOKMARK [3][-]{subsubsection.5.9.2.1}{\376\377\0005\000.\0009\000.\0002\000.\0001\000\040\000c\000r\000e\000a\000t\000e\000\137\000o\000u\000t\000f\000i\000l\000e\000s}{subsection.5.9.2}% 53
\BOOKMARK [1][-]{section.5.10}{\376\377\0005\000.\0001\0000\000\040\000I\000o\000\137\000d\000r\000i\000v\000e\000r\000\137\000c\000l\000a\000s\000s\000\137\000m\000o\000n\000t\000h\000l\000y\000\137\000a\000w}{chapter.5}% 54
\BOOKMARK [2][-]{subsection.5.10.1}{\376\377\0005\000.\0001\0000\000.\0001\000\040\000D\000e\000t\000a\000i\000l\000e\000d\000\040\000D\000e\000s\000c\000r\000i\000p\000t\000i\000o\000n}{section.5.10}% 55
\BOOKMARK [2][-]{subsection.5.10.2}{\376\377\0005\000.\0001\0000\000.\0002\000\040\000F\000u\000n\000c\000t\000i\000o\000n\000/\000S\000u\000b\000r\000o\000u\000t\000i\000n\000e\000\040\000D\000o\000c\000u\000m\000e\000n\000t\000a\000t\000i\000o\000n}{section.5.10}% 56
\BOOKMARK [3][-]{subsubsection.5.10.2.1}{\376\377\0005\000.\0001\0000\000.\0002\000.\0001\000\040\000c\000l\000a\000s\000s\000\137\000m\000o\000n\000t\000h\000l\000y\000\137\000a\000w}{subsection.5.10.2}% 57
\BOOKMARK [1][-]{section.5.11}{\376\377\0005\000.\0001\0001\000\040\000I\000o\000\137\000d\000r\000i\000v\000e\000r\000\137\000c\000l\000a\000s\000s\000\137\000a\000n\000n\000u\000a\000l\000\137\000a\000w}{chapter.5}% 58
\BOOKMARK [2][-]{subsection.5.11.1}{\376\377\0005\000.\0001\0001\000.\0001\000\040\000D\000e\000t\000a\000i\000l\000e\000d\000\040\000D\000e\000s\000c\000r\000i\000p\000t\000i\000o\000n}{section.5.11}% 59
\BOOKMARK [2][-]{subsection.5.11.2}{\376\377\0005\000.\0001\0001\000.\0002\000\040\000F\000u\000n\000c\000t\000i\000o\000n\000/\000S\000u\000b\000r\000o\000u\000t\000i\000n\000e\000\040\000D\000o\000c\000u\000m\000e\000n\000t\000a\000t\000i\000o\000n}{section.5.11}% 60
\BOOKMARK [3][-]{subsubsection.5.11.2.1}{\376\377\0005\000.\0001\0001\000.\0002\000.\0001\000\040\000c\000l\000a\000s\000s\000\137\000a\000n\000n\000u\000a\000l\000\137\000a\000w}{subsection.5.11.2}% 61
\BOOKMARK [1][-]{section.5.12}{\376\377\0005\000.\0001\0002\000\040\000I\000o\000\137\000d\000r\000i\000v\000e\000r\000\137\000c\000t\000e\000m\000\137\000d\000a\000i\000l\000y\000\137\000a\000w}{chapter.5}% 62
\BOOKMARK [2][-]{subsection.5.12.1}{\376\377\0005\000.\0001\0002\000.\0001\000\040\000D\000e\000t\000a\000i\000l\000e\000d\000\040\000D\000e\000s\000c\000r\000i\000p\000t\000i\000o\000n}{section.5.12}% 63
\BOOKMARK [2][-]{subsection.5.12.2}{\376\377\0005\000.\0001\0002\000.\0002\000\040\000F\000u\000n\000c\000t\000i\000o\000n\000/\000S\000u\000b\000r\000o\000u\000t\000i\000n\000e\000\040\000D\000o\000c\000u\000m\000e\000n\000t\000a\000t\000i\000o\000n}{section.5.12}% 64
\BOOKMARK [3][-]{subsubsection.5.12.2.1}{\376\377\0005\000.\0001\0002\000.\0002\000.\0001\000\040\000c\000t\000e\000m\000\137\000d\000a\000i\000l\000y\000\137\000a\000w}{subsection.5.12.2}% 65
\BOOKMARK [1][-]{section.5.13}{\376\377\0005\000.\0001\0003\000\040\000I\000o\000\137\000d\000r\000i\000v\000e\000r\000\137\000c\000t\000e\000m\000\137\000m\000o\000n\000t\000h\000l\000y\000\137\000a\000w}{chapter.5}% 66
\BOOKMARK [2][-]{subsection.5.13.1}{\376\377\0005\000.\0001\0003\000.\0001\000\040\000D\000e\000t\000a\000i\000l\000e\000d\000\040\000D\000e\000s\000c\000r\000i\000p\000t\000i\000o\000n}{section.5.13}% 67
\BOOKMARK [2][-]{subsection.5.13.2}{\376\377\0005\000.\0001\0003\000.\0002\000\040\000F\000u\000n\000c\000t\000i\000o\000n\000/\000S\000u\000b\000r\000o\000u\000t\000i\000n\000e\000\040\000D\000o\000c\000u\000m\000e\000n\000t\000a\000t\000i\000o\000n}{section.5.13}% 68
\BOOKMARK [3][-]{subsubsection.5.13.2.1}{\376\377\0005\000.\0001\0003\000.\0002\000.\0001\000\040\000c\000t\000e\000m\000\137\000m\000o\000n\000t\000h\000l\000y\000\137\000a\000w}{subsection.5.13.2}% 69
\BOOKMARK [1][-]{section.5.14}{\376\377\0005\000.\0001\0004\000\040\000I\000o\000\137\000d\000r\000i\000v\000e\000r\000\137\000c\000t\000e\000m\000\137\000a\000n\000n\000u\000a\000l\000\137\000a\000w}{chapter.5}% 70
\BOOKMARK [2][-]{subsection.5.14.1}{\376\377\0005\000.\0001\0004\000.\0001\000\040\000D\000e\000t\000a\000i\000l\000e\000d\000\040\000D\000e\000s\000c\000r\000i\000p\000t\000i\000o\000n}{section.5.14}% 71
\BOOKMARK [2][-]{subsection.5.14.2}{\376\377\0005\000.\0001\0004\000.\0002\000\040\000F\000u\000n\000c\000t\000i\000o\000n\000/\000S\000u\000b\000r\000o\000u\000t\000i\000n\000e\000\040\000D\000o\000c\000u\000m\000e\000n\000t\000a\000t\000i\000o\000n}{section.5.14}% 72
\BOOKMARK [3][-]{subsubsection.5.14.2.1}{\376\377\0005\000.\0001\0004\000.\0002\000.\0001\000\040\000c\000t\000e\000m\000\137\000a\000n\000n\000u\000a\000l\000\137\000a\000w}{subsection.5.14.2}% 73
\BOOKMARK [1][-]{section.5.15}{\376\377\0005\000.\0001\0005\000\040\000I\000o\000\137\000d\000r\000i\000v\000e\000r\000\137\000c\000l\000o\000s\000e\000\137\000o\000u\000t\000f\000i\000l\000e\000s}{chapter.5}% 74
\BOOKMARK [2][-]{subsection.5.15.1}{\376\377\0005\000.\0001\0005\000.\0001\000\040\000D\000e\000t\000a\000i\000l\000e\000d\000\040\000D\000e\000s\000c\000r\000i\000p\000t\000i\000o\000n}{section.5.15}% 75
\BOOKMARK [2][-]{subsection.5.15.2}{\376\377\0005\000.\0001\0005\000.\0002\000\040\000F\000u\000n\000c\000t\000i\000o\000n\000/\000S\000u\000b\000r\000o\000u\000t\000i\000n\000e\000\040\000D\000o\000c\000u\000m\000e\000n\000t\000a\000t\000i\000o\000n}{section.5.15}% 76
\BOOKMARK [3][-]{subsubsection.5.15.2.1}{\376\377\0005\000.\0001\0005\000.\0002\000.\0001\000\040\000c\000l\000o\000s\000e\000\137\000o\000u\000t\000f\000i\000l\000e\000s}{subsection.5.15.2}% 77
\BOOKMARK [1][-]{section.5.16}{\376\377\0005\000.\0001\0006\000\040\000L\000a\000n\000d\000u\000s\000e\000\137\000c\000h\000a\000n\000g\000e\000\137\000i\000n\000i\000t\000i\000a\000l\000i\000z\000e\000\137\000l\000u\000c}{chapter.5}% 78
\BOOKMARK [2][-]{subsection.5.16.1}{\376\377\0005\000.\0001\0006\000.\0001\000\040\000D\000e\000t\000a\000i\000l\000e\000d\000\040\000D\000e\000s\000c\000r\000i\000p\000t\000i\000o\000n}{section.5.16}% 79
\BOOKMARK [2][-]{subsection.5.16.2}{\376\377\0005\000.\0001\0006\000.\0002\000\040\000F\000u\000n\000c\000t\000i\000o\000n\000/\000S\000u\000b\000r\000o\000u\000t\000i\000n\000e\000\040\000D\000o\000c\000u\000m\000e\000n\000t\000a\000t\000i\000o\000n}{section.5.16}% 80
\BOOKMARK [3][-]{subsubsection.5.16.2.1}{\376\377\0005\000.\0001\0006\000.\0002\000.\0001\000\040\000i\000n\000i\000t\000i\000a\000l\000i\000z\000e\000\137\000l\000u\000c}{subsection.5.16.2}% 81
\BOOKMARK [1][-]{section.5.17}{\376\377\0005\000.\0001\0007\000\040\000L\000a\000n\000d\000u\000s\000e\000\137\000c\000h\000a\000n\000g\000e\000\137\000r\000e\000a\000d\000i\000n\000\137\000l\000u\000c}{chapter.5}% 82
\BOOKMARK [2][-]{subsection.5.17.1}{\376\377\0005\000.\0001\0007\000.\0001\000\040\000D\000e\000t\000a\000i\000l\000e\000d\000\040\000D\000e\000s\000c\000r\000i\000p\000t\000i\000o\000n}{section.5.17}% 83
\BOOKMARK [2][-]{subsection.5.17.2}{\376\377\0005\000.\0001\0007\000.\0002\000\040\000F\000u\000n\000c\000t\000i\000o\000n\000/\000S\000u\000b\000r\000o\000u\000t\000i\000n\000e\000\040\000D\000o\000c\000u\000m\000e\000n\000t\000a\000t\000i\000o\000n}{section.5.17}% 84
\BOOKMARK [3][-]{subsubsection.5.17.2.1}{\376\377\0005\000.\0001\0007\000.\0002\000.\0001\000\040\000r\000e\000a\000d\000i\000n\000\137\000l\000u\000c}{subsection.5.17.2}% 85
\BOOKMARK [1][-]{section.5.18}{\376\377\0005\000.\0001\0008\000\040\000L\000a\000n\000d\000u\000s\000e\000\137\000c\000h\000a\000n\000g\000e\000\137\000l\000u\000c}{chapter.5}% 86
\BOOKMARK [2][-]{subsection.5.18.1}{\376\377\0005\000.\0001\0008\000.\0001\000\040\000D\000e\000t\000a\000i\000l\000e\000d\000\040\000D\000e\000s\000c\000r\000i\000p\000t\000i\000o\000n}{section.5.18}% 87
\BOOKMARK [2][-]{subsection.5.18.2}{\376\377\0005\000.\0001\0008\000.\0002\000\040\000F\000u\000n\000c\000t\000i\000o\000n\000/\000S\000u\000b\000r\000o\000u\000t\000i\000n\000e\000\040\000D\000o\000c\000u\000m\000e\000n\000t\000a\000t\000i\000o\000n}{section.5.18}% 88
\BOOKMARK [3][-]{subsubsection.5.18.2.1}{\376\377\0005\000.\0001\0008\000.\0002\000.\0001\000\040\000l\000u\000c}{subsection.5.18.2}% 89
\BOOKMARK [1][-]{section.5.19}{\376\377\0005\000.\0001\0009\000\040\000L\000a\000n\000d\000u\000s\000e\000\137\000c\000h\000a\000n\000g\000e\000\137\000a\000d\000j\000u\000s\000t\000\137\000l\000u\000c\000\137\000f\000r\000a\000c\000s}{chapter.5}% 90
\BOOKMARK [2][-]{subsection.5.19.1}{\376\377\0005\000.\0001\0009\000.\0001\000\040\000D\000e\000t\000a\000i\000l\000e\000d\000\040\000D\000e\000s\000c\000r\000i\000p\000t\000i\000o\000n}{section.5.19}% 91
\BOOKMARK [1][-]{section.5.20}{\376\377\0005\000.\0002\0000\000\040\000L\000a\000n\000d\000u\000s\000e\000\137\000c\000h\000a\000n\000g\000e\000\137\000a\000d\000j\000u\000s\000t\000\137\000f\000r\000a\000c\000s\000\137\000c\000o\000m\000p}{chapter.5}% 92
\BOOKMARK [2][-]{subsection.5.20.1}{\376\377\0005\000.\0002\0000\000.\0001\000\040\000D\000e\000t\000a\000i\000l\000e\000d\000\040\000D\000e\000s\000c\000r\000i\000p\000t\000i\000o\000n}{section.5.20}% 93
\BOOKMARK [0][-]{chapter.6}{\376\377\0006\000\040\000D\000a\000t\000a\000\040\000T\000y\000p\000e\000\040\000D\000o\000c\000u\000m\000e\000n\000t\000a\000t\000i\000o\000n}{}% 94
\BOOKMARK [1][-]{section.6.1}{\376\377\0006\000.\0001\000\040\000c\000t\000e\000m\000\137\000s\000t\000a\000t\000e\000v\000a\000r\000s\000:\000:\000c\000l\000a\000s\000s\000\137\000m\000o\000y\000r\000\137\000o\000u\000t\000p\000u\000t\000\040\000T\000y\000p\000e\000\040\000R\000e\000f\000e\000r\000e\000n\000c\000e}{chapter.6}% 95
\BOOKMARK [2][-]{subsection.6.1.1}{\376\377\0006\000.\0001\000.\0001\000\040\000D\000e\000t\000a\000i\000l\000e\000d\000\040\000D\000e\000s\000c\000r\000i\000p\000t\000i\000o\000n}{section.6.1}% 96
\BOOKMARK [1][-]{section.6.2}{\376\377\0006\000.\0002\000\040\000c\000t\000e\000m\000\137\000s\000t\000a\000t\000e\000v\000a\000r\000s\000:\000:\000c\000t\000e\000m\000\137\000a\000n\000n\000u\000a\000l\000\040\000T\000y\000p\000e\000\040\000R\000e\000f\000e\000r\000e\000n\000c\000e}{chapter.6}% 97
\BOOKMARK [2][-]{subsection.6.2.1}{\376\377\0006\000.\0002\000.\0001\000\040\000D\000e\000t\000a\000i\000l\000e\000d\000\040\000D\000e\000s\000c\000r\000i\000p\000t\000i\000o\000n}{section.6.2}% 98
\BOOKMARK [1][-]{section.6.3}{\376\377\0006\000.\0003\000\040\000c\000t\000e\000m\000\137\000s\000t\000a\000t\000e\000v\000a\000r\000s\000:\000:\000c\000t\000e\000m\000\137\000g\000r\000i\000d\000a\000v\000g\000\040\000T\000y\000p\000e\000\040\000R\000e\000f\000e\000r\000e\000n\000c\000e}{chapter.6}% 99
\BOOKMARK [2][-]{subsection.6.3.1}{\376\377\0006\000.\0003\000.\0001\000\040\000D\000e\000t\000a\000i\000l\000e\000d\000\040\000D\000e\000s\000c\000r\000i\000p\000t\000i\000o\000n}{section.6.3}% 100
\BOOKMARK [1][-]{section.6.4}{\376\377\0006\000.\0004\000\040\000c\000t\000e\000m\000\137\000s\000t\000a\000t\000e\000v\000a\000r\000s\000:\000:\000c\000t\000e\000m\000\137\000g\000r\000i\000d\000a\000v\000g\000\137\000a\000n\000n\000u\000a\000l\000\040\000T\000y\000p\000e\000\040\000R\000e\000f\000e\000r\000e\000n\000c\000e}{chapter.6}% 101
\BOOKMARK [2][-]{subsection.6.4.1}{\376\377\0006\000.\0004\000.\0001\000\040\000D\000e\000t\000a\000i\000l\000e\000d\000\040\000D\000e\000s\000c\000r\000i\000p\000t\000i\000o\000n}{section.6.4}% 102
\BOOKMARK [1][-]{section.6.5}{\376\377\0006\000.\0005\000\040\000c\000t\000e\000m\000\137\000s\000t\000a\000t\000e\000v\000a\000r\000s\000:\000:\000c\000t\000e\000m\000\137\000g\000r\000i\000d\000a\000v\000g\000\137\000m\000o\000n\000t\000h\000l\000y\000\040\000T\000y\000p\000e\000\040\000R\000e\000f\000e\000r\000e\000n\000c\000e}{chapter.6}% 103
\BOOKMARK [2][-]{subsection.6.5.1}{\376\377\0006\000.\0005\000.\0001\000\040\000D\000e\000t\000a\000i\000l\000e\000d\000\040\000D\000e\000s\000c\000r\000i\000p\000t\000i\000o\000n}{section.6.5}% 104
\BOOKMARK [1][-]{section.6.6}{\376\377\0006\000.\0006\000\040\000c\000t\000e\000m\000\137\000s\000t\000a\000t\000e\000v\000a\000r\000s\000:\000:\000c\000t\000e\000m\000\137\000m\000o\000n\000t\000h\000l\000y\000\040\000T\000y\000p\000e\000\040\000R\000e\000f\000e\000r\000e\000n\000c\000e}{chapter.6}% 105
\BOOKMARK [2][-]{subsection.6.6.1}{\376\377\0006\000.\0006\000.\0001\000\040\000D\000e\000t\000a\000i\000l\000e\000d\000\040\000D\000e\000s\000c\000r\000i\000p\000t\000i\000o\000n}{section.6.6}% 106
\BOOKMARK [1][-]{section.6.7}{\376\377\0006\000.\0007\000\040\000c\000t\000e\000m\000\137\000s\000t\000a\000t\000e\000v\000a\000r\000s\000:\000:\000c\000t\000e\000m\000\137\000s\000w\000i\000t\000c\000h\000e\000s\000\040\000T\000y\000p\000e\000\040\000R\000e\000f\000e\000r\000e\000n\000c\000e}{chapter.6}% 107
\BOOKMARK [2][-]{subsection.6.7.1}{\376\377\0006\000.\0007\000.\0001\000\040\000D\000e\000t\000a\000i\000l\000e\000d\000\040\000D\000e\000s\000c\000r\000i\000p\000t\000i\000o\000n}{section.6.7}% 108
\BOOKMARK [1][-]{section.6.8}{\376\377\0006\000.\0008\000\040\000c\000t\000e\000m\000\137\000s\000t\000a\000t\000e\000v\000a\000r\000s\000:\000:\000c\000t\000e\000m\000\137\000t\000i\000l\000e\000\137\000l\000e\000v\000e\000l\000\040\000T\000y\000p\000e\000\040\000R\000e\000f\000e\000r\000e\000n\000c\000e}{chapter.6}% 109
\BOOKMARK [2][-]{subsection.6.8.1}{\376\377\0006\000.\0008\000.\0001\000\040\000D\000e\000t\000a\000i\000l\000e\000d\000\040\000D\000e\000s\000c\000r\000i\000p\000t\000i\000o\000n}{section.6.8}% 110
\BOOKMARK [1][-]{section.6.9}{\376\377\0006\000.\0009\000\040\000c\000t\000e\000m\000\137\000s\000t\000a\000t\000e\000v\000a\000r\000s\000:\000:\000c\000t\000e\000m\000\137\000t\000i\000l\000e\000a\000v\000g\000\137\000a\000n\000n\000u\000a\000l\000\040\000T\000y\000p\000e\000\040\000R\000e\000f\000e\000r\000e\000n\000c\000e}{chapter.6}% 111
\BOOKMARK [2][-]{subsection.6.9.1}{\376\377\0006\000.\0009\000.\0001\000\040\000D\000e\000t\000a\000i\000l\000e\000d\000\040\000D\000e\000s\000c\000r\000i\000p\000t\000i\000o\000n}{section.6.9}% 112
\BOOKMARK [1][-]{section.6.10}{\376\377\0006\000.\0001\0000\000\040\000c\000t\000e\000m\000\137\000s\000t\000a\000t\000e\000v\000a\000r\000s\000:\000:\000c\000t\000e\000m\000\137\000t\000i\000l\000e\000a\000v\000g\000\137\000m\000o\000n\000t\000h\000l\000y\000\040\000T\000y\000p\000e\000\040\000R\000e\000f\000e\000r\000e\000n\000c\000e}{chapter.6}% 113
\BOOKMARK [2][-]{subsection.6.10.1}{\376\377\0006\000.\0001\0000\000.\0001\000\040\000D\000e\000t\000a\000i\000l\000e\000d\000\040\000D\000e\000s\000c\000r\000i\000p\000t\000i\000o\000n}{section.6.10}% 114
\BOOKMARK [1][-]{section.6.11}{\376\377\0006\000.\0001\0001\000\040\000c\000t\000e\000m\000\137\000s\000t\000a\000t\000e\000v\000a\000r\000s\000:\000:\000v\000e\000g\000\137\000g\000a\000t\000\040\000T\000y\000p\000e\000\040\000R\000e\000f\000e\000r\000e\000n\000c\000e}{chapter.6}% 115
\BOOKMARK [2][-]{subsection.6.11.1}{\376\377\0006\000.\0001\0001\000.\0001\000\040\000D\000e\000t\000a\000i\000l\000e\000d\000\040\000D\000e\000s\000c\000r\000i\000p\000t\000i\000o\000n}{section.6.11}% 116
\BOOKMARK [1][-]{section.6.12}{\376\377\0006\000.\0001\0002\000\040\000c\000t\000e\000m\000\137\000s\000t\000a\000t\000e\000v\000a\000r\000s\000:\000:\000v\000e\000g\000\137\000r\000o\000t\000\040\000T\000y\000p\000e\000\040\000R\000e\000f\000e\000r\000e\000n\000c\000e}{chapter.6}% 117
\BOOKMARK [2][-]{subsection.6.12.1}{\376\377\0006\000.\0001\0002\000.\0001\000\040\000D\000e\000t\000a\000i\000l\000e\000d\000\040\000D\000e\000s\000c\000r\000i\000p\000t\000i\000o\000n}{section.6.12}% 118
\BOOKMARK [0][-]{chapter.7}{\376\377\0007\000\040\000F\000i\000l\000e\000\040\000D\000o\000c\000u\000m\000e\000n\000t\000a\000t\000i\000o\000n}{}% 119
\BOOKMARK [1][-]{section.7.1}{\376\377\0007\000.\0001\000\040\000a\000l\000l\000o\000c\000a\000t\000e\000.\000f\000\040\000F\000i\000l\000e\000\040\000R\000e\000f\000e\000r\000e\000n\000c\000e}{chapter.7}% 120
\BOOKMARK [2][-]{subsection.7.1.1}{\376\377\0007\000.\0001\000.\0001\000\040\000D\000e\000t\000a\000i\000l\000e\000d\000\040\000D\000e\000s\000c\000r\000i\000p\000t\000i\000o\000n}{section.7.1}% 121
\BOOKMARK [2][-]{subsection.7.1.2}{\376\377\0007\000.\0001\000.\0002\000\040\000F\000u\000n\000c\000t\000i\000o\000n\000/\000S\000u\000b\000r\000o\000u\000t\000i\000n\000e\000\040\000D\000o\000c\000u\000m\000e\000n\000t\000a\000t\000i\000o\000n}{section.7.1}% 122
\BOOKMARK [3][-]{subsubsection.7.1.2.1}{\376\377\0007\000.\0001\000.\0002\000.\0001\000\040\000a\000l\000l\000o\000c\000a\000t\000e}{subsection.7.1.2}% 123
\BOOKMARK [1][-]{section.7.2}{\376\377\0007\000.\0002\000\040\000A\000P\000R\000E\000P\000.\000f\000\040\000F\000i\000l\000e\000\040\000R\000e\000f\000e\000r\000e\000n\000c\000e}{chapter.7}% 124
\BOOKMARK [2][-]{subsection.7.2.1}{\376\377\0007\000.\0002\000.\0001\000\040\000D\000e\000t\000a\000i\000l\000e\000d\000\040\000D\000e\000s\000c\000r\000i\000p\000t\000i\000o\000n}{section.7.2}% 125
\BOOKMARK [2][-]{subsection.7.2.2}{\376\377\0007\000.\0002\000.\0002\000\040\000F\000u\000n\000c\000t\000i\000o\000n\000/\000S\000u\000b\000r\000o\000u\000t\000i\000n\000e\000\040\000D\000o\000c\000u\000m\000e\000n\000t\000a\000t\000i\000o\000n}{section.7.2}% 126
\BOOKMARK [3][-]{subsubsection.7.2.2.1}{\376\377\0007\000.\0002\000.\0002\000.\0001\000\040\000a\000p\000r\000e\000p}{subsection.7.2.2}% 127
\BOOKMARK [1][-]{section.7.3}{\376\377\0007\000.\0003\000\040\000b\000a\000l\000c\000a\000r\000.\000f\000\040\000F\000i\000l\000e\000\040\000R\000e\000f\000e\000r\000e\000n\000c\000e}{chapter.7}% 128
\BOOKMARK [2][-]{subsection.7.3.1}{\376\377\0007\000.\0003\000.\0001\000\040\000D\000e\000t\000a\000i\000l\000e\000d\000\040\000D\000e\000s\000c\000r\000i\000p\000t\000i\000o\000n}{section.7.3}% 129
\BOOKMARK [2][-]{subsection.7.3.2}{\376\377\0007\000.\0003\000.\0002\000\040\000F\000u\000n\000c\000t\000i\000o\000n\000/\000S\000u\000b\000r\000o\000u\000t\000i\000n\000e\000\040\000D\000o\000c\000u\000m\000e\000n\000t\000a\000t\000i\000o\000n}{section.7.3}% 130
\BOOKMARK [3][-]{subsubsection.7.3.2.1}{\376\377\0007\000.\0003\000.\0002\000.\0001\000\040\000b\000a\000l\000c\000a\000r}{subsection.7.3.2}% 131
\BOOKMARK [1][-]{section.7.4}{\376\377\0007\000.\0004\000\040\000b\000i\000o\0002\000s\000t\000r\000.\000f\000\040\000F\000i\000l\000e\000\040\000R\000e\000f\000e\000r\000e\000n\000c\000e}{chapter.7}% 132
\BOOKMARK [2][-]{subsection.7.4.1}{\376\377\0007\000.\0004\000.\0001\000\040\000D\000e\000t\000a\000i\000l\000e\000d\000\040\000D\000e\000s\000c\000r\000i\000p\000t\000i\000o\000n}{section.7.4}% 133
\BOOKMARK [2][-]{subsection.7.4.2}{\376\377\0007\000.\0004\000.\0002\000\040\000F\000u\000n\000c\000t\000i\000o\000n\000/\000S\000u\000b\000r\000o\000u\000t\000i\000n\000e\000\040\000D\000o\000c\000u\000m\000e\000n\000t\000a\000t\000i\000o\000n}{section.7.4}% 134
\BOOKMARK [3][-]{subsubsection.7.4.2.1}{\376\377\0007\000.\0004\000.\0002\000.\0001\000\040\000b\000i\000o\0002\000s\000t\000r}{subsection.7.4.2}% 135
\BOOKMARK [1][-]{section.7.5}{\376\377\0007\000.\0005\000\040\000C\000A\000N\000A\000D\000D\000.\000f\000\040\000F\000i\000l\000e\000\040\000R\000e\000f\000e\000r\000e\000n\000c\000e}{chapter.7}% 136
\BOOKMARK [2][-]{subsection.7.5.1}{\376\377\0007\000.\0005\000.\0001\000\040\000D\000e\000t\000a\000i\000l\000e\000d\000\040\000D\000e\000s\000c\000r\000i\000p\000t\000i\000o\000n}{section.7.5}% 137
\BOOKMARK [2][-]{subsection.7.5.2}{\376\377\0007\000.\0005\000.\0002\000\040\000F\000u\000n\000c\000t\000i\000o\000n\000/\000S\000u\000b\000r\000o\000u\000t\000i\000n\000e\000\040\000D\000o\000c\000u\000m\000e\000n\000t\000a\000t\000i\000o\000n}{section.7.5}% 138
\BOOKMARK [3][-]{subsubsection.7.5.2.1}{\376\377\0007\000.\0005\000.\0002\000.\0001\000\040\000c\000a\000n\000a\000d\000d}{subsection.7.5.2}% 139
\BOOKMARK [1][-]{section.7.6}{\376\377\0007\000.\0006\000\040\000C\000A\000N\000A\000L\000B\000.\000f\000\040\000F\000i\000l\000e\000\040\000R\000e\000f\000e\000r\000e\000n\000c\000e}{chapter.7}% 140
\BOOKMARK [2][-]{subsection.7.6.1}{\376\377\0007\000.\0006\000.\0001\000\040\000D\000e\000t\000a\000i\000l\000e\000d\000\040\000D\000e\000s\000c\000r\000i\000p\000t\000i\000o\000n}{section.7.6}% 141
\BOOKMARK [2][-]{subsection.7.6.2}{\376\377\0007\000.\0006\000.\0002\000\040\000F\000u\000n\000c\000t\000i\000o\000n\000/\000S\000u\000b\000r\000o\000u\000t\000i\000n\000e\000\040\000D\000o\000c\000u\000m\000e\000n\000t\000a\000t\000i\000o\000n}{section.7.6}% 142
\BOOKMARK [3][-]{subsubsection.7.6.2.1}{\376\377\0007\000.\0006\000.\0002\000.\0001\000\040\000c\000a\000n\000a\000l\000b}{subsection.7.6.2}% 143
\BOOKMARK [1][-]{section.7.7}{\376\377\0007\000.\0007\000\040\000C\000A\000N\000V\000A\000P\000.\000f\000\040\000F\000i\000l\000e\000\040\000R\000e\000f\000e\000r\000e\000n\000c\000e}{chapter.7}% 144
\BOOKMARK [2][-]{subsection.7.7.1}{\376\377\0007\000.\0007\000.\0001\000\040\000D\000e\000t\000a\000i\000l\000e\000d\000\040\000D\000e\000s\000c\000r\000i\000p\000t\000i\000o\000n}{section.7.7}% 145
\BOOKMARK [2][-]{subsection.7.7.2}{\376\377\0007\000.\0007\000.\0002\000\040\000F\000u\000n\000c\000t\000i\000o\000n\000/\000S\000u\000b\000r\000o\000u\000t\000i\000n\000e\000\040\000D\000o\000c\000u\000m\000e\000n\000t\000a\000t\000i\000o\000n}{section.7.7}% 146
\BOOKMARK [3][-]{subsubsection.7.7.2.1}{\376\377\0007\000.\0007\000.\0002\000.\0001\000\040\000c\000a\000n\000v\000a\000p}{subsection.7.7.2}% 147
\BOOKMARK [1][-]{section.7.8}{\376\377\0007\000.\0008\000\040\000C\000G\000R\000O\000W\000.\000f\000\040\000F\000i\000l\000e\000\040\000R\000e\000f\000e\000r\000e\000n\000c\000e}{chapter.7}% 148
\BOOKMARK [2][-]{subsection.7.8.1}{\376\377\0007\000.\0008\000.\0001\000\040\000D\000e\000t\000a\000i\000l\000e\000d\000\040\000D\000e\000s\000c\000r\000i\000p\000t\000i\000o\000n}{section.7.8}% 149
\BOOKMARK [2][-]{subsection.7.8.2}{\376\377\0007\000.\0008\000.\0002\000\040\000F\000u\000n\000c\000t\000i\000o\000n\000/\000S\000u\000b\000r\000o\000u\000t\000i\000n\000e\000\040\000D\000o\000c\000u\000m\000e\000n\000t\000a\000t\000i\000o\000n}{section.7.8}% 150
\BOOKMARK [3][-]{subsubsection.7.8.2.1}{\376\377\0007\000.\0008\000.\0002\000.\0001\000\040\000c\000g\000r\000o\000w}{subsection.7.8.2}% 151
\BOOKMARK [1][-]{section.7.9}{\376\377\0007\000.\0009\000\040\000C\000H\000K\000W\000A\000T\000.\000f\000\040\000F\000i\000l\000e\000\040\000R\000e\000f\000e\000r\000e\000n\000c\000e}{chapter.7}% 152
\BOOKMARK [2][-]{subsection.7.9.1}{\376\377\0007\000.\0009\000.\0001\000\040\000D\000e\000t\000a\000i\000l\000e\000d\000\040\000D\000e\000s\000c\000r\000i\000p\000t\000i\000o\000n}{section.7.9}% 153
\BOOKMARK [2][-]{subsection.7.9.2}{\376\377\0007\000.\0009\000.\0002\000\040\000F\000u\000n\000c\000t\000i\000o\000n\000/\000S\000u\000b\000r\000o\000u\000t\000i\000n\000e\000\040\000D\000o\000c\000u\000m\000e\000n\000t\000a\000t\000i\000o\000n}{section.7.9}% 154
\BOOKMARK [3][-]{subsubsection.7.9.2.1}{\376\377\0007\000.\0009\000.\0002\000.\0001\000\040\000c\000h\000k\000w\000a\000t}{subsection.7.9.2}% 155
\BOOKMARK [1][-]{section.7.10}{\376\377\0007\000.\0001\0000\000\040\000C\000L\000A\000S\000S\000A\000.\000f\000\040\000F\000i\000l\000e\000\040\000R\000e\000f\000e\000r\000e\000n\000c\000e}{chapter.7}% 156
\BOOKMARK [2][-]{subsection.7.10.1}{\376\377\0007\000.\0001\0000\000.\0001\000\040\000D\000e\000t\000a\000i\000l\000e\000d\000\040\000D\000e\000s\000c\000r\000i\000p\000t\000i\000o\000n}{section.7.10}% 157
\BOOKMARK [2][-]{subsection.7.10.2}{\376\377\0007\000.\0001\0000\000.\0002\000\040\000F\000u\000n\000c\000t\000i\000o\000n\000/\000S\000u\000b\000r\000o\000u\000t\000i\000n\000e\000\040\000D\000o\000c\000u\000m\000e\000n\000t\000a\000t\000i\000o\000n}{section.7.10}% 158
\BOOKMARK [3][-]{subsubsection.7.10.2.1}{\376\377\0007\000.\0001\0000\000.\0002\000.\0001\000\040\000c\000l\000a\000s\000s\000a}{subsection.7.10.2}% 159
\BOOKMARK [1][-]{section.7.11}{\376\377\0007\000.\0001\0001\000\040\000C\000L\000A\000S\000S\000B\000.\000f\000\040\000F\000i\000l\000e\000\040\000R\000e\000f\000e\000r\000e\000n\000c\000e}{chapter.7}% 160
\BOOKMARK [2][-]{subsection.7.11.1}{\376\377\0007\000.\0001\0001\000.\0001\000\040\000D\000e\000t\000a\000i\000l\000e\000d\000\040\000D\000e\000s\000c\000r\000i\000p\000t\000i\000o\000n}{section.7.11}% 161
\BOOKMARK [2][-]{subsection.7.11.2}{\376\377\0007\000.\0001\0001\000.\0002\000\040\000F\000u\000n\000c\000t\000i\000o\000n\000/\000S\000u\000b\000r\000o\000u\000t\000i\000n\000e\000\040\000D\000o\000c\000u\000m\000e\000n\000t\000a\000t\000i\000o\000n}{section.7.11}% 162
\BOOKMARK [3][-]{subsubsection.7.11.2.1}{\376\377\0007\000.\0001\0001\000.\0002\000.\0001\000\040\000c\000l\000a\000s\000s\000b}{subsection.7.11.2}% 163
\BOOKMARK [1][-]{section.7.12}{\376\377\0007\000.\0001\0002\000\040\000C\000L\000A\000S\000S\000B\000D\000.\000f\000\040\000F\000i\000l\000e\000\040\000R\000e\000f\000e\000r\000e\000n\000c\000e}{chapter.7}% 164
\BOOKMARK [2][-]{subsection.7.12.1}{\376\377\0007\000.\0001\0002\000.\0001\000\040\000D\000e\000t\000a\000i\000l\000e\000d\000\040\000D\000e\000s\000c\000r\000i\000p\000t\000i\000o\000n}{section.7.12}% 165
\BOOKMARK [1][-]{section.7.13}{\376\377\0007\000.\0001\0003\000\040\000C\000L\000A\000S\000S\000D\000.\000f\000\040\000F\000i\000l\000e\000\040\000R\000e\000f\000e\000r\000e\000n\000c\000e}{chapter.7}% 166
\BOOKMARK [2][-]{subsection.7.13.1}{\376\377\0007\000.\0001\0003\000.\0001\000\040\000D\000e\000t\000a\000i\000l\000e\000d\000\040\000D\000e\000s\000c\000r\000i\000p\000t\000i\000o\000n}{section.7.13}% 167
\BOOKMARK [1][-]{section.7.14}{\376\377\0007\000.\0001\0004\000\040\000C\000L\000A\000S\000S\000G\000.\000f\000\040\000F\000i\000l\000e\000\040\000R\000e\000f\000e\000r\000e\000n\000c\000e}{chapter.7}% 168
\BOOKMARK [2][-]{subsection.7.14.1}{\376\377\0007\000.\0001\0004\000.\0001\000\040\000D\000e\000t\000a\000i\000l\000e\000d\000\040\000D\000e\000s\000c\000r\000i\000p\000t\000i\000o\000n}{section.7.14}% 169
\BOOKMARK [2][-]{subsection.7.14.2}{\376\377\0007\000.\0001\0004\000.\0002\000\040\000F\000u\000n\000c\000t\000i\000o\000n\000/\000S\000u\000b\000r\000o\000u\000t\000i\000n\000e\000\040\000D\000o\000c\000u\000m\000e\000n\000t\000a\000t\000i\000o\000n}{section.7.14}% 170
\BOOKMARK [3][-]{subsubsection.7.14.2.1}{\376\377\0007\000.\0001\0004\000.\0002\000.\0001\000\040\000c\000l\000a\000s\000s\000g}{subsection.7.14.2}% 171
\BOOKMARK [1][-]{section.7.15}{\376\377\0007\000.\0001\0005\000\040\000C\000L\000A\000S\000S\000I\000.\000f\000\040\000F\000i\000l\000e\000\040\000R\000e\000f\000e\000r\000e\000n\000c\000e}{chapter.7}% 172
\BOOKMARK [2][-]{subsection.7.15.1}{\376\377\0007\000.\0001\0005\000.\0001\000\040\000D\000e\000t\000a\000i\000l\000e\000d\000\040\000D\000e\000s\000c\000r\000i\000p\000t\000i\000o\000n}{section.7.15}% 173
\BOOKMARK [2][-]{subsection.7.15.2}{\376\377\0007\000.\0001\0005\000.\0002\000\040\000F\000u\000n\000c\000t\000i\000o\000n\000/\000S\000u\000b\000r\000o\000u\000t\000i\000n\000e\000\040\000D\000o\000c\000u\000m\000e\000n\000t\000a\000t\000i\000o\000n}{section.7.15}% 174
\BOOKMARK [3][-]{subsubsection.7.15.2.1}{\376\377\0007\000.\0001\0005\000.\0002\000.\0001\000\040\000c\000l\000a\000s\000s\000i}{subsection.7.15.2}% 175
\BOOKMARK [1][-]{section.7.16}{\376\377\0007\000.\0001\0006\000\040\000C\000L\000A\000S\000S\000S\000.\000f\000\040\000F\000i\000l\000e\000\040\000R\000e\000f\000e\000r\000e\000n\000c\000e}{chapter.7}% 176
\BOOKMARK [2][-]{subsection.7.16.1}{\376\377\0007\000.\0001\0006\000.\0001\000\040\000D\000e\000t\000a\000i\000l\000e\000d\000\040\000D\000e\000s\000c\000r\000i\000p\000t\000i\000o\000n}{section.7.16}% 177
\BOOKMARK [2][-]{subsection.7.16.2}{\376\377\0007\000.\0001\0006\000.\0002\000\040\000F\000u\000n\000c\000t\000i\000o\000n\000/\000S\000u\000b\000r\000o\000u\000t\000i\000n\000e\000\040\000D\000o\000c\000u\000m\000e\000n\000t\000a\000t\000i\000o\000n}{section.7.16}% 178
\BOOKMARK [3][-]{subsubsection.7.16.2.1}{\376\377\0007\000.\0001\0006\000.\0002\000.\0001\000\040\000c\000l\000a\000s\000s\000s}{subsection.7.16.2}% 179
\BOOKMARK [1][-]{section.7.17}{\376\377\0007\000.\0001\0007\000\040\000C\000L\000A\000S\000S\000T\000.\000f\000\040\000F\000i\000l\000e\000\040\000R\000e\000f\000e\000r\000e\000n\000c\000e}{chapter.7}% 180
\BOOKMARK [2][-]{subsection.7.17.1}{\376\377\0007\000.\0001\0007\000.\0001\000\040\000D\000e\000t\000a\000i\000l\000e\000d\000\040\000D\000e\000s\000c\000r\000i\000p\000t\000i\000o\000n}{section.7.17}% 181
\BOOKMARK [2][-]{subsection.7.17.2}{\376\377\0007\000.\0001\0007\000.\0002\000\040\000F\000u\000n\000c\000t\000i\000o\000n\000/\000S\000u\000b\000r\000o\000u\000t\000i\000n\000e\000\040\000D\000o\000c\000u\000m\000e\000n\000t\000a\000t\000i\000o\000n}{section.7.17}% 182
\BOOKMARK [3][-]{subsubsection.7.17.2.1}{\376\377\0007\000.\0001\0007\000.\0002\000.\0001\000\040\000c\000l\000a\000s\000s\000t}{subsection.7.17.2}% 183
\BOOKMARK [1][-]{section.7.18}{\376\377\0007\000.\0001\0008\000\040\000C\000L\000A\000S\000S\000W\000.\000f\000\040\000F\000i\000l\000e\000\040\000R\000e\000f\000e\000r\000e\000n\000c\000e}{chapter.7}% 184
\BOOKMARK [2][-]{subsection.7.18.1}{\376\377\0007\000.\0001\0008\000.\0001\000\040\000D\000e\000t\000a\000i\000l\000e\000d\000\040\000D\000e\000s\000c\000r\000i\000p\000t\000i\000o\000n}{section.7.18}% 185
\BOOKMARK [2][-]{subsection.7.18.2}{\376\377\0007\000.\0001\0008\000.\0002\000\040\000F\000u\000n\000c\000t\000i\000o\000n\000/\000S\000u\000b\000r\000o\000u\000t\000i\000n\000e\000\040\000D\000o\000c\000u\000m\000e\000n\000t\000a\000t\000i\000o\000n}{section.7.18}% 186
\BOOKMARK [3][-]{subsubsection.7.18.2.1}{\376\377\0007\000.\0001\0008\000.\0002\000.\0001\000\040\000c\000l\000a\000s\000s\000w}{subsection.7.18.2}% 187
\BOOKMARK [1][-]{section.7.19}{\376\377\0007\000.\0001\0009\000\040\000C\000L\000A\000S\000S\000Z\000.\000f\000\040\000F\000i\000l\000e\000\040\000R\000e\000f\000e\000r\000e\000n\000c\000e}{chapter.7}% 188
\BOOKMARK [2][-]{subsection.7.19.1}{\376\377\0007\000.\0001\0009\000.\0001\000\040\000D\000e\000t\000a\000i\000l\000e\000d\000\040\000D\000e\000s\000c\000r\000i\000p\000t\000i\000o\000n}{section.7.19}% 189
\BOOKMARK [2][-]{subsection.7.19.2}{\376\377\0007\000.\0001\0009\000.\0002\000\040\000F\000u\000n\000c\000t\000i\000o\000n\000/\000S\000u\000b\000r\000o\000u\000t\000i\000n\000e\000\040\000D\000o\000c\000u\000m\000e\000n\000t\000a\000t\000i\000o\000n}{section.7.19}% 190
\BOOKMARK [3][-]{subsubsection.7.19.2.1}{\376\377\0007\000.\0001\0009\000.\0002\000.\0001\000\040\000c\000l\000a\000s\000s\000z}{subsection.7.19.2}% 191
\BOOKMARK [1][-]{section.7.20}{\376\377\0007\000.\0002\0000\000\040\000c\000o\000m\000p\000e\000t\000i\000t\000i\000o\000n\000\137\000m\000a\000p\000.\000f\000\040\000F\000i\000l\000e\000\040\000R\000e\000f\000e\000r\000e\000n\000c\000e}{chapter.7}% 192
\BOOKMARK [2][-]{subsection.7.20.1}{\376\377\0007\000.\0002\0000\000.\0001\000\040\000D\000e\000t\000a\000i\000l\000e\000d\000\040\000D\000e\000s\000c\000r\000i\000p\000t\000i\000o\000n}{section.7.20}% 193
\BOOKMARK [2][-]{subsection.7.20.2}{\376\377\0007\000.\0002\0000\000.\0002\000\040\000F\000u\000n\000c\000t\000i\000o\000n\000/\000S\000u\000b\000r\000o\000u\000t\000i\000n\000e\000\040\000D\000o\000c\000u\000m\000e\000n\000t\000a\000t\000i\000o\000n}{section.7.20}% 194
\BOOKMARK [3][-]{subsubsection.7.20.2.1}{\376\377\0007\000.\0002\0000\000.\0002\000.\0001\000\040\000c\000o\000m\000p\000e\000t\000i\000t\000i\000o\000n\000\137\000m\000a\000p}{subsection.7.20.2}% 195
\BOOKMARK [1][-]{section.7.21}{\376\377\0007\000.\0002\0001\000\040\000c\000o\000m\000p\000e\000t\000i\000t\000i\000o\000n\000\137\000m\000o\000d\000.\000f\0009\0000\000\040\000F\000i\000l\000e\000\040\000R\000e\000f\000e\000r\000e\000n\000c\000e}{chapter.7}% 196
\BOOKMARK [2][-]{subsection.7.21.1}{\376\377\0007\000.\0002\0001\000.\0001\000\040\000D\000e\000t\000a\000i\000l\000e\000d\000\040\000D\000e\000s\000c\000r\000i\000p\000t\000i\000o\000n}{section.7.21}% 197
\BOOKMARK [1][-]{section.7.22}{\376\377\0007\000.\0002\0002\000\040\000c\000o\000m\000p\000e\000t\000i\000t\000i\000o\000n\000\137\000u\000n\000m\000a\000p\000.\000f\000\040\000F\000i\000l\000e\000\040\000R\000e\000f\000e\000r\000e\000n\000c\000e}{chapter.7}% 198
\BOOKMARK [2][-]{subsection.7.22.1}{\376\377\0007\000.\0002\0002\000.\0001\000\040\000D\000e\000t\000a\000i\000l\000e\000d\000\040\000D\000e\000s\000c\000r\000i\000p\000t\000i\000o\000n}{section.7.22}% 199
\BOOKMARK [2][-]{subsection.7.22.2}{\376\377\0007\000.\0002\0002\000.\0002\000\040\000F\000u\000n\000c\000t\000i\000o\000n\000/\000S\000u\000b\000r\000o\000u\000t\000i\000n\000e\000\040\000D\000o\000c\000u\000m\000e\000n\000t\000a\000t\000i\000o\000n}{section.7.22}% 200
\BOOKMARK [3][-]{subsubsection.7.22.2.1}{\376\377\0007\000.\0002\0002\000.\0002\000.\0001\000\040\000c\000o\000m\000p\000e\000t\000i\000t\000i\000o\000n\000\137\000u\000n\000m\000a\000p}{subsection.7.22.2}% 201
\BOOKMARK [1][-]{section.7.23}{\376\377\0007\000.\0002\0003\000\040\000c\000t\000e\000m\000.\000f\0009\0000\000\040\000F\000i\000l\000e\000\040\000R\000e\000f\000e\000r\000e\000n\000c\000e}{chapter.7}% 202
\BOOKMARK [2][-]{subsection.7.23.1}{\376\377\0007\000.\0002\0003\000.\0001\000\040\000D\000e\000t\000a\000i\000l\000e\000d\000\040\000D\000e\000s\000c\000r\000i\000p\000t\000i\000o\000n}{section.7.23}% 203
\BOOKMARK [2][-]{subsection.7.23.2}{\376\377\0007\000.\0002\0003\000.\0002\000\040\000F\000u\000n\000c\000t\000i\000o\000n\000/\000S\000u\000b\000r\000o\000u\000t\000i\000n\000e\000\040\000D\000o\000c\000u\000m\000e\000n\000t\000a\000t\000i\000o\000n}{section.7.23}% 204
\BOOKMARK [3][-]{subsubsection.7.23.2.1}{\376\377\0007\000.\0002\0003\000.\0002\000.\0001\000\040\000c\000t\000e\000m}{subsection.7.23.2}% 205
\BOOKMARK [1][-]{section.7.24}{\376\377\0007\000.\0002\0004\000\040\000c\000t\000e\000m\000\137\000p\000a\000r\000a\000m\000s\000.\000f\0009\0000\000\040\000F\000i\000l\000e\000\040\000R\000e\000f\000e\000r\000e\000n\000c\000e}{chapter.7}% 206
\BOOKMARK [1][-]{section.7.25}{\376\377\0007\000.\0002\0005\000\040\000c\000t\000e\000m\000\137\000s\000t\000a\000t\000e\000v\000a\000r\000s\000.\000f\0009\0000\000\040\000F\000i\000l\000e\000\040\000R\000e\000f\000e\000r\000e\000n\000c\000e}{chapter.7}% 207
\BOOKMARK [1][-]{section.7.26}{\376\377\0007\000.\0002\0006\000\040\000c\000t\000e\000m\000g\0001\000.\000f\000\040\000F\000i\000l\000e\000\040\000R\000e\000f\000e\000r\000e\000n\000c\000e}{chapter.7}% 208
\BOOKMARK [2][-]{subsection.7.26.1}{\376\377\0007\000.\0002\0006\000.\0001\000\040\000D\000e\000t\000a\000i\000l\000e\000d\000\040\000D\000e\000s\000c\000r\000i\000p\000t\000i\000o\000n}{section.7.26}% 209
\BOOKMARK [1][-]{section.7.27}{\376\377\0007\000.\0002\0007\000\040\000c\000t\000e\000m\000g\0002\000.\000f\000\040\000F\000i\000l\000e\000\040\000R\000e\000f\000e\000r\000e\000n\000c\000e}{chapter.7}% 210
\BOOKMARK [2][-]{subsection.7.27.1}{\376\377\0007\000.\0002\0007\000.\0001\000\040\000D\000e\000t\000a\000i\000l\000e\000d\000\040\000D\000e\000s\000c\000r\000i\000p\000t\000i\000o\000n}{section.7.27}% 211
\BOOKMARK [1][-]{section.7.28}{\376\377\0007\000.\0002\0008\000\040\000c\000t\000e\000m\000s\0001\000.\000f\000\040\000F\000i\000l\000e\000\040\000R\000e\000f\000e\000r\000e\000n\000c\000e}{chapter.7}% 212
\BOOKMARK [2][-]{subsection.7.28.1}{\376\377\0007\000.\0002\0008\000.\0001\000\040\000D\000e\000t\000a\000i\000l\000e\000d\000\040\000D\000e\000s\000c\000r\000i\000p\000t\000i\000o\000n}{section.7.28}% 213
\BOOKMARK [1][-]{section.7.29}{\376\377\0007\000.\0002\0009\000\040\000c\000t\000e\000m\000s\0002\000.\000f\000\040\000F\000i\000l\000e\000\040\000R\000e\000f\000e\000r\000e\000n\000c\000e}{chapter.7}% 214
\BOOKMARK [2][-]{subsection.7.29.1}{\376\377\0007\000.\0002\0009\000.\0001\000\040\000D\000e\000t\000a\000i\000l\000e\000d\000\040\000D\000e\000s\000c\000r\000i\000p\000t\000i\000o\000n}{section.7.29}% 215
\BOOKMARK [1][-]{section.7.30}{\376\377\0007\000.\0003\0000\000\040\000C\000W\000C\000A\000L\000C\000.\000f\000\040\000F\000i\000l\000e\000\040\000R\000e\000f\000e\000r\000e\000n\000c\000e}{chapter.7}% 216
\BOOKMARK [2][-]{subsection.7.30.1}{\376\377\0007\000.\0003\0000\000.\0001\000\040\000D\000e\000t\000a\000i\000l\000e\000d\000\040\000D\000e\000s\000c\000r\000i\000p\000t\000i\000o\000n}{section.7.30}% 217
\BOOKMARK [2][-]{subsection.7.30.2}{\376\377\0007\000.\0003\0000\000.\0002\000\040\000F\000u\000n\000c\000t\000i\000o\000n\000/\000S\000u\000b\000r\000o\000u\000t\000i\000n\000e\000\040\000D\000o\000c\000u\000m\000e\000n\000t\000a\000t\000i\000o\000n}{section.7.30}% 218
\BOOKMARK [3][-]{subsubsection.7.30.2.1}{\376\377\0007\000.\0003\0000\000.\0002\000.\0001\000\040\000c\000w\000c\000a\000l\000c}{subsection.7.30.2}% 219
\BOOKMARK [1][-]{section.7.31}{\376\377\0007\000.\0003\0001\000\040\000d\000i\000s\000t\000u\000r\000b\000.\000f\0009\0000\000\040\000F\000i\000l\000e\000\040\000R\000e\000f\000e\000r\000e\000n\000c\000e}{chapter.7}% 220
\BOOKMARK [2][-]{subsection.7.31.1}{\376\377\0007\000.\0003\0001\000.\0001\000\040\000D\000e\000t\000a\000i\000l\000e\000d\000\040\000D\000e\000s\000c\000r\000i\000p\000t\000i\000o\000n}{section.7.31}% 221
\BOOKMARK [1][-]{section.7.32}{\376\377\0007\000.\0003\0002\000\040\000D\000R\000C\000O\000E\000F\000.\000f\000\040\000F\000i\000l\000e\000\040\000R\000e\000f\000e\000r\000e\000n\000c\000e}{chapter.7}% 222
\BOOKMARK [2][-]{subsection.7.32.1}{\376\377\0007\000.\0003\0002\000.\0001\000\040\000D\000e\000t\000a\000i\000l\000e\000d\000\040\000D\000e\000s\000c\000r\000i\000p\000t\000i\000o\000n}{section.7.32}% 223
\BOOKMARK [2][-]{subsection.7.32.2}{\376\377\0007\000.\0003\0002\000.\0002\000\040\000F\000u\000n\000c\000t\000i\000o\000n\000/\000S\000u\000b\000r\000o\000u\000t\000i\000n\000e\000\040\000D\000o\000c\000u\000m\000e\000n\000t\000a\000t\000i\000o\000n}{section.7.32}% 224
\BOOKMARK [3][-]{subsubsection.7.32.2.1}{\376\377\0007\000.\0003\0002\000.\0002\000.\0001\000\040\000d\000r\000c\000o\000e\000f}{subsection.7.32.2}% 225
\BOOKMARK [1][-]{section.7.33}{\376\377\0007\000.\0003\0003\000\040\000G\000A\000T\000P\000R\000E\000P\000.\000f\000\040\000F\000i\000l\000e\000\040\000R\000e\000f\000e\000r\000e\000n\000c\000e}{chapter.7}% 226
\BOOKMARK [2][-]{subsection.7.33.1}{\376\377\0007\000.\0003\0003\000.\0001\000\040\000D\000e\000t\000a\000i\000l\000e\000d\000\040\000D\000e\000s\000c\000r\000i\000p\000t\000i\000o\000n}{section.7.33}% 227
\BOOKMARK [2][-]{subsection.7.33.2}{\376\377\0007\000.\0003\0003\000.\0002\000\040\000F\000u\000n\000c\000t\000i\000o\000n\000/\000S\000u\000b\000r\000o\000u\000t\000i\000n\000e\000\040\000D\000o\000c\000u\000m\000e\000n\000t\000a\000t\000i\000o\000n}{section.7.33}% 228
\BOOKMARK [3][-]{subsubsection.7.33.2.1}{\376\377\0007\000.\0003\0003\000.\0002\000.\0001\000\040\000g\000a\000t\000p\000r\000e\000p}{subsection.7.33.2}% 229
\BOOKMARK [1][-]{section.7.34}{\376\377\0007\000.\0003\0004\000\040\000G\000A\000U\000S\000S\000G\000.\000f\000\040\000F\000i\000l\000e\000\040\000R\000e\000f\000e\000r\000e\000n\000c\000e}{chapter.7}% 230
\BOOKMARK [2][-]{subsection.7.34.1}{\376\377\0007\000.\0003\0004\000.\0001\000\040\000D\000e\000t\000a\000i\000l\000e\000d\000\040\000D\000e\000s\000c\000r\000i\000p\000t\000i\000o\000n}{section.7.34}% 231
\BOOKMARK [1][-]{section.7.35}{\376\377\0007\000.\0003\0005\000\040\000G\000R\000A\000L\000B\000.\000f\000\040\000F\000i\000l\000e\000\040\000R\000e\000f\000e\000r\000e\000n\000c\000e}{chapter.7}% 232
\BOOKMARK [2][-]{subsection.7.35.1}{\376\377\0007\000.\0003\0005\000.\0001\000\040\000D\000e\000t\000a\000i\000l\000e\000d\000\040\000D\000e\000s\000c\000r\000i\000p\000t\000i\000o\000n}{section.7.35}% 233
\BOOKMARK [2][-]{subsection.7.35.2}{\376\377\0007\000.\0003\0005\000.\0002\000\040\000F\000u\000n\000c\000t\000i\000o\000n\000/\000S\000u\000b\000r\000o\000u\000t\000i\000n\000e\000\040\000D\000o\000c\000u\000m\000e\000n\000t\000a\000t\000i\000o\000n}{section.7.35}% 234
\BOOKMARK [3][-]{subsubsection.7.35.2.1}{\376\377\0007\000.\0003\0005\000.\0002\000.\0001\000\040\000g\000r\000a\000l\000b}{subsection.7.35.2}% 235
\BOOKMARK [1][-]{section.7.36}{\376\377\0007\000.\0003\0006\000\040\000G\000R\000D\000R\000A\000N\000.\000f\000\040\000F\000i\000l\000e\000\040\000R\000e\000f\000e\000r\000e\000n\000c\000e}{chapter.7}% 236
\BOOKMARK [2][-]{subsection.7.36.1}{\376\377\0007\000.\0003\0006\000.\0001\000\040\000D\000e\000t\000a\000i\000l\000e\000d\000\040\000D\000e\000s\000c\000r\000i\000p\000t\000i\000o\000n}{section.7.36}% 237
\BOOKMARK [2][-]{subsection.7.36.2}{\376\377\0007\000.\0003\0006\000.\0002\000\040\000F\000u\000n\000c\000t\000i\000o\000n\000/\000S\000u\000b\000r\000o\000u\000t\000i\000n\000e\000\040\000D\000o\000c\000u\000m\000e\000n\000t\000a\000t\000i\000o\000n}{section.7.36}% 238
\BOOKMARK [3][-]{subsubsection.7.36.2.1}{\376\377\0007\000.\0003\0006\000.\0002\000.\0001\000\040\000g\000r\000d\000r\000a\000n}{subsection.7.36.2}% 239
\BOOKMARK [1][-]{section.7.37}{\376\377\0007\000.\0003\0007\000\040\000G\000R\000I\000N\000F\000L\000.\000f\000\040\000F\000i\000l\000e\000\040\000R\000e\000f\000e\000r\000e\000n\000c\000e}{chapter.7}% 240
\BOOKMARK [2][-]{subsection.7.37.1}{\376\377\0007\000.\0003\0007\000.\0001\000\040\000D\000e\000t\000a\000i\000l\000e\000d\000\040\000D\000e\000s\000c\000r\000i\000p\000t\000i\000o\000n}{section.7.37}% 241
\BOOKMARK [2][-]{subsection.7.37.2}{\376\377\0007\000.\0003\0007\000.\0002\000\040\000F\000u\000n\000c\000t\000i\000o\000n\000/\000S\000u\000b\000r\000o\000u\000t\000i\000n\000e\000\040\000D\000o\000c\000u\000m\000e\000n\000t\000a\000t\000i\000o\000n}{section.7.37}% 242
\BOOKMARK [3][-]{subsubsection.7.37.2.1}{\376\377\0007\000.\0003\0007\000.\0002\000.\0001\000\040\000g\000r\000i\000n\000f\000l}{subsection.7.37.2}% 243
\BOOKMARK [1][-]{section.7.38}{\376\377\0007\000.\0003\0008\000\040\000h\000e\000t\000r\000e\000s\000g\000.\000f\000\040\000F\000i\000l\000e\000\040\000R\000e\000f\000e\000r\000e\000n\000c\000e}{chapter.7}% 244
\BOOKMARK [2][-]{subsection.7.38.1}{\376\377\0007\000.\0003\0008\000.\0001\000\040\000D\000e\000t\000a\000i\000l\000e\000d\000\040\000D\000e\000s\000c\000r\000i\000p\000t\000i\000o\000n}{section.7.38}% 245
\BOOKMARK [2][-]{subsection.7.38.2}{\376\377\0007\000.\0003\0008\000.\0002\000\040\000F\000u\000n\000c\000t\000i\000o\000n\000/\000S\000u\000b\000r\000o\000u\000t\000i\000n\000e\000\040\000D\000o\000c\000u\000m\000e\000n\000t\000a\000t\000i\000o\000n}{section.7.38}% 246
\BOOKMARK [3][-]{subsubsection.7.38.2.1}{\376\377\0007\000.\0003\0008\000.\0002\000.\0001\000\040\000h\000e\000t\000r\000e\000s\000g}{subsection.7.38.2}% 247
\BOOKMARK [1][-]{section.7.39}{\376\377\0007\000.\0003\0009\000\040\000h\000e\000t\000r\000e\000s\000v\000.\000f\000\040\000F\000i\000l\000e\000\040\000R\000e\000f\000e\000r\000e\000n\000c\000e}{chapter.7}% 248
\BOOKMARK [2][-]{subsection.7.39.1}{\376\377\0007\000.\0003\0009\000.\0001\000\040\000D\000e\000t\000a\000i\000l\000e\000d\000\040\000D\000e\000s\000c\000r\000i\000p\000t\000i\000o\000n}{section.7.39}% 249
\BOOKMARK [2][-]{subsection.7.39.2}{\376\377\0007\000.\0003\0009\000.\0002\000\040\000F\000u\000n\000c\000t\000i\000o\000n\000/\000S\000u\000b\000r\000o\000u\000t\000i\000n\000e\000\040\000D\000o\000c\000u\000m\000e\000n\000t\000a\000t\000i\000o\000n}{section.7.39}% 250
\BOOKMARK [3][-]{subsubsection.7.39.2.1}{\376\377\0007\000.\0003\0009\000.\0002\000.\0001\000\040\000h\000e\000t\000r\000e\000s\000v}{subsection.7.39.2}% 251
\BOOKMARK [1][-]{section.7.40}{\376\377\0007\000.\0004\0000\000\040\000I\000C\000E\000B\000A\000L\000.\000f\000\040\000F\000i\000l\000e\000\040\000R\000e\000f\000e\000r\000e\000n\000c\000e}{chapter.7}% 252
\BOOKMARK [2][-]{subsection.7.40.1}{\376\377\0007\000.\0004\0000\000.\0001\000\040\000D\000e\000t\000a\000i\000l\000e\000d\000\040\000D\000e\000s\000c\000r\000i\000p\000t\000i\000o\000n}{section.7.40}% 253
\BOOKMARK [2][-]{subsection.7.40.2}{\376\377\0007\000.\0004\0000\000.\0002\000\040\000F\000u\000n\000c\000t\000i\000o\000n\000/\000S\000u\000b\000r\000o\000u\000t\000i\000n\000e\000\040\000D\000o\000c\000u\000m\000e\000n\000t\000a\000t\000i\000o\000n}{section.7.40}% 254
\BOOKMARK [3][-]{subsubsection.7.40.2.1}{\376\377\0007\000.\0004\0000\000.\0002\000.\0001\000\040\000i\000c\000e\000b\000a\000l}{subsection.7.40.2}% 255
\BOOKMARK [1][-]{section.7.41}{\376\377\0007\000.\0004\0001\000\040\000i\000o\000\137\000d\000r\000i\000v\000e\000r\000.\000f\0009\0000\000\040\000F\000i\000l\000e\000\040\000R\000e\000f\000e\000r\000e\000n\000c\000e}{chapter.7}% 256
\BOOKMARK [2][-]{subsection.7.41.1}{\376\377\0007\000.\0004\0001\000.\0001\000\040\000D\000e\000t\000a\000i\000l\000e\000d\000\040\000D\000e\000s\000c\000r\000i\000p\000t\000i\000o\000n}{section.7.41}% 257
\BOOKMARK [1][-]{section.7.42}{\376\377\0007\000.\0004\0002\000\040\000l\000a\000n\000d\000u\000s\000e\000\137\000c\000h\000a\000n\000g\000e\000\137\000m\000o\000d\000.\000f\0009\0000\000\040\000F\000i\000l\000e\000\040\000R\000e\000f\000e\000r\000e\000n\000c\000e}{chapter.7}% 258
\BOOKMARK [2][-]{subsection.7.42.1}{\376\377\0007\000.\0004\0002\000.\0001\000\040\000D\000e\000t\000a\000i\000l\000e\000d\000\040\000D\000e\000s\000c\000r\000i\000p\000t\000i\000o\000n}{section.7.42}% 259
\BOOKMARK [1][-]{section.7.43}{\376\377\0007\000.\0004\0003\000\040\000m\000a\000i\000n\000r\000e\000s\000.\000f\000\040\000F\000i\000l\000e\000\040\000R\000e\000f\000e\000r\000e\000n\000c\000e}{chapter.7}% 260
\BOOKMARK [2][-]{subsection.7.43.1}{\376\377\0007\000.\0004\0003\000.\0001\000\040\000D\000e\000t\000a\000i\000l\000e\000d\000\040\000D\000e\000s\000c\000r\000i\000p\000t\000i\000o\000n}{section.7.43}% 261
\BOOKMARK [2][-]{subsection.7.43.2}{\376\377\0007\000.\0004\0003\000.\0002\000\040\000F\000u\000n\000c\000t\000i\000o\000n\000/\000S\000u\000b\000r\000o\000u\000t\000i\000n\000e\000\040\000D\000o\000c\000u\000m\000e\000n\000t\000a\000t\000i\000o\000n}{section.7.43}% 262
\BOOKMARK [3][-]{subsubsection.7.43.2.1}{\376\377\0007\000.\0004\0003\000.\0002\000.\0001\000\040\000m\000a\000i\000n\000r\000e\000s}{subsection.7.43.2}% 263
\BOOKMARK [1][-]{section.7.44}{\376\377\0007\000.\0004\0004\000\040\000m\000o\000r\000t\000a\000l\000i\000t\000y\000.\000f\000\040\000F\000i\000l\000e\000\040\000R\000e\000f\000e\000r\000e\000n\000c\000e}{chapter.7}% 264
\BOOKMARK [2][-]{subsection.7.44.1}{\376\377\0007\000.\0004\0004\000.\0001\000\040\000D\000e\000t\000a\000i\000l\000e\000d\000\040\000D\000e\000s\000c\000r\000i\000p\000t\000i\000o\000n}{section.7.44}% 265
\BOOKMARK [2][-]{subsection.7.44.2}{\376\377\0007\000.\0004\0004\000.\0002\000\040\000F\000u\000n\000c\000t\000i\000o\000n\000/\000S\000u\000b\000r\000o\000u\000t\000i\000n\000e\000\040\000D\000o\000c\000u\000m\000e\000n\000t\000a\000t\000i\000o\000n}{section.7.44}% 266
\BOOKMARK [3][-]{subsubsection.7.44.2.1}{\376\377\0007\000.\0004\0004\000.\0002\000.\0001\000\040\000m\000o\000r\000t\000a\000l\000t\000y}{subsection.7.44.2}% 267
\BOOKMARK [1][-]{section.7.45}{\376\377\0007\000.\0004\0005\000\040\000m\000v\000i\000d\000x\000.\000f\000\040\000F\000i\000l\000e\000\040\000R\000e\000f\000e\000r\000e\000n\000c\000e}{chapter.7}% 268
\BOOKMARK [2][-]{subsection.7.45.1}{\376\377\0007\000.\0004\0005\000.\0001\000\040\000F\000u\000n\000c\000t\000i\000o\000n\000/\000S\000u\000b\000r\000o\000u\000t\000i\000n\000e\000\040\000D\000o\000c\000u\000m\000e\000n\000t\000a\000t\000i\000o\000n}{section.7.45}% 269
\BOOKMARK [3][-]{subsubsection.7.45.1.1}{\376\377\0007\000.\0004\0005\000.\0001\000.\0001\000\040\000m\000v\000i\000d\000x}{subsection.7.45.1}% 270
\BOOKMARK [1][-]{section.7.46}{\376\377\0007\000.\0004\0006\000\040\000O\000R\000D\000L\000E\000G\000.\000f\000\040\000F\000i\000l\000e\000\040\000R\000e\000f\000e\000r\000e\000n\000c\000e}{chapter.7}% 271
\BOOKMARK [2][-]{subsection.7.46.1}{\376\377\0007\000.\0004\0006\000.\0001\000\040\000D\000e\000t\000a\000i\000l\000e\000d\000\040\000D\000e\000s\000c\000r\000i\000p\000t\000i\000o\000n}{section.7.46}% 272
\BOOKMARK [1][-]{section.7.47}{\376\377\0007\000.\0004\0007\000\040\000p\000h\000e\000n\000o\000l\000g\000y\000.\000f\000\040\000F\000i\000l\000e\000\040\000R\000e\000f\000e\000r\000e\000n\000c\000e}{chapter.7}% 273
\BOOKMARK [2][-]{subsection.7.47.1}{\376\377\0007\000.\0004\0007\000.\0001\000\040\000D\000e\000t\000a\000i\000l\000e\000d\000\040\000D\000e\000s\000c\000r\000i\000p\000t\000i\000o\000n}{section.7.47}% 274
\BOOKMARK [2][-]{subsection.7.47.2}{\376\377\0007\000.\0004\0007\000.\0002\000\040\000F\000u\000n\000c\000t\000i\000o\000n\000/\000S\000u\000b\000r\000o\000u\000t\000i\000n\000e\000\040\000D\000o\000c\000u\000m\000e\000n\000t\000a\000t\000i\000o\000n}{section.7.47}% 275
\BOOKMARK [3][-]{subsubsection.7.47.2.1}{\376\377\0007\000.\0004\0007\000.\0002\000.\0001\000\040\000p\000h\000e\000n\000o\000l\000g\000y}{subsection.7.47.2}% 276
\BOOKMARK [1][-]{section.7.48}{\376\377\0007\000.\0004\0008\000\040\000P\000H\000T\000S\000Y\000N\0003\000.\000f\000\040\000F\000i\000l\000e\000\040\000R\000e\000f\000e\000r\000e\000n\000c\000e}{chapter.7}% 277
\BOOKMARK [2][-]{subsection.7.48.1}{\376\377\0007\000.\0004\0008\000.\0001\000\040\000D\000e\000t\000a\000i\000l\000e\000d\000\040\000D\000e\000s\000c\000r\000i\000p\000t\000i\000o\000n}{section.7.48}% 278
\BOOKMARK [2][-]{subsection.7.48.2}{\376\377\0007\000.\0004\0008\000.\0002\000\040\000F\000u\000n\000c\000t\000i\000o\000n\000/\000S\000u\000b\000r\000o\000u\000t\000i\000n\000e\000\040\000D\000o\000c\000u\000m\000e\000n\000t\000a\000t\000i\000o\000n}{section.7.48}% 279
\BOOKMARK [3][-]{subsubsection.7.48.2.1}{\376\377\0007\000.\0004\0008\000.\0002\000.\0001\000\040\000p\000h\000t\000s\000y\000n\0003}{subsection.7.48.2}% 280
\BOOKMARK [1][-]{section.7.49}{\376\377\0007\000.\0004\0009\000\040\000r\000e\000a\000d\000\137\000f\000r\000o\000m\000\137\000j\000o\000b\000\137\000o\000p\000t\000i\000o\000n\000s\000.\000f\0009\0000\000\040\000F\000i\000l\000e\000\040\000R\000e\000f\000e\000r\000e\000n\000c\000e}{chapter.7}% 281
\BOOKMARK [2][-]{subsection.7.49.1}{\376\377\0007\000.\0004\0009\000.\0001\000\040\000D\000e\000t\000a\000i\000l\000e\000d\000\040\000D\000e\000s\000c\000r\000i\000p\000t\000i\000o\000n}{section.7.49}% 282
\BOOKMARK [2][-]{subsection.7.49.2}{\376\377\0007\000.\0004\0009\000.\0002\000\040\000F\000u\000n\000c\000t\000i\000o\000n\000/\000S\000u\000b\000r\000o\000u\000t\000i\000n\000e\000\040\000D\000o\000c\000u\000m\000e\000n\000t\000a\000t\000i\000o\000n}{section.7.49}% 283
\BOOKMARK [3][-]{subsubsection.7.49.2.1}{\376\377\0007\000.\0004\0009\000.\0002\000.\0001\000\040\000r\000e\000a\000d\000\137\000f\000r\000o\000m\000\137\000j\000o\000b\000\137\000o\000p\000t\000i\000o\000n\000s}{subsection.7.49.2}% 284
\BOOKMARK [1][-]{section.7.50}{\376\377\0007\000.\0005\0000\000\040\000r\000u\000n\000c\000l\000a\000s\000s\0003\0006\000c\000t\000e\000m\000.\000f\000\040\000F\000i\000l\000e\000\040\000R\000e\000f\000e\000r\000e\000n\000c\000e}{chapter.7}% 285
\BOOKMARK [1][-]{section.7.51}{\376\377\0007\000.\0005\0001\000\040\000S\000C\000R\000E\000E\000N\000R\000H\000.\000f\000\040\000F\000i\000l\000e\000\040\000R\000e\000f\000e\000r\000e\000n\000c\000e}{chapter.7}% 286
\BOOKMARK [2][-]{subsection.7.51.1}{\376\377\0007\000.\0005\0001\000.\0001\000\040\000D\000e\000t\000a\000i\000l\000e\000d\000\040\000D\000e\000s\000c\000r\000i\000p\000t\000i\000o\000n}{section.7.51}% 287
\BOOKMARK [1][-]{section.7.52}{\376\377\0007\000.\0005\0002\000\040\000S\000L\000D\000I\000A\000G\000.\000f\000\040\000F\000i\000l\000e\000\040\000R\000e\000f\000e\000r\000e\000n\000c\000e}{chapter.7}% 288
\BOOKMARK [2][-]{subsection.7.52.1}{\376\377\0007\000.\0005\0002\000.\0001\000\040\000D\000e\000t\000a\000i\000l\000e\000d\000\040\000D\000e\000s\000c\000r\000i\000p\000t\000i\000o\000n}{section.7.52}% 289
\BOOKMARK [2][-]{subsection.7.52.2}{\376\377\0007\000.\0005\0002\000.\0002\000\040\000F\000u\000n\000c\000t\000i\000o\000n\000/\000S\000u\000b\000r\000o\000u\000t\000i\000n\000e\000\040\000D\000o\000c\000u\000m\000e\000n\000t\000a\000t\000i\000o\000n}{section.7.52}% 290
\BOOKMARK [3][-]{subsubsection.7.52.2.1}{\376\377\0007\000.\0005\0002\000.\0002\000.\0001\000\040\000s\000l\000d\000i\000a\000g}{subsection.7.52.2}% 291
\BOOKMARK [1][-]{section.7.53}{\376\377\0007\000.\0005\0003\000\040\000S\000N\000I\000N\000F\000L\000.\000f\000\040\000F\000i\000l\000e\000\040\000R\000e\000f\000e\000r\000e\000n\000c\000e}{chapter.7}% 292
\BOOKMARK [2][-]{subsection.7.53.1}{\376\377\0007\000.\0005\0003\000.\0001\000\040\000D\000e\000t\000a\000i\000l\000e\000d\000\040\000D\000e\000s\000c\000r\000i\000p\000t\000i\000o\000n}{section.7.53}% 293
\BOOKMARK [2][-]{subsection.7.53.2}{\376\377\0007\000.\0005\0003\000.\0002\000\040\000F\000u\000n\000c\000t\000i\000o\000n\000/\000S\000u\000b\000r\000o\000u\000t\000i\000n\000e\000\040\000D\000o\000c\000u\000m\000e\000n\000t\000a\000t\000i\000o\000n}{section.7.53}% 294
\BOOKMARK [3][-]{subsubsection.7.53.2.1}{\376\377\0007\000.\0005\0003\000.\0002\000.\0001\000\040\000s\000n\000i\000n\000f\000l}{subsection.7.53.2}% 295
\BOOKMARK [1][-]{section.7.54}{\376\377\0007\000.\0005\0004\000\040\000S\000N\000O\000A\000D\000D\000.\000f\000\040\000F\000i\000l\000e\000\040\000R\000e\000f\000e\000r\000e\000n\000c\000e}{chapter.7}% 296
\BOOKMARK [2][-]{subsection.7.54.1}{\376\377\0007\000.\0005\0004\000.\0001\000\040\000D\000e\000t\000a\000i\000l\000e\000d\000\040\000D\000e\000s\000c\000r\000i\000p\000t\000i\000o\000n}{section.7.54}% 297
\BOOKMARK [2][-]{subsection.7.54.2}{\376\377\0007\000.\0005\0004\000.\0002\000\040\000F\000u\000n\000c\000t\000i\000o\000n\000/\000S\000u\000b\000r\000o\000u\000t\000i\000n\000e\000\040\000D\000o\000c\000u\000m\000e\000n\000t\000a\000t\000i\000o\000n}{section.7.54}% 298
\BOOKMARK [3][-]{subsubsection.7.54.2.1}{\376\377\0007\000.\0005\0004\000.\0002\000.\0001\000\040\000s\000n\000o\000a\000d\000d}{subsection.7.54.2}% 299
\BOOKMARK [1][-]{section.7.55}{\376\377\0007\000.\0005\0005\000\040\000S\000N\000O\000A\000L\000B\000A\000.\000f\000\040\000F\000i\000l\000e\000\040\000R\000e\000f\000e\000r\000e\000n\000c\000e}{chapter.7}% 300
\BOOKMARK [2][-]{subsection.7.55.1}{\376\377\0007\000.\0005\0005\000.\0001\000\040\000D\000e\000t\000a\000i\000l\000e\000d\000\040\000D\000e\000s\000c\000r\000i\000p\000t\000i\000o\000n}{section.7.55}% 301
\BOOKMARK [2][-]{subsection.7.55.2}{\376\377\0007\000.\0005\0005\000.\0002\000\040\000F\000u\000n\000c\000t\000i\000o\000n\000/\000S\000u\000b\000r\000o\000u\000t\000i\000n\000e\000\040\000D\000o\000c\000u\000m\000e\000n\000t\000a\000t\000i\000o\000n}{section.7.55}% 302
\BOOKMARK [3][-]{subsubsection.7.55.2.1}{\376\377\0007\000.\0005\0005\000.\0002\000.\0001\000\040\000s\000n\000o\000a\000l\000b\000a}{subsection.7.55.2}% 303
\BOOKMARK [1][-]{section.7.56}{\376\377\0007\000.\0005\0006\000\040\000S\000N\000O\000A\000L\000B\000W\000.\000f\000\040\000F\000i\000l\000e\000\040\000R\000e\000f\000e\000r\000e\000n\000c\000e}{chapter.7}% 304
\BOOKMARK [2][-]{subsection.7.56.1}{\376\377\0007\000.\0005\0006\000.\0001\000\040\000D\000e\000t\000a\000i\000l\000e\000d\000\040\000D\000e\000s\000c\000r\000i\000p\000t\000i\000o\000n}{section.7.56}% 305
\BOOKMARK [2][-]{subsection.7.56.2}{\376\377\0007\000.\0005\0006\000.\0002\000\040\000F\000u\000n\000c\000t\000i\000o\000n\000/\000S\000u\000b\000r\000o\000u\000t\000i\000n\000e\000\040\000D\000o\000c\000u\000m\000e\000n\000t\000a\000t\000i\000o\000n}{section.7.56}% 306
\BOOKMARK [3][-]{subsubsection.7.56.2.1}{\376\377\0007\000.\0005\0006\000.\0002\000.\0001\000\040\000s\000n\000o\000a\000l\000b\000w}{subsection.7.56.2}% 307
\BOOKMARK [1][-]{section.7.57}{\376\377\0007\000.\0005\0007\000\040\000S\000N\000O\000V\000A\000P\000.\000f\000\040\000F\000i\000l\000e\000\040\000R\000e\000f\000e\000r\000e\000n\000c\000e}{chapter.7}% 308
\BOOKMARK [2][-]{subsection.7.57.1}{\376\377\0007\000.\0005\0007\000.\0001\000\040\000D\000e\000t\000a\000i\000l\000e\000d\000\040\000D\000e\000s\000c\000r\000i\000p\000t\000i\000o\000n}{section.7.57}% 309
\BOOKMARK [2][-]{subsection.7.57.2}{\376\377\0007\000.\0005\0007\000.\0002\000\040\000F\000u\000n\000c\000t\000i\000o\000n\000/\000S\000u\000b\000r\000o\000u\000t\000i\000n\000e\000\040\000D\000o\000c\000u\000m\000e\000n\000t\000a\000t\000i\000o\000n}{section.7.57}% 310
\BOOKMARK [3][-]{subsubsection.7.57.2.1}{\376\377\0007\000.\0005\0007\000.\0002\000.\0001\000\040\000s\000n\000o\000v\000a\000p}{subsection.7.57.2}% 311
\BOOKMARK [1][-]{section.7.58}{\376\377\0007\000.\0005\0008\000\040\000s\000o\000i\000l\000\137\000c\000h\0004\000u\000p\000t\000a\000k\000e\000.\000f\0009\0000\000\040\000F\000i\000l\000e\000\040\000R\000e\000f\000e\000r\000e\000n\000c\000e}{chapter.7}% 312
\BOOKMARK [2][-]{subsection.7.58.1}{\376\377\0007\000.\0005\0008\000.\0001\000\040\000D\000e\000t\000a\000i\000l\000e\000d\000\040\000D\000e\000s\000c\000r\000i\000p\000t\000i\000o\000n}{section.7.58}% 313
\BOOKMARK [2][-]{subsection.7.58.2}{\376\377\0007\000.\0005\0008\000.\0002\000\040\000F\000u\000n\000c\000t\000i\000o\000n\000/\000S\000u\000b\000r\000o\000u\000t\000i\000n\000e\000\040\000D\000o\000c\000u\000m\000e\000n\000t\000a\000t\000i\000o\000n}{section.7.58}% 314
\BOOKMARK [3][-]{subsubsection.7.58.2.1}{\376\377\0007\000.\0005\0008\000.\0002\000.\0001\000\040\000s\000o\000i\000l\000\137\000c\000h\0004\000u\000p\000t\000a\000k\000e}{subsection.7.58.2}% 315
\BOOKMARK [1][-]{section.7.59}{\376\377\0007\000.\0005\0009\000\040\000S\000T\000O\000R\000V\000A\000R\000.\000f\000\040\000F\000i\000l\000e\000\040\000R\000e\000f\000e\000r\000e\000n\000c\000e}{chapter.7}% 316
\BOOKMARK [2][-]{subsection.7.59.1}{\376\377\0007\000.\0005\0009\000.\0001\000\040\000F\000u\000n\000c\000t\000i\000o\000n\000/\000S\000u\000b\000r\000o\000u\000t\000i\000n\000e\000\040\000D\000o\000c\000u\000m\000e\000n\000t\000a\000t\000i\000o\000n}{section.7.59}% 317
\BOOKMARK [3][-]{subsubsection.7.59.1.1}{\376\377\0007\000.\0005\0009\000.\0001\000.\0001\000\040\000s\000t\000o\000r\000v\000a\000r}{subsection.7.59.1}% 318
\BOOKMARK [1][-]{section.7.60}{\376\377\0007\000.\0006\0000\000\040\000S\000U\000B\000C\000A\000N\000.\000f\000\040\000F\000i\000l\000e\000\040\000R\000e\000f\000e\000r\000e\000n\000c\000e}{chapter.7}% 319
\BOOKMARK [2][-]{subsection.7.60.1}{\376\377\0007\000.\0006\0000\000.\0001\000\040\000D\000e\000t\000a\000i\000l\000e\000d\000\040\000D\000e\000s\000c\000r\000i\000p\000t\000i\000o\000n}{section.7.60}% 320
\BOOKMARK [2][-]{subsection.7.60.2}{\376\377\0007\000.\0006\0000\000.\0002\000\040\000F\000u\000n\000c\000t\000i\000o\000n\000/\000S\000u\000b\000r\000o\000u\000t\000i\000n\000e\000\040\000D\000o\000c\000u\000m\000e\000n\000t\000a\000t\000i\000o\000n}{section.7.60}% 321
\BOOKMARK [3][-]{subsubsection.7.60.2.1}{\376\377\0007\000.\0006\0000\000.\0002\000.\0001\000\040\000s\000u\000b\000c\000a\000n}{subsection.7.60.2}% 322
\BOOKMARK [1][-]{section.7.61}{\376\377\0007\000.\0006\0001\000\040\000T\000F\000R\000E\000E\000Z\000.\000f\000\040\000F\000i\000l\000e\000\040\000R\000e\000f\000e\000r\000e\000n\000c\000e}{chapter.7}% 323
\BOOKMARK [2][-]{subsection.7.61.1}{\376\377\0007\000.\0006\0001\000.\0001\000\040\000D\000e\000t\000a\000i\000l\000e\000d\000\040\000D\000e\000s\000c\000r\000i\000p\000t\000i\000o\000n}{section.7.61}% 324
\BOOKMARK [2][-]{subsection.7.61.2}{\376\377\0007\000.\0006\0001\000.\0002\000\040\000F\000u\000n\000c\000t\000i\000o\000n\000/\000S\000u\000b\000r\000o\000u\000t\000i\000n\000e\000\040\000D\000o\000c\000u\000m\000e\000n\000t\000a\000t\000i\000o\000n}{section.7.61}% 325
\BOOKMARK [3][-]{subsubsection.7.61.2.1}{\376\377\0007\000.\0006\0001\000.\0002\000.\0001\000\040\000t\000f\000r\000e\000e\000z}{subsection.7.61.2}% 326
\BOOKMARK [1][-]{section.7.62}{\376\377\0007\000.\0006\0002\000\040\000T\000M\000C\000A\000L\000C\000.\000f\000\040\000F\000i\000l\000e\000\040\000R\000e\000f\000e\000r\000e\000n\000c\000e}{chapter.7}% 327
\BOOKMARK [2][-]{subsection.7.62.1}{\376\377\0007\000.\0006\0002\000.\0001\000\040\000D\000e\000t\000a\000i\000l\000e\000d\000\040\000D\000e\000s\000c\000r\000i\000p\000t\000i\000o\000n}{section.7.62}% 328
\BOOKMARK [2][-]{subsection.7.62.2}{\376\377\0007\000.\0006\0002\000.\0002\000\040\000F\000u\000n\000c\000t\000i\000o\000n\000/\000S\000u\000b\000r\000o\000u\000t\000i\000n\000e\000\040\000D\000o\000c\000u\000m\000e\000n\000t\000a\000t\000i\000o\000n}{section.7.62}% 329
\BOOKMARK [3][-]{subsubsection.7.62.2.1}{\376\377\0007\000.\0006\0002\000.\0002\000.\0001\000\040\000t\000m\000c\000a\000l\000c}{subsection.7.62.2}% 330
\BOOKMARK [1][-]{section.7.63}{\376\377\0007\000.\0006\0003\000\040\000T\000M\000E\000L\000T\000.\000f\000\040\000F\000i\000l\000e\000\040\000R\000e\000f\000e\000r\000e\000n\000c\000e}{chapter.7}% 331
\BOOKMARK [2][-]{subsection.7.63.1}{\376\377\0007\000.\0006\0003\000.\0001\000\040\000D\000e\000t\000a\000i\000l\000e\000d\000\040\000D\000e\000s\000c\000r\000i\000p\000t\000i\000o\000n}{section.7.63}% 332
\BOOKMARK [2][-]{subsection.7.63.2}{\376\377\0007\000.\0006\0003\000.\0002\000\040\000F\000u\000n\000c\000t\000i\000o\000n\000/\000S\000u\000b\000r\000o\000u\000t\000i\000n\000e\000\040\000D\000o\000c\000u\000m\000e\000n\000t\000a\000t\000i\000o\000n}{section.7.63}% 333
\BOOKMARK [3][-]{subsubsection.7.63.2.1}{\376\377\0007\000.\0006\0003\000.\0002\000.\0001\000\040\000t\000m\000e\000l\000t}{subsection.7.63.2}% 334
\BOOKMARK [1][-]{section.7.64}{\376\377\0007\000.\0006\0004\000\040\000T\000N\000P\000O\000S\000T\000.\000f\000\040\000F\000i\000l\000e\000\040\000R\000e\000f\000e\000r\000e\000n\000c\000e}{chapter.7}% 335
\BOOKMARK [2][-]{subsection.7.64.1}{\376\377\0007\000.\0006\0004\000.\0001\000\040\000D\000e\000t\000a\000i\000l\000e\000d\000\040\000D\000e\000s\000c\000r\000i\000p\000t\000i\000o\000n}{section.7.64}% 336
\BOOKMARK [2][-]{subsection.7.64.2}{\376\377\0007\000.\0006\0004\000.\0002\000\040\000F\000u\000n\000c\000t\000i\000o\000n\000/\000S\000u\000b\000r\000o\000u\000t\000i\000n\000e\000\040\000D\000o\000c\000u\000m\000e\000n\000t\000a\000t\000i\000o\000n}{section.7.64}% 337
\BOOKMARK [3][-]{subsubsection.7.64.2.1}{\376\377\0007\000.\0006\0004\000.\0002\000.\0001\000\040\000t\000n\000p\000o\000s\000t}{subsection.7.64.2}% 338
\BOOKMARK [1][-]{section.7.65}{\376\377\0007\000.\0006\0005\000\040\000T\000N\000P\000R\000E\000P\000.\000f\000\040\000F\000i\000l\000e\000\040\000R\000e\000f\000e\000r\000e\000n\000c\000e}{chapter.7}% 339
\BOOKMARK [2][-]{subsection.7.65.1}{\376\377\0007\000.\0006\0005\000.\0001\000\040\000D\000e\000t\000a\000i\000l\000e\000d\000\040\000D\000e\000s\000c\000r\000i\000p\000t\000i\000o\000n}{section.7.65}% 340
\BOOKMARK [2][-]{subsection.7.65.2}{\376\377\0007\000.\0006\0005\000.\0002\000\040\000F\000u\000n\000c\000t\000i\000o\000n\000/\000S\000u\000b\000r\000o\000u\000t\000i\000n\000e\000\040\000D\000o\000c\000u\000m\000e\000n\000t\000a\000t\000i\000o\000n}{section.7.65}% 341
\BOOKMARK [3][-]{subsubsection.7.65.2.1}{\376\377\0007\000.\0006\0005\000.\0002\000.\0001\000\040\000t\000n\000p\000r\000e\000p}{subsection.7.65.2}% 342
\BOOKMARK [1][-]{section.7.66}{\376\377\0007\000.\0006\0006\000\040\000T\000P\000R\000E\000P\000.\000f\000\040\000F\000i\000l\000e\000\040\000R\000e\000f\000e\000r\000e\000n\000c\000e}{chapter.7}% 343
\BOOKMARK [2][-]{subsection.7.66.1}{\376\377\0007\000.\0006\0006\000.\0001\000\040\000D\000e\000t\000a\000i\000l\000e\000d\000\040\000D\000e\000s\000c\000r\000i\000p\000t\000i\000o\000n}{section.7.66}% 344
\BOOKMARK [2][-]{subsection.7.66.2}{\376\377\0007\000.\0006\0006\000.\0002\000\040\000F\000u\000n\000c\000t\000i\000o\000n\000/\000S\000u\000b\000r\000o\000u\000t\000i\000n\000e\000\040\000D\000o\000c\000u\000m\000e\000n\000t\000a\000t\000i\000o\000n}{section.7.66}% 345
\BOOKMARK [3][-]{subsubsection.7.66.2.1}{\376\377\0007\000.\0006\0006\000.\0002\000.\0001\000\040\000t\000p\000r\000e\000p}{subsection.7.66.2}% 346
\BOOKMARK [1][-]{section.7.67}{\376\377\0007\000.\0006\0007\000\040\000T\000R\000I\000G\000L\000.\000f\000\040\000F\000i\000l\000e\000\040\000R\000e\000f\000e\000r\000e\000n\000c\000e}{chapter.7}% 347
\BOOKMARK [2][-]{subsection.7.67.1}{\376\377\0007\000.\0006\0007\000.\0001\000\040\000D\000e\000t\000a\000i\000l\000e\000d\000\040\000D\000e\000s\000c\000r\000i\000p\000t\000i\000o\000n}{section.7.67}% 348
\BOOKMARK [2][-]{subsection.7.67.2}{\376\377\0007\000.\0006\0007\000.\0002\000\040\000F\000u\000n\000c\000t\000i\000o\000n\000/\000S\000u\000b\000r\000o\000u\000t\000i\000n\000e\000\040\000D\000o\000c\000u\000m\000e\000n\000t\000a\000t\000i\000o\000n}{section.7.67}% 349
\BOOKMARK [3][-]{subsubsection.7.67.2.1}{\376\377\0007\000.\0006\0007\000.\0002\000.\0001\000\040\000t\000r\000i\000g\000l}{subsection.7.67.2}% 350
\BOOKMARK [1][-]{section.7.68}{\376\377\0007\000.\0006\0008\000\040\000T\000S\000O\000L\000V\000C\000.\000f\000\040\000F\000i\000l\000e\000\040\000R\000e\000f\000e\000r\000e\000n\000c\000e}{chapter.7}% 351
\BOOKMARK [2][-]{subsection.7.68.1}{\376\377\0007\000.\0006\0008\000.\0001\000\040\000D\000e\000t\000a\000i\000l\000e\000d\000\040\000D\000e\000s\000c\000r\000i\000p\000t\000i\000o\000n}{section.7.68}% 352
\BOOKMARK [2][-]{subsection.7.68.2}{\376\377\0007\000.\0006\0008\000.\0002\000\040\000F\000u\000n\000c\000t\000i\000o\000n\000/\000S\000u\000b\000r\000o\000u\000t\000i\000n\000e\000\040\000D\000o\000c\000u\000m\000e\000n\000t\000a\000t\000i\000o\000n}{section.7.68}% 353
\BOOKMARK [3][-]{subsubsection.7.68.2.1}{\376\377\0007\000.\0006\0008\000.\0002\000.\0001\000\040\000t\000s\000o\000l\000v\000c}{subsection.7.68.2}% 354
\BOOKMARK [1][-]{section.7.69}{\376\377\0007\000.\0006\0009\000\040\000T\000S\000O\000L\000V\000E\000.\000f\000\040\000F\000i\000l\000e\000\040\000R\000e\000f\000e\000r\000e\000n\000c\000e}{chapter.7}% 355
\BOOKMARK [2][-]{subsection.7.69.1}{\376\377\0007\000.\0006\0009\000.\0001\000\040\000D\000e\000t\000a\000i\000l\000e\000d\000\040\000D\000e\000s\000c\000r\000i\000p\000t\000i\000o\000n}{section.7.69}% 356
\BOOKMARK [2][-]{subsection.7.69.2}{\376\377\0007\000.\0006\0009\000.\0002\000\040\000F\000u\000n\000c\000t\000i\000o\000n\000/\000S\000u\000b\000r\000o\000u\000t\000i\000n\000e\000\040\000D\000o\000c\000u\000m\000e\000n\000t\000a\000t\000i\000o\000n}{section.7.69}% 357
\BOOKMARK [3][-]{subsubsection.7.69.2.1}{\376\377\0007\000.\0006\0009\000.\0002\000.\0001\000\040\000t\000s\000o\000l\000v\000e}{subsection.7.69.2}% 358
\BOOKMARK [1][-]{section.7.70}{\376\377\0007\000.\0007\0000\000\040\000T\000S\000P\000O\000S\000T\000.\000f\000\040\000F\000i\000l\000e\000\040\000R\000e\000f\000e\000r\000e\000n\000c\000e}{chapter.7}% 359
\BOOKMARK [2][-]{subsection.7.70.1}{\376\377\0007\000.\0007\0000\000.\0001\000\040\000D\000e\000t\000a\000i\000l\000e\000d\000\040\000D\000e\000s\000c\000r\000i\000p\000t\000i\000o\000n}{section.7.70}% 360
\BOOKMARK [2][-]{subsection.7.70.2}{\376\377\0007\000.\0007\0000\000.\0002\000\040\000F\000u\000n\000c\000t\000i\000o\000n\000/\000S\000u\000b\000r\000o\000u\000t\000i\000n\000e\000\040\000D\000o\000c\000u\000m\000e\000n\000t\000a\000t\000i\000o\000n}{section.7.70}% 361
\BOOKMARK [3][-]{subsubsection.7.70.2.1}{\376\377\0007\000.\0007\0000\000.\0002\000.\0001\000\040\000t\000s\000p\000o\000s\000t}{subsection.7.70.2}% 362
\BOOKMARK [1][-]{section.7.71}{\376\377\0007\000.\0007\0001\000\040\000T\000S\000P\000R\000E\000P\000.\000f\000\040\000F\000i\000l\000e\000\040\000R\000e\000f\000e\000r\000e\000n\000c\000e}{chapter.7}% 363
\BOOKMARK [2][-]{subsection.7.71.1}{\376\377\0007\000.\0007\0001\000.\0001\000\040\000D\000e\000t\000a\000i\000l\000e\000d\000\040\000D\000e\000s\000c\000r\000i\000p\000t\000i\000o\000n}{section.7.71}% 364
\BOOKMARK [2][-]{subsection.7.71.2}{\376\377\0007\000.\0007\0001\000.\0002\000\040\000F\000u\000n\000c\000t\000i\000o\000n\000/\000S\000u\000b\000r\000o\000u\000t\000i\000n\000e\000\040\000D\000o\000c\000u\000m\000e\000n\000t\000a\000t\000i\000o\000n}{section.7.71}% 365
\BOOKMARK [3][-]{subsubsection.7.71.2.1}{\376\377\0007\000.\0007\0001\000.\0002\000.\0001\000\040\000t\000s\000p\000r\000e\000p}{subsection.7.71.2}% 366
\BOOKMARK [1][-]{section.7.72}{\376\377\0007\000.\0007\0002\000\040\000t\000u\000r\000n\000o\000v\000e\000r\000.\000f\000\040\000F\000i\000l\000e\000\040\000R\000e\000f\000e\000r\000e\000n\000c\000e}{chapter.7}% 367
\BOOKMARK [2][-]{subsection.7.72.1}{\376\377\0007\000.\0007\0002\000.\0001\000\040\000D\000e\000t\000a\000i\000l\000e\000d\000\040\000D\000e\000s\000c\000r\000i\000p\000t\000i\000o\000n}{section.7.72}% 368
\BOOKMARK [2][-]{subsection.7.72.2}{\376\377\0007\000.\0007\0002\000.\0002\000\040\000F\000u\000n\000c\000t\000i\000o\000n\000/\000S\000u\000b\000r\000o\000u\000t\000i\000n\000e\000\040\000D\000o\000c\000u\000m\000e\000n\000t\000a\000t\000i\000o\000n}{section.7.72}% 369
\BOOKMARK [3][-]{subsubsection.7.72.2.1}{\376\377\0007\000.\0007\0002\000.\0002\000.\0001\000\040\000t\000u\000r\000n\000o\000v\000e\000r}{subsection.7.72.2}% 370
\BOOKMARK [1][-]{section.7.73}{\376\377\0007\000.\0007\0003\000\040\000T\000W\000C\000A\000L\000C\000.\000f\000\040\000F\000i\000l\000e\000\040\000R\000e\000f\000e\000r\000e\000n\000c\000e}{chapter.7}% 371
\BOOKMARK [2][-]{subsection.7.73.1}{\376\377\0007\000.\0007\0003\000.\0001\000\040\000D\000e\000t\000a\000i\000l\000e\000d\000\040\000D\000e\000s\000c\000r\000i\000p\000t\000i\000o\000n}{section.7.73}% 372
\BOOKMARK [2][-]{subsection.7.73.2}{\376\377\0007\000.\0007\0003\000.\0002\000\040\000F\000u\000n\000c\000t\000i\000o\000n\000/\000S\000u\000b\000r\000o\000u\000t\000i\000n\000e\000\040\000D\000o\000c\000u\000m\000e\000n\000t\000a\000t\000i\000o\000n}{section.7.73}% 373
\BOOKMARK [3][-]{subsubsection.7.73.2.1}{\376\377\0007\000.\0007\0003\000.\0002\000.\0001\000\040\000t\000w\000c\000a\000l\000c}{subsection.7.73.2}% 374
\BOOKMARK [1][-]{section.7.74}{\376\377\0007\000.\0007\0004\000\040\000W\000E\000N\000D\000.\000f\000\040\000F\000i\000l\000e\000\040\000R\000e\000f\000e\000r\000e\000n\000c\000e}{chapter.7}% 375
\BOOKMARK [2][-]{subsection.7.74.1}{\376\377\0007\000.\0007\0004\000.\0001\000\040\000D\000e\000t\000a\000i\000l\000e\000d\000\040\000D\000e\000s\000c\000r\000i\000p\000t\000i\000o\000n}{section.7.74}% 376
\BOOKMARK [2][-]{subsection.7.74.2}{\376\377\0007\000.\0007\0004\000.\0002\000\040\000F\000u\000n\000c\000t\000i\000o\000n\000/\000S\000u\000b\000r\000o\000u\000t\000i\000n\000e\000\040\000D\000o\000c\000u\000m\000e\000n\000t\000a\000t\000i\000o\000n}{section.7.74}% 377
\BOOKMARK [3][-]{subsubsection.7.74.2.1}{\376\377\0007\000.\0007\0004\000.\0002\000.\0001\000\040\000w\000e\000n\000d}{subsection.7.74.2}% 378
\BOOKMARK [1][-]{section.7.75}{\376\377\0007\000.\0007\0005\000\040\000w\000e\000t\000l\000a\000n\000d\000\137\000m\000e\000t\000h\000a\000n\000e\000.\000f\0009\0000\000\040\000F\000i\000l\000e\000\040\000R\000e\000f\000e\000r\000e\000n\000c\000e}{chapter.7}% 379
\BOOKMARK [2][-]{subsection.7.75.1}{\376\377\0007\000.\0007\0005\000.\0001\000\040\000D\000e\000t\000a\000i\000l\000e\000d\000\040\000D\000e\000s\000c\000r\000i\000p\000t\000i\000o\000n}{section.7.75}% 380
\BOOKMARK [2][-]{subsection.7.75.2}{\376\377\0007\000.\0007\0005\000.\0002\000\040\000F\000u\000n\000c\000t\000i\000o\000n\000/\000S\000u\000b\000r\000o\000u\000t\000i\000n\000e\000\040\000D\000o\000c\000u\000m\000e\000n\000t\000a\000t\000i\000o\000n}{section.7.75}% 381
\BOOKMARK [3][-]{subsubsection.7.75.2.1}{\376\377\0007\000.\0007\0005\000.\0002\000.\0001\000\040\000w\000e\000t\000l\000a\000n\000d\000\137\000m\000e\000t\000h\000a\000n\000e}{subsection.7.75.2}% 382
\BOOKMARK [1][-]{section.7.76}{\376\377\0007\000.\0007\0006\000\040\000W\000F\000I\000L\000L\000.\000f\000\040\000F\000i\000l\000e\000\040\000R\000e\000f\000e\000r\000e\000n\000c\000e}{chapter.7}% 383
\BOOKMARK [2][-]{subsection.7.76.1}{\376\377\0007\000.\0007\0006\000.\0001\000\040\000D\000e\000t\000a\000i\000l\000e\000d\000\040\000D\000e\000s\000c\000r\000i\000p\000t\000i\000o\000n}{section.7.76}% 384
\BOOKMARK [2][-]{subsection.7.76.2}{\376\377\0007\000.\0007\0006\000.\0002\000\040\000F\000u\000n\000c\000t\000i\000o\000n\000/\000S\000u\000b\000r\000o\000u\000t\000i\000n\000e\000\040\000D\000o\000c\000u\000m\000e\000n\000t\000a\000t\000i\000o\000n}{section.7.76}% 385
\BOOKMARK [3][-]{subsubsection.7.76.2.1}{\376\377\0007\000.\0007\0006\000.\0002\000.\0001\000\040\000w\000f\000i\000l\000l}{subsection.7.76.2}% 386
\BOOKMARK [1][-]{section.7.77}{\376\377\0007\000.\0007\0007\000\040\000W\000F\000L\000O\000W\000.\000f\000\040\000F\000i\000l\000e\000\040\000R\000e\000f\000e\000r\000e\000n\000c\000e}{chapter.7}% 387
\BOOKMARK [2][-]{subsection.7.77.1}{\376\377\0007\000.\0007\0007\000.\0001\000\040\000D\000e\000t\000a\000i\000l\000e\000d\000\040\000D\000e\000s\000c\000r\000i\000p\000t\000i\000o\000n}{section.7.77}% 388
\BOOKMARK [2][-]{subsection.7.77.2}{\376\377\0007\000.\0007\0007\000.\0002\000\040\000F\000u\000n\000c\000t\000i\000o\000n\000/\000S\000u\000b\000r\000o\000u\000t\000i\000n\000e\000\040\000D\000o\000c\000u\000m\000e\000n\000t\000a\000t\000i\000o\000n}{section.7.77}% 389
\BOOKMARK [3][-]{subsubsection.7.77.2.1}{\376\377\0007\000.\0007\0007\000.\0002\000.\0001\000\040\000w\000f\000l\000o\000w}{subsection.7.77.2}% 390
\BOOKMARK [1][-]{section.7.78}{\376\377\0007\000.\0007\0008\000\040\000W\000P\000R\000E\000P\000.\000f\000\040\000F\000i\000l\000e\000\040\000R\000e\000f\000e\000r\000e\000n\000c\000e}{chapter.7}% 391
\BOOKMARK [2][-]{subsection.7.78.1}{\376\377\0007\000.\0007\0008\000.\0001\000\040\000D\000e\000t\000a\000i\000l\000e\000d\000\040\000D\000e\000s\000c\000r\000i\000p\000t\000i\000o\000n}{section.7.78}% 392
\BOOKMARK [2][-]{subsection.7.78.2}{\376\377\0007\000.\0007\0008\000.\0002\000\040\000F\000u\000n\000c\000t\000i\000o\000n\000/\000S\000u\000b\000r\000o\000u\000t\000i\000n\000e\000\040\000D\000o\000c\000u\000m\000e\000n\000t\000a\000t\000i\000o\000n}{section.7.78}% 393
\BOOKMARK [3][-]{subsubsection.7.78.2.1}{\376\377\0007\000.\0007\0008\000.\0002\000.\0001\000\040\000w\000p\000r\000e\000p}{subsection.7.78.2}% 394
\BOOKMARK [1][-]{section.7.79}{\376\377\0007\000.\0007\0009\000\040\000X\000I\000T\000.\000f\000\040\000F\000i\000l\000e\000\040\000R\000e\000f\000e\000r\000e\000n\000c\000e}{chapter.7}% 395
\BOOKMARK [2][-]{subsection.7.79.1}{\376\377\0007\000.\0007\0009\000.\0001\000\040\000D\000e\000t\000a\000i\000l\000e\000d\000\040\000D\000e\000s\000c\000r\000i\000p\000t\000i\000o\000n}{section.7.79}% 396
\BOOKMARK [2][-]{subsection.7.79.2}{\376\377\0007\000.\0007\0009\000.\0002\000\040\000F\000u\000n\000c\000t\000i\000o\000n\000/\000S\000u\000b\000r\000o\000u\000t\000i\000n\000e\000\040\000D\000o\000c\000u\000m\000e\000n\000t\000a\000t\000i\000o\000n}{section.7.79}% 397
\BOOKMARK [3][-]{subsubsection.7.79.2.1}{\376\377\0007\000.\0007\0009\000.\0002\000.\0001\000\040\000x\000i\000t}{subsection.7.79.2}% 398
\BOOKMARK [0][-]{chapter*.110}{\376\377\000B\000i\000b\000l\000i\000o\000g\000r\000a\000p\000h\000y}{}% 399
\BOOKMARK [0][-]{section*.111}{\376\377\000I\000n\000d\000e\000x}{}% 400
